#
# There is insufficient memory for the Java Runtime Environment to continue.
# Native memory allocation (mmap) failed to map 346030080 bytes for Failed to commit area from 0x00000000cc900000 to 0x00000000e1300000 of length 346030080.
# Possible reasons:
#   The system is out of physical RAM or swap space
#   The process is running with CompressedOops enabled, and the Java Heap may be blocking the growth of the native heap
# Possible solutions:
#   Reduce memory load on the system
#   Increase physical memory or swap space
#   Check if swap backing store is full
#   Decrease Java heap size (-Xmx/-Xms)
#   Decrease number of Java threads
#   Decrease Java thread stack sizes (-Xss)
#   Set larger code cache with -XX:ReservedCodeCacheSize=
#   JVM is running with Unscaled Compressed Oops mode in which the Java heap is
#     placed in the first 4GB address space. The Java Heap base address is the
#     maximum limit for the native heap growth. Please use -XX:HeapBaseMinAddress
#     to set the Java Heap base and to place the Java Heap above 4GB virtual address.
# This output file may be truncated or incomplete.
#
#  Out of Memory Error (./src/hotspot/os/windows/os_windows.cpp:3390), pid=9352, tid=17144
#
# JRE version: OpenJDK Runtime Environment Microsoft-32930 (11.0.15+10) (build 11.0.15+10-LTS)
# Java VM: OpenJDK 64-Bit Server VM Microsoft-32930 (11.0.15+10-LTS, mixed mode, tiered, compressed oops, g1 gc, windows-amd64)
# No core dump will be written. Minidumps are not enabled by default on client versions of Windows
#

---------------  S U M M A R Y ------------

Command Line: -Xmx1G com.android.tools.r8.R8 --debug --min-api 21 --output obj\Debug\120\android\bin\ --lib C:\Program Files (x86)\Android\android-sdk\platforms\android-31\android.jar obj\Debug\120\android\bin\classes.zip C:\Program Files (x86)\Microsoft Visual Studio\2019\Community\Common7\IDE\ReferenceAssemblies\Microsoft\Framework\MonoAndroid\v12.0\mono.android.jar C:\Program Files (x86)\Microsoft Visual Studio\2019\Community\MSBuild\Xamarin\Android\java_runtime_fastdev.jar C:\Users\admin\.nuget\packages\xamarin.androidx.annotation\1.3.0.4\buildTransitive\monoandroid12.0\..\..\jar\androidx.annotation.annotation.jar C:\Users\admin\.nuget\packages\xamarin.androidx.collection\1.2.0.4\buildTransitive\monoandroid12.0\..\..\jar\androidx.collection.collection.jar C:\Users\admin\.nuget\packages\xamarin.androidx.lifecycle.common\2.4.1.2\buildTransitive\monoandroid12.0\..\..\jar\androidx.lifecycle.lifecycle-common.jar C:\Users\admin\.nuget\packages\xamarin.androidx.arch.core.common\2.1.0.15\buildTransitive\monoandroid12.0\..\..\jar\androidx.arch.core.core-common.jar C:\Users\admin\.nuget\packages\xamarin.androidx.concurrent.futures\1.1.0.9\buildTransitive\monoandroid12.0\..\..\jar\androidx.concurrent.concurrent-futures.jar C:\Users\admin\.nuget\packages\xamarin.androidx.resourceinspection.annotation\1.0.1.2\buildTransitive\monoandroid12.0\..\..\jar\androidx.resourceinspection.resourceinspection-annotation.jar C:\Users\admin\.nuget\packages\xamarin.androidx.constraintlayout.core\1.0.0\buildTransitive\monoandroid90\..\..\jar\androidx.constraintlayout.constraintlayout-core.jar obj\Debug\120\androidx\jl\292c62b8-142f-4b15-9ff6-a4bc31e90ee3.jar obj\Debug\120\androidx\jl\df74d93e-2dcf-44f5-8666-846b1909f049.jar obj\Debug\120\androidx\jl\e7b1a5e2-f811-4d1c-912b-0f7f02ec593d.jar obj\Debug\120\lp\1\jl\formsviewgroup.jar obj\Debug\120\lp\100\jl\classes.jar obj\Debug\120\lp\101\jl\classes.jar obj\Debug\120\lp\102\jl\classes.jar obj\Debug\120\lp\103\jl\classes.jar obj\Debug\120\lp\104\jl\classes.jar obj\Debug\120\lp\104\jl\libs\repackaged.jar obj\Debug\120\lp\105\jl\classes.jar obj\Debug\120\lp\106\jl\classes.jar obj\Debug\120\lp\107\jl\classes.jar obj\Debug\120\lp\108\jl\classes.jar obj\Debug\120\lp\109\jl\classes.jar obj\Debug\120\lp\110\jl\classes.jar obj\Debug\120\lp\111\jl\classes.jar obj\Debug\120\lp\112\jl\classes.jar obj\Debug\120\lp\113\jl\classes.jar obj\Debug\120\lp\114\jl\classes.jar obj\Debug\120\lp\115\jl\classes.jar obj\Debug\120\lp\116\jl\classes.jar obj\Debug\120\lp\117\jl\classes.jar obj\Debug\120\lp\118\jl\classes.jar obj\Debug\120\lp\119\jl\classes.jar obj\Debug\120\lp\120\jl\classes.jar obj\Debug\120\lp\121\jl\classes.jar obj\Debug\120\lp\122\jl\classes.jar obj\Debug\120\lp\123\jl\classes.jar obj\Debug\120\lp\124\jl\classes.jar obj\Debug\120\lp\126\jl\classes.jar obj\Debug\120\lp\127\jl\classes.jar obj\Debug\120\lp\128\jl\classes.jar obj\Debug\120\lp\129\jl\classes.jar obj\Debug\120\lp\130\jl\classes.jar obj\Debug\120\lp\76\jl\classes.jar obj\Debug\120\lp\77\jl\classes.jar obj\Debug\120\lp\78\jl\classes.jar obj\Debug\120\lp\79\jl\classes.jar obj\Debug\120\lp\80\jl\classes.jar obj\Debug\120\lp\81\jl\classes.jar obj\Debug\120\lp\82\jl\classes.jar obj\Debug\120\lp\83\jl\classes.jar obj\Debug\120\lp\84\jl\classes.jar obj\Debug\120\lp\85\jl\classes.jar obj\Debug\120\lp\86\jl\classes.jar obj\Debug\120\lp\87\jl\classes.jar obj\Debug\120\lp\88\jl\classes.jar obj\Debug\120\lp\89\jl\classes.jar obj\Debug\120\lp\90\jl\classes.jar obj\Debug\120\lp\91\jl\classes.jar obj\Debug\120\lp\92\jl\classes.jar obj\Debug\120\lp\93\jl\classes.jar obj\Debug\120\lp\94\jl\classes.jar obj\Debug\120\lp\95\jl\classes.jar obj\Debug\120\lp\96\jl\classes.jar obj\Debug\120\lp\97\jl\classes.jar obj\Debug\120\lp\98\jl\classes.jar obj\Debug\120\lp\99\jl\classes.jar --no-tree-shaking --no-minification --pg-conf C:\Users\admin\AppData\Local\Temp\tmp3B4.tmp --pg-conf C:\Program Files (x86)\Android\android-sdk\tools\proguard\proguard-android.txt --pg-conf C:\Users\admin\.nuget\packages\xamarin.androidx.versionedparcelable\1.1.1.14\buildTransitive\monoandroid12.0\..\..\proguard\proguard.txt --pg-conf C:\Users\admin\.nuget\packages\xamarin.androidx.lifecycle.runtime\2.4.1.2\buildTransitive\monoandroid12.0\..\..\proguard\proguard.txt --pg-conf C:\Users\admin\.nuget\packages\xamarin.androidx.annotation.experimental\1.2.0.2\buildTransitive\monoandroid12.0\..\..\proguard\proguard.txt --pg-conf C:\Users\admin\.nuget\packages\xamarin.androidx.core\1.8.0.1\buildTransitive\monoandroid12.0\..\..\proguard\proguard.txt --pg-conf C:\Users\admin\.nuget\packages\xamarin.androidx.savedstate\1.1.0.8\buildTransitive\monoandroid12.0\..\..\proguard\proguard.txt --pg-conf C:\Users\admin\.nuget\packages\xamarin.androidx.recyclerview\1.2.1.7\buildTransitive\monoandroid12.0\..\..\proguard\proguard.txt --pg-conf C:\Users\admin\.nuget\packages\xamarin.androidx.lifecycle.viewmodel\2.4.1.2\buildTransitive\monoandroid12.0\..\..\proguard\proguard.txt --pg-conf C:\Users\admin\.nuget\packages\xamarin.androidx.lifecycle.viewmodelsavedstate\2.4.1.2\buildTransitive\monoandroid12.0\..\..\proguard\proguard.txt --pg-conf C:\Users\admin\.nuget\packages\xamarin.androidx.fragment\1.4.1.2\buildTransitive\monoandroid12.0\..\..\proguard\proguard.txt --pg-conf C:\Users\admin\.nuget\packages\xamarin.androidx.vectordrawable.animated\1.1.0.14\buildTransitive\monoandroid12.0\..\..\proguard\proguard.txt --pg-conf C:\Users\admin\.nuget\packages\xamarin.androidx.transition\1.4.1.1\buildTransitive\monoandroid90\..\..\proguard\proguard.txt --pg-conf C:\Users\admin\.nuget\packages\xamarin.androidx.startup.startupruntime\1.1.1.2\buildTransitive\monoandroid12.0\..\..\proguard\proguard.txt --pg-conf C:\Users\admin\.nuget\packages\xamarin.androidx.lifecycle.process\2.4.1.2\buildTransitive\monoandroid12.0\..\..\proguard\proguard.txt --pg-conf C:\Users\admin\.nuget\packages\xamarin.androidx.coordinatorlayout\1.1.0.8\buildTransitive\monoandroid90\..\..\proguard\proguard.txt --pg-conf C:\Users\admin\.nuget\packages\xamarin.androidx.appcompat\1.4.2.1\buildTransitive\monoandroid12.0\..\..\proguard\proguard.txt --pg-conf C:\Users\admin\.nuget\packages\xamarin.google.android.material\1.4.0.2\buildTransitive\monoandroid90\..\..\proguard\proguard.txt --pg-conf C:\Users\admin\.nuget\packages\xamarin.androidx.preference\1.1.1.9\buildTransitive\monoandroid90\..\..\proguard\proguard.txt --pg-conf C:\Users\admin\.nuget\packages\xamarin.androidx.navigation.ui\2.3.5.1\buildTransitive\monoandroid90\..\..\proguard\proguard.txt --pg-conf C:\Users\admin\.nuget\packages\xamarin.androidx.media\1.6.0.1\buildTransitive\monoandroid12.0\..\..\proguard\proguard.txt --pg-conf C:\Users\admin\.nuget\packages\xamarin.androidx.mediarouter\1.3.0.1\buildTransitive\monoandroid12.0\..\..\proguard\proguard.txt --pg-conf C:\Users\admin\.nuget\packages\xamarin.androidx.biometric\1.1.0\buildTransitive\monoandroid90\..\..\proguard\proguard.txt --pg-conf obj\Debug\120\androidx\proguard\f0a9f603-99a8-418b-a616-c6542e377c9e.cfg

Host: Intel(R) Core(TM) i5-6300U CPU @ 2.40GHz, 4 cores, 7G,  Windows 10 , 64 bit Build 19041 (10.0.19041.1741)
Time: Mon Jul 11 11:30:02 2022 Eastern Daylight Time elapsed time: 18.513943 seconds (0d 0h 0m 18s)

---------------  T H R E A D  ---------------

Current thread (0x000001c9f96d0000):  VMThread "VM Thread" [stack: 0x0000004492900000,0x0000004492a00000] [id=17144]

Stack: [0x0000004492900000,0x0000004492a00000]
[error occurred during error reporting (printing stack bounds), id 0xc0000005, EXCEPTION_ACCESS_VIOLATION (0xc0000005) at pc=0x000001c98000112d]

Native frames: (J=compiled Java code, j=interpreted, Vv=VM code, C=native code)
V  [jvm.dll+0x625aca]
V  [jvm.dll+0x7b2589]
V  [jvm.dll+0x7b3c78]
V  [jvm.dll+0x7b42b5]
V  [jvm.dll+0x7b426b]
V  [jvm.dll+0x624e57]
V  [jvm.dll+0x625568]
C  [ntdll.dll+0xa209f]
C  [ntdll.dll+0x51454]
C  [ntdll.dll+0xa0bce]
C  0x000001c98000112d

VM_Operation (0x00000044923fc5d0): G1CollectForAllocation, mode: safepoint, requested by thread 0x000001c9ec4be000


---------------  P R O C E S S  ---------------

Threads class SMR info:
_java_thread_list=0x000001c9fa536620, length=13, elements={
0x000001c9ec4be000, 0x000001c9f96d1000, 0x000001c9f96dc800, 0x000001c9f96f2000,
0x000001c9f9735800, 0x000001c9f9736000, 0x000001c9fa04b000, 0x000001c9fa04d000,
0x000001c9fa050800, 0x000001c9fa1ce000, 0x000001c9fa999000, 0x000001c9fa99a000,
0x000001c9fa77a800
}

Java Threads: ( => current thread )
  0x000001c9ec4be000 JavaThread "main" [_thread_blocked, id=13536, stack(0x0000004492300000,0x0000004492400000)]
  0x000001c9f96d1000 JavaThread "Reference Handler" daemon [_thread_blocked, id=7088, stack(0x0000004492a00000,0x0000004492b00000)]
  0x000001c9f96dc800 JavaThread "Finalizer" daemon [_thread_blocked, id=11928, stack(0x0000004492b00000,0x0000004492c00000)]
  0x000001c9f96f2000 JavaThread "Signal Dispatcher" daemon [_thread_blocked, id=1272, stack(0x0000004492c00000,0x0000004492d00000)]
  0x000001c9f9735800 JavaThread "Attach Listener" daemon [_thread_blocked, id=4888, stack(0x0000004492d00000,0x0000004492e00000)]
  0x000001c9f9736000 JavaThread "Service Thread" daemon [_thread_blocked, id=16972, stack(0x0000004492e00000,0x0000004492f00000)]
  0x000001c9fa04b000 JavaThread "C2 CompilerThread0" daemon [_thread_blocked, id=12084, stack(0x0000004492f00000,0x0000004493000000)]
  0x000001c9fa04d000 JavaThread "C1 CompilerThread0" daemon [_thread_blocked, id=4088, stack(0x0000004493000000,0x0000004493100000)]
  0x000001c9fa050800 JavaThread "Sweeper thread" daemon [_thread_blocked, id=17364, stack(0x0000004493100000,0x0000004493200000)]
  0x000001c9fa1ce000 JavaThread "Common-Cleaner" daemon [_thread_blocked, id=11092, stack(0x0000004493300000,0x0000004493400000)]
  0x000001c9fa999000 JavaThread "ForkJoinPool-1-worker-3" daemon [_thread_blocked, id=15624, stack(0x0000004493400000,0x0000004493500000)]
  0x000001c9fa99a000 JavaThread "ForkJoinPool-1-worker-1" daemon [_thread_blocked, id=1552, stack(0x0000004493700000,0x0000004493800000)]
  0x000001c9fa77a800 JavaThread "C2 CompilerThread1" daemon [_thread_in_native, id=4340, stack(0x0000004493800000,0x0000004493900000)]

Other Threads:
=>0x000001c9f96d0000 VMThread "VM Thread" [stack: 0x0000004492900000,0x0000004492a00000] [id=17144]
  0x000001c9fa1c5000 WatcherThread [stack: 0x0000004493200000,0x0000004493300000] [id=8884]
  0x000001c9ec4d5800 GCTaskThread "GC Thread#0" [stack: 0x0000004492400000,0x0000004492500000] [id=15944]
  0x000001c9fb07b800 GCTaskThread "GC Thread#1" [stack: 0x0000004493500000,0x0000004493600000] [id=5868]
  0x000001c9fb0b4000 GCTaskThread "GC Thread#2" [stack: 0x0000004493a00000,0x0000004493b00000] [id=17352]
  0x000001c9fab22000 GCTaskThread "GC Thread#3" [stack: 0x0000004493b00000,0x0000004493c00000] [id=2412]
  0x000001c9ec4f1800 ConcurrentGCThread "G1 Main Marker" [stack: 0x0000004492500000,0x0000004492600000] [id=13876]
  0x000001c9ec4f2800 ConcurrentGCThread "G1 Conc#0" [stack: 0x0000004492600000,0x0000004492700000] [id=1364]
  0x000001c9ec56d000 ConcurrentGCThread "G1 Refine#0" [stack: 0x0000004492700000,0x0000004492800000] [id=9328]
  0x000001c9fa77e000 ConcurrentGCThread "G1 Refine#1" [stack: 0x0000004493600000,0x0000004493700000] [id=15044]
  0x000001c9fcffb800 ConcurrentGCThread "G1 Refine#2" [stack: 0x0000004493900000,0x0000004493a00000] [id=656]
  0x000001c9fc782000 ConcurrentGCThread "G1 Refine#3" [stack: 0x0000004493c00000,0x0000004493d00000] [id=7828]
  0x000001c9ec56f000 ConcurrentGCThread "G1 Young RemSet Sampling" [stack: 0x0000004492800000,0x0000004492900000] [id=16804]

Threads with active compile tasks:
C2 CompilerThread1    18546 1937       4       com.android.tools.r8.z.a.a.f::a (3630 bytes)

VM state:at safepoint (normal execution)

VM Mutex/Monitor currently owned by a thread:  ([mutex/lock_event])
[0x000001c9ec4b9cd0] Threads_lock - owner thread: 0x000001c9f96d0000
[0x000001c9ec4ba300] Heap_lock - owner thread: 0x000001c9ec4be000

Heap address: 0x00000000c0000000, size: 1024 MB, Compressed Oops mode: 32-bit
Narrow klass base: 0x0000000000000000, Narrow klass shift: 3
Compressed class space size: 1073741824 Address: 0x0000000100000000

Heap:
 garbage-first heap   total 543744K, used 112934K [0x00000000c0000000, 0x0000000100000000)
  region size 1024K, 6 young (6144K), 6 survivors (6144K)
 Metaspace       used 13599K, capacity 13836K, committed 14080K, reserved 1062912K
  class space    used 1328K, capacity 1413K, committed 1536K, reserved 1048576K
Heap Regions: E=young(eden), S=young(survivor), O=old, HS=humongous(starts), HC=humongous(continues), CS=collection set, F=free, A=archive, TAMS=top-at-mark-start (previous, next)
|   0|0x00000000c0000000, 0x00000000c0100000, 0x00000000c0100000|100%| O|  |TAMS 0x00000000c0100000, 0x00000000c0000000| Updating 
|   1|0x00000000c0100000, 0x00000000c0200000, 0x00000000c0200000|100%| O|  |TAMS 0x00000000c0200000, 0x00000000c0100000| Updating 
|   2|0x00000000c0200000, 0x00000000c0300000, 0x00000000c0300000|100%|HS|  |TAMS 0x00000000c0300000, 0x00000000c0200000| Complete 
|   3|0x00000000c0300000, 0x00000000c0400000, 0x00000000c0400000|100%|HC|  |TAMS 0x00000000c0400000, 0x00000000c0300000| Complete 
|   4|0x00000000c0400000, 0x00000000c0500000, 0x00000000c0500000|100%| O|  |TAMS 0x00000000c0500000, 0x00000000c0400000| Updating 
|   5|0x00000000c0500000, 0x00000000c0600000, 0x00000000c0600000|100%| O|  |TAMS 0x00000000c0600000, 0x00000000c0500000| Updating 
|   6|0x00000000c0600000, 0x00000000c0700000, 0x00000000c0700000|100%| O|  |TAMS 0x00000000c0700000, 0x00000000c0600000| Updating 
|   7|0x00000000c0700000, 0x00000000c0800000, 0x00000000c0800000|100%|HS|  |TAMS 0x00000000c0800000, 0x00000000c0700000| Complete 
|   8|0x00000000c0800000, 0x00000000c0900000, 0x00000000c0900000|100%| O|  |TAMS 0x00000000c0900000, 0x00000000c0800000| Updating 
|   9|0x00000000c0900000, 0x00000000c0a00000, 0x00000000c0a00000|100%| O|  |TAMS 0x00000000c0a00000, 0x00000000c0900000| Updating 
|  10|0x00000000c0a00000, 0x00000000c0b00000, 0x00000000c0b00000|100%| O|  |TAMS 0x00000000c0b00000, 0x00000000c0a00000| Updating 
|  11|0x00000000c0b00000, 0x00000000c0c00000, 0x00000000c0c00000|100%| O|  |TAMS 0x00000000c0c00000, 0x00000000c0b00000| Updating 
|  12|0x00000000c0c00000, 0x00000000c0d00000, 0x00000000c0d00000|100%| O|  |TAMS 0x00000000c0d00000, 0x00000000c0c00000| Updating 
|  13|0x00000000c0d00000, 0x00000000c0e00000, 0x00000000c0e00000|100%| O|  |TAMS 0x00000000c0e00000, 0x00000000c0d00000| Updating 
|  14|0x00000000c0e00000, 0x00000000c0f00000, 0x00000000c0f00000|100%| O|  |TAMS 0x00000000c0f00000, 0x00000000c0e00000| Updating 
|  15|0x00000000c0f00000, 0x00000000c1000000, 0x00000000c1000000|100%| O|  |TAMS 0x00000000c1000000, 0x00000000c0f00000| Updating 
|  16|0x00000000c1000000, 0x00000000c1100000, 0x00000000c1100000|100%| O|  |TAMS 0x00000000c1100000, 0x00000000c1000000| Updating 
|  17|0x00000000c1100000, 0x00000000c1200000, 0x00000000c1200000|100%| O|  |TAMS 0x00000000c1200000, 0x00000000c1100000| Updating 
|  18|0x00000000c1200000, 0x00000000c1300000, 0x00000000c1300000|100%| O|  |TAMS 0x00000000c1300000, 0x00000000c1200000| Updating 
|  19|0x00000000c1300000, 0x00000000c1400000, 0x00000000c1400000|100%| O|  |TAMS 0x00000000c1400000, 0x00000000c1300000| Updating 
|  20|0x00000000c1400000, 0x00000000c1500000, 0x00000000c1500000|100%| O|  |TAMS 0x00000000c1500000, 0x00000000c1400000| Updating 
|  21|0x00000000c1500000, 0x00000000c1600000, 0x00000000c1600000|100%| O|  |TAMS 0x00000000c1600000, 0x00000000c1500000| Updating 
|  22|0x00000000c1600000, 0x00000000c1700000, 0x00000000c1700000|100%| O|  |TAMS 0x00000000c1700000, 0x00000000c1600000| Updating 
|  23|0x00000000c1700000, 0x00000000c1800000, 0x00000000c1800000|100%| O|  |TAMS 0x00000000c1800000, 0x00000000c1700000| Updating 
|  24|0x00000000c1800000, 0x00000000c1900000, 0x00000000c1900000|100%| O|  |TAMS 0x00000000c1900000, 0x00000000c1800000| Updating 
|  25|0x00000000c1900000, 0x00000000c1a00000, 0x00000000c1a00000|100%| O|  |TAMS 0x00000000c1a00000, 0x00000000c1900000| Updating 
|  26|0x00000000c1a00000, 0x00000000c1b00000, 0x00000000c1b00000|100%| O|  |TAMS 0x00000000c1b00000, 0x00000000c1a00000| Updating 
|  27|0x00000000c1b00000, 0x00000000c1c00000, 0x00000000c1c00000|100%| O|  |TAMS 0x00000000c1c00000, 0x00000000c1b00000| Updating 
|  28|0x00000000c1c00000, 0x00000000c1d00000, 0x00000000c1d00000|100%| O|  |TAMS 0x00000000c1d00000, 0x00000000c1c00000| Updating 
|  29|0x00000000c1d00000, 0x00000000c1e00000, 0x00000000c1e00000|100%| O|  |TAMS 0x00000000c1e00000, 0x00000000c1d00000| Updating 
|  30|0x00000000c1e00000, 0x00000000c1f00000, 0x00000000c1f00000|100%| O|  |TAMS 0x00000000c1f00000, 0x00000000c1e00000| Updating 
|  31|0x00000000c1f00000, 0x00000000c2000000, 0x00000000c2000000|100%| O|  |TAMS 0x00000000c2000000, 0x00000000c1f00000| Updating 
|  32|0x00000000c2000000, 0x00000000c2100000, 0x00000000c2100000|100%| O|  |TAMS 0x00000000c2100000, 0x00000000c2000000| Updating 
|  33|0x00000000c2100000, 0x00000000c2200000, 0x00000000c2200000|100%| O|  |TAMS 0x00000000c2200000, 0x00000000c2100000| Updating 
|  34|0x00000000c2200000, 0x00000000c2300000, 0x00000000c2300000|100%| O|  |TAMS 0x00000000c2300000, 0x00000000c2200000| Updating 
|  35|0x00000000c2300000, 0x00000000c2400000, 0x00000000c2400000|100%| O|  |TAMS 0x00000000c2400000, 0x00000000c2300000| Updating 
|  36|0x00000000c2400000, 0x00000000c2500000, 0x00000000c2500000|100%| O|  |TAMS 0x00000000c2500000, 0x00000000c2400000| Updating 
|  37|0x00000000c2500000, 0x00000000c2600000, 0x00000000c2600000|100%| O|  |TAMS 0x00000000c2600000, 0x00000000c2500000| Updating 
|  38|0x00000000c2600000, 0x00000000c2700000, 0x00000000c2700000|100%| O|  |TAMS 0x00000000c2700000, 0x00000000c2600000| Updating 
|  39|0x00000000c2700000, 0x00000000c2800000, 0x00000000c2800000|100%| O|  |TAMS 0x00000000c2800000, 0x00000000c2700000| Updating 
|  40|0x00000000c2800000, 0x00000000c2900000, 0x00000000c2900000|100%| O|  |TAMS 0x00000000c2900000, 0x00000000c2800000| Updating 
|  41|0x00000000c2900000, 0x00000000c2a00000, 0x00000000c2a00000|100%| O|  |TAMS 0x00000000c2a00000, 0x00000000c2900000| Updating 
|  42|0x00000000c2a00000, 0x00000000c2b00000, 0x00000000c2b00000|100%| O|  |TAMS 0x00000000c2b00000, 0x00000000c2a00000| Updating 
|  43|0x00000000c2b00000, 0x00000000c2c00000, 0x00000000c2c00000|100%| O|  |TAMS 0x00000000c2c00000, 0x00000000c2b00000| Updating 
|  44|0x00000000c2c00000, 0x00000000c2d00000, 0x00000000c2d00000|100%| O|  |TAMS 0x00000000c2d00000, 0x00000000c2c00000| Updating 
|  45|0x00000000c2d00000, 0x00000000c2e00000, 0x00000000c2e00000|100%| O|  |TAMS 0x00000000c2e00000, 0x00000000c2d00000| Updating 
|  46|0x00000000c2e00000, 0x00000000c2f00000, 0x00000000c2f00000|100%| O|  |TAMS 0x00000000c2f00000, 0x00000000c2e00000| Updating 
|  47|0x00000000c2f00000, 0x00000000c3000000, 0x00000000c3000000|100%| O|  |TAMS 0x00000000c3000000, 0x00000000c2f00000| Updating 
|  48|0x00000000c3000000, 0x00000000c3100000, 0x00000000c3100000|100%| O|  |TAMS 0x00000000c3100000, 0x00000000c3000000| Updating 
|  49|0x00000000c3100000, 0x00000000c3200000, 0x00000000c3200000|100%| O|  |TAMS 0x00000000c3200000, 0x00000000c3100000| Updating 
|  50|0x00000000c3200000, 0x00000000c3300000, 0x00000000c3300000|100%| O|  |TAMS 0x00000000c3300000, 0x00000000c3200000| Updating 
|  51|0x00000000c3300000, 0x00000000c3400000, 0x00000000c3400000|100%| O|  |TAMS 0x00000000c3400000, 0x00000000c3300000| Updating 
|  52|0x00000000c3400000, 0x00000000c3500000, 0x00000000c3500000|100%| O|  |TAMS 0x00000000c3500000, 0x00000000c3400000| Updating 
|  53|0x00000000c3500000, 0x00000000c3600000, 0x00000000c3600000|100%| O|  |TAMS 0x00000000c3600000, 0x00000000c3500000| Updating 
|  54|0x00000000c3600000, 0x00000000c3700000, 0x00000000c3700000|100%| O|  |TAMS 0x00000000c3700000, 0x00000000c3600000| Updating 
|  55|0x00000000c3700000, 0x00000000c3800000, 0x00000000c3800000|100%| O|  |TAMS 0x00000000c3800000, 0x00000000c3700000| Updating 
|  56|0x00000000c3800000, 0x00000000c3900000, 0x00000000c3900000|100%| O|  |TAMS 0x00000000c3900000, 0x00000000c3800000| Updating 
|  57|0x00000000c3900000, 0x00000000c3a00000, 0x00000000c3a00000|100%| O|  |TAMS 0x00000000c3a00000, 0x00000000c3900000| Updating 
|  58|0x00000000c3a00000, 0x00000000c3b00000, 0x00000000c3b00000|100%| O|  |TAMS 0x00000000c3b00000, 0x00000000c3a00000| Updating 
|  59|0x00000000c3b00000, 0x00000000c3c00000, 0x00000000c3c00000|100%| O|  |TAMS 0x00000000c3c00000, 0x00000000c3b00000| Updating 
|  60|0x00000000c3c00000, 0x00000000c3d00000, 0x00000000c3d00000|100%| O|  |TAMS 0x00000000c3d00000, 0x00000000c3c00000| Updating 
|  61|0x00000000c3d00000, 0x00000000c3e00000, 0x00000000c3e00000|100%| O|  |TAMS 0x00000000c3e00000, 0x00000000c3d00000| Updating 
|  62|0x00000000c3e00000, 0x00000000c3f00000, 0x00000000c3f00000|100%| O|  |TAMS 0x00000000c3f00000, 0x00000000c3e00000| Updating 
|  63|0x00000000c3f00000, 0x00000000c4000000, 0x00000000c4000000|100%| O|  |TAMS 0x00000000c4000000, 0x00000000c3f00000| Updating 
|  64|0x00000000c4000000, 0x00000000c4100000, 0x00000000c4100000|100%| O|  |TAMS 0x00000000c4100000, 0x00000000c4000000| Updating 
|  65|0x00000000c4100000, 0x00000000c4200000, 0x00000000c4200000|100%| O|  |TAMS 0x00000000c4200000, 0x00000000c4100000| Updating 
|  66|0x00000000c4200000, 0x00000000c4300000, 0x00000000c4300000|100%| O|  |TAMS 0x00000000c4300000, 0x00000000c4200000| Updating 
|  67|0x00000000c4300000, 0x00000000c4400000, 0x00000000c4400000|100%| O|  |TAMS 0x00000000c4400000, 0x00000000c4300000| Updating 
|  68|0x00000000c4400000, 0x00000000c4500000, 0x00000000c4500000|100%| O|  |TAMS 0x00000000c4500000, 0x00000000c4400000| Updating 
|  69|0x00000000c4500000, 0x00000000c4600000, 0x00000000c4600000|100%| O|  |TAMS 0x00000000c4600000, 0x00000000c4500000| Updating 
|  70|0x00000000c4600000, 0x00000000c4700000, 0x00000000c4700000|100%|HS|  |TAMS 0x00000000c4700000, 0x00000000c4600000| Complete 
|  71|0x00000000c4700000, 0x00000000c4800000, 0x00000000c4800000|100%|HS|  |TAMS 0x00000000c4800000, 0x00000000c4700000| Complete 
|  72|0x00000000c4800000, 0x00000000c4900000, 0x00000000c4900000|100%| O|  |TAMS 0x00000000c4900000, 0x00000000c4800000| Updating 
|  73|0x00000000c4900000, 0x00000000c4a00000, 0x00000000c4a00000|100%| O|  |TAMS 0x00000000c4a00000, 0x00000000c4900000| Updating 
|  74|0x00000000c4a00000, 0x00000000c4b00000, 0x00000000c4b00000|100%| O|  |TAMS 0x00000000c4b00000, 0x00000000c4a00000| Updating 
|  75|0x00000000c4b00000, 0x00000000c4c00000, 0x00000000c4c00000|100%| O|  |TAMS 0x00000000c4c00000, 0x00000000c4b00000| Updating 
|  76|0x00000000c4c00000, 0x00000000c4d00000, 0x00000000c4d00000|100%| O|  |TAMS 0x00000000c4d00000, 0x00000000c4c00000| Updating 
|  77|0x00000000c4d00000, 0x00000000c4e00000, 0x00000000c4e00000|100%| O|  |TAMS 0x00000000c4e00000, 0x00000000c4d00000| Updating 
|  78|0x00000000c4e00000, 0x00000000c4f00000, 0x00000000c4f00000|100%|HS|  |TAMS 0x00000000c4f00000, 0x00000000c4e00000| Complete 
|  79|0x00000000c4f00000, 0x00000000c5000000, 0x00000000c5000000|100%| O|  |TAMS 0x00000000c5000000, 0x00000000c4f00000| Updating 
|  80|0x00000000c5000000, 0x00000000c5100000, 0x00000000c5100000|100%| O|  |TAMS 0x00000000c5100000, 0x00000000c5000000| Updating 
|  81|0x00000000c5100000, 0x00000000c5200000, 0x00000000c5200000|100%| O|  |TAMS 0x00000000c5200000, 0x00000000c5100000| Updating 
|  82|0x00000000c5200000, 0x00000000c5300000, 0x00000000c5300000|100%| O|  |TAMS 0x00000000c5300000, 0x00000000c5200000| Updating 
|  83|0x00000000c5300000, 0x00000000c5400000, 0x00000000c5400000|100%| O|  |TAMS 0x00000000c5400000, 0x00000000c5300000| Updating 
|  84|0x00000000c5400000, 0x00000000c5500000, 0x00000000c5500000|100%| O|  |TAMS 0x00000000c5500000, 0x00000000c5400000| Updating 
|  85|0x00000000c5500000, 0x00000000c5600000, 0x00000000c5600000|100%|HS|  |TAMS 0x00000000c5600000, 0x00000000c5500000| Complete 
|  86|0x00000000c5600000, 0x00000000c5700000, 0x00000000c5700000|100%| O|  |TAMS 0x00000000c5700000, 0x00000000c5600000| Updating 
|  87|0x00000000c5700000, 0x00000000c5800000, 0x00000000c5800000|100%| O|  |TAMS 0x00000000c5800000, 0x00000000c5700000| Updating 
|  88|0x00000000c5800000, 0x00000000c5900000, 0x00000000c5900000|100%| O|  |TAMS 0x00000000c5900000, 0x00000000c5800000| Updating 
|  89|0x00000000c5900000, 0x00000000c5a00000, 0x00000000c5a00000|100%| O|  |TAMS 0x00000000c5a00000, 0x00000000c5900000| Updating 
|  90|0x00000000c5a00000, 0x00000000c5b00000, 0x00000000c5b00000|100%| O|  |TAMS 0x00000000c5b00000, 0x00000000c5a00000| Updating 
|  91|0x00000000c5b00000, 0x00000000c5c00000, 0x00000000c5c00000|100%| O|  |TAMS 0x00000000c5c00000, 0x00000000c5b00000| Updating 
|  92|0x00000000c5c00000, 0x00000000c5d00000, 0x00000000c5d00000|100%| O|  |TAMS 0x00000000c5d00000, 0x00000000c5c00000| Updating 
|  93|0x00000000c5d00000, 0x00000000c5e00000, 0x00000000c5e00000|100%| O|  |TAMS 0x00000000c5e00000, 0x00000000c5d00000| Updating 
|  94|0x00000000c5e00000, 0x00000000c5f00000, 0x00000000c5f00000|100%| O|  |TAMS 0x00000000c5f00000, 0x00000000c5e00000| Updating 
|  95|0x00000000c5f00000, 0x00000000c6000000, 0x00000000c6000000|100%| O|  |TAMS 0x00000000c6000000, 0x00000000c5f00000| Updating 
|  96|0x00000000c6000000, 0x00000000c6100000, 0x00000000c6100000|100%| O|  |TAMS 0x00000000c6100000, 0x00000000c6000000| Updating 
|  97|0x00000000c6100000, 0x00000000c6200000, 0x00000000c6200000|100%| O|  |TAMS 0x00000000c6200000, 0x00000000c6100000| Updating 
|  98|0x00000000c6200000, 0x00000000c6300000, 0x00000000c6300000|100%| O|  |TAMS 0x00000000c6200000, 0x00000000c6200000| Untracked 
|  99|0x00000000c6300000, 0x00000000c6400000, 0x00000000c6400000|100%| O|  |TAMS 0x00000000c6300000, 0x00000000c6300000| Untracked 
| 100|0x00000000c6400000, 0x00000000c6500000, 0x00000000c6500000|100%| O|  |TAMS 0x00000000c6400000, 0x00000000c6400000| Untracked 
| 101|0x00000000c6500000, 0x00000000c6600000, 0x00000000c6600000|100%| O|  |TAMS 0x00000000c6500000, 0x00000000c6500000| Untracked 
| 102|0x00000000c6600000, 0x00000000c6700000, 0x00000000c6700000|100%| O|  |TAMS 0x00000000c6600000, 0x00000000c6600000| Untracked 
| 103|0x00000000c6700000, 0x00000000c6800000, 0x00000000c6800000|100%| O|  |TAMS 0x00000000c6700000, 0x00000000c6700000| Untracked 
| 104|0x00000000c6800000, 0x00000000c6849a00, 0x00000000c6900000| 28%| O|  |TAMS 0x00000000c6800000, 0x00000000c6800000| Untracked 
| 105|0x00000000c6900000, 0x00000000c6900000, 0x00000000c6a00000|  0%| F|  |TAMS 0x00000000c6900000, 0x00000000c6900000| Untracked 
| 106|0x00000000c6a00000, 0x00000000c6a00000, 0x00000000c6b00000|  0%| F|  |TAMS 0x00000000c6a00000, 0x00000000c6a00000| Untracked 
| 107|0x00000000c6b00000, 0x00000000c6b00000, 0x00000000c6c00000|  0%| F|  |TAMS 0x00000000c6b00000, 0x00000000c6b00000| Untracked 
| 108|0x00000000c6c00000, 0x00000000c6c00000, 0x00000000c6d00000|  0%| F|  |TAMS 0x00000000c6c00000, 0x00000000c6c00000| Untracked 
| 109|0x00000000c6d00000, 0x00000000c6d00000, 0x00000000c6e00000|  0%| F|  |TAMS 0x00000000c6d00000, 0x00000000c6d00000| Untracked 
| 110|0x00000000c6e00000, 0x00000000c6e00000, 0x00000000c6f00000|  0%| F|  |TAMS 0x00000000c6e00000, 0x00000000c6e00000| Untracked 
| 111|0x00000000c6f00000, 0x00000000c6f00000, 0x00000000c7000000|  0%| F|  |TAMS 0x00000000c6f00000, 0x00000000c6f00000| Untracked 
| 112|0x00000000c7000000, 0x00000000c7000000, 0x00000000c7100000|  0%| F|  |TAMS 0x00000000c7000000, 0x00000000c7000000| Untracked 
| 113|0x00000000c7100000, 0x00000000c7100000, 0x00000000c7200000|  0%| F|  |TAMS 0x00000000c7100000, 0x00000000c7100000| Untracked 
| 114|0x00000000c7200000, 0x00000000c7200000, 0x00000000c7300000|  0%| F|  |TAMS 0x00000000c7200000, 0x00000000c7200000| Untracked 
| 115|0x00000000c7300000, 0x00000000c7300000, 0x00000000c7400000|  0%| F|  |TAMS 0x00000000c7300000, 0x00000000c7300000| Untracked 
| 116|0x00000000c7400000, 0x00000000c7400000, 0x00000000c7500000|  0%| F|  |TAMS 0x00000000c7400000, 0x00000000c7400000| Untracked 
| 117|0x00000000c7500000, 0x00000000c7500000, 0x00000000c7600000|  0%| F|  |TAMS 0x00000000c7500000, 0x00000000c7500000| Untracked 
| 118|0x00000000c7600000, 0x00000000c7600000, 0x00000000c7700000|  0%| F|  |TAMS 0x00000000c7600000, 0x00000000c7600000| Untracked 
| 119|0x00000000c7700000, 0x00000000c7700000, 0x00000000c7800000|  0%| F|  |TAMS 0x00000000c7700000, 0x00000000c7700000| Untracked 
| 120|0x00000000c7800000, 0x00000000c7800000, 0x00000000c7900000|  0%| F|  |TAMS 0x00000000c7800000, 0x00000000c7800000| Untracked 
| 121|0x00000000c7900000, 0x00000000c7900000, 0x00000000c7a00000|  0%| F|  |TAMS 0x00000000c7900000, 0x00000000c7900000| Untracked 
| 122|0x00000000c7a00000, 0x00000000c7a00000, 0x00000000c7b00000|  0%| F|  |TAMS 0x00000000c7a00000, 0x00000000c7a00000| Untracked 
| 123|0x00000000c7b00000, 0x00000000c7b00000, 0x00000000c7c00000|  0%| F|  |TAMS 0x00000000c7b00000, 0x00000000c7b00000| Untracked 
| 124|0x00000000c7c00000, 0x00000000c7c00000, 0x00000000c7d00000|  0%| F|  |TAMS 0x00000000c7c00000, 0x00000000c7c00000| Untracked 
| 125|0x00000000c7d00000, 0x00000000c7d00000, 0x00000000c7e00000|  0%| F|  |TAMS 0x00000000c7d00000, 0x00000000c7d00000| Untracked 
| 126|0x00000000c7e00000, 0x00000000c7e00000, 0x00000000c7f00000|  0%| F|  |TAMS 0x00000000c7e00000, 0x00000000c7e00000| Untracked 
| 127|0x00000000c7f00000, 0x00000000c7f00000, 0x00000000c8000000|  0%| F|  |TAMS 0x00000000c7f00000, 0x00000000c7f00000| Untracked 
| 128|0x00000000c8000000, 0x00000000c8000000, 0x00000000c8100000|  0%| F|  |TAMS 0x00000000c8000000, 0x00000000c8000000| Untracked 
| 129|0x00000000c8100000, 0x00000000c8100000, 0x00000000c8200000|  0%| F|  |TAMS 0x00000000c8100000, 0x00000000c8100000| Untracked 
| 130|0x00000000c8200000, 0x00000000c8200000, 0x00000000c8300000|  0%| F|  |TAMS 0x00000000c8200000, 0x00000000c8200000| Untracked 
| 131|0x00000000c8300000, 0x00000000c8300000, 0x00000000c8400000|  0%| F|  |TAMS 0x00000000c8300000, 0x00000000c8300000| Untracked 
| 132|0x00000000c8400000, 0x00000000c8400000, 0x00000000c8500000|  0%| F|  |TAMS 0x00000000c8400000, 0x00000000c8400000| Untracked 
| 133|0x00000000c8500000, 0x00000000c8500000, 0x00000000c8600000|  0%| F|  |TAMS 0x00000000c8500000, 0x00000000c8500000| Untracked 
| 134|0x00000000c8600000, 0x00000000c8600000, 0x00000000c8700000|  0%| F|  |TAMS 0x00000000c8600000, 0x00000000c8600000| Untracked 
| 135|0x00000000c8700000, 0x00000000c8700000, 0x00000000c8800000|  0%| F|  |TAMS 0x00000000c8700000, 0x00000000c8700000| Untracked 
| 136|0x00000000c8800000, 0x00000000c8800000, 0x00000000c8900000|  0%| F|  |TAMS 0x00000000c8800000, 0x00000000c8800000| Untracked 
| 137|0x00000000c8900000, 0x00000000c8900000, 0x00000000c8a00000|  0%| F|  |TAMS 0x00000000c8900000, 0x00000000c8900000| Untracked 
| 138|0x00000000c8a00000, 0x00000000c8a00000, 0x00000000c8b00000|  0%| F|  |TAMS 0x00000000c8a00000, 0x00000000c8a00000| Untracked 
| 139|0x00000000c8b00000, 0x00000000c8b00000, 0x00000000c8c00000|  0%| F|  |TAMS 0x00000000c8b00000, 0x00000000c8b00000| Untracked 
| 140|0x00000000c8c00000, 0x00000000c8c00000, 0x00000000c8d00000|  0%| F|  |TAMS 0x00000000c8c00000, 0x00000000c8c00000| Untracked 
| 141|0x00000000c8d00000, 0x00000000c8d00000, 0x00000000c8e00000|  0%| F|  |TAMS 0x00000000c8d00000, 0x00000000c8d00000| Untracked 
| 142|0x00000000c8e00000, 0x00000000c8e00000, 0x00000000c8f00000|  0%| F|  |TAMS 0x00000000c8e00000, 0x00000000c8e00000| Untracked 
| 143|0x00000000c8f00000, 0x00000000c8f00000, 0x00000000c9000000|  0%| F|  |TAMS 0x00000000c8f00000, 0x00000000c8f00000| Untracked 
| 144|0x00000000c9000000, 0x00000000c9000000, 0x00000000c9100000|  0%| F|  |TAMS 0x00000000c9000000, 0x00000000c9000000| Untracked 
| 145|0x00000000c9100000, 0x00000000c9100000, 0x00000000c9200000|  0%| F|  |TAMS 0x00000000c9100000, 0x00000000c9100000| Untracked 
| 146|0x00000000c9200000, 0x00000000c9200000, 0x00000000c9300000|  0%| F|  |TAMS 0x00000000c9200000, 0x00000000c9200000| Untracked 
| 147|0x00000000c9300000, 0x00000000c9300000, 0x00000000c9400000|  0%| F|  |TAMS 0x00000000c9300000, 0x00000000c9300000| Untracked 
| 148|0x00000000c9400000, 0x00000000c9400000, 0x00000000c9500000|  0%| F|  |TAMS 0x00000000c9400000, 0x00000000c9400000| Untracked 
| 149|0x00000000c9500000, 0x00000000c9500000, 0x00000000c9600000|  0%| F|  |TAMS 0x00000000c9500000, 0x00000000c9500000| Untracked 
| 150|0x00000000c9600000, 0x00000000c9600000, 0x00000000c9700000|  0%| F|  |TAMS 0x00000000c9600000, 0x00000000c9600000| Untracked 
| 151|0x00000000c9700000, 0x00000000c9700000, 0x00000000c9800000|  0%| F|  |TAMS 0x00000000c9700000, 0x00000000c9700000| Untracked 
| 152|0x00000000c9800000, 0x00000000c9900000, 0x00000000c9900000|100%| S|CS|TAMS 0x00000000c9800000, 0x00000000c9800000| Complete 
| 153|0x00000000c9900000, 0x00000000c9a00000, 0x00000000c9a00000|100%| S|CS|TAMS 0x00000000c9900000, 0x00000000c9900000| Complete 
| 154|0x00000000c9a00000, 0x00000000c9b00000, 0x00000000c9b00000|100%| S|CS|TAMS 0x00000000c9a00000, 0x00000000c9a00000| Complete 
| 155|0x00000000c9b00000, 0x00000000c9c00000, 0x00000000c9c00000|100%| S|CS|TAMS 0x00000000c9b00000, 0x00000000c9b00000| Complete 
| 156|0x00000000c9c00000, 0x00000000c9d00000, 0x00000000c9d00000|100%| S|CS|TAMS 0x00000000c9c00000, 0x00000000c9c00000| Complete 
| 157|0x00000000c9d00000, 0x00000000c9e00000, 0x00000000c9e00000|100%| S|CS|TAMS 0x00000000c9d00000, 0x00000000c9d00000| Complete 
| 158|0x00000000c9e00000, 0x00000000c9e00000, 0x00000000c9f00000|  0%| F|  |TAMS 0x00000000c9e00000, 0x00000000c9e00000| Untracked 
| 159|0x00000000c9f00000, 0x00000000c9f00000, 0x00000000ca000000|  0%| F|  |TAMS 0x00000000c9f00000, 0x00000000c9f00000| Untracked 
| 160|0x00000000ca000000, 0x00000000ca000000, 0x00000000ca100000|  0%| F|  |TAMS 0x00000000ca000000, 0x00000000ca000000| Untracked 
| 161|0x00000000ca100000, 0x00000000ca100000, 0x00000000ca200000|  0%| F|  |TAMS 0x00000000ca100000, 0x00000000ca100000| Untracked 
| 162|0x00000000ca200000, 0x00000000ca200000, 0x00000000ca300000|  0%| F|  |TAMS 0x00000000ca200000, 0x00000000ca200000| Untracked 
| 163|0x00000000ca300000, 0x00000000ca300000, 0x00000000ca400000|  0%| F|  |TAMS 0x00000000ca300000, 0x00000000ca300000| Untracked 
| 164|0x00000000ca400000, 0x00000000ca400000, 0x00000000ca500000|  0%| F|  |TAMS 0x00000000ca400000, 0x00000000ca400000| Untracked 
| 165|0x00000000ca500000, 0x00000000ca500000, 0x00000000ca600000|  0%| F|  |TAMS 0x00000000ca500000, 0x00000000ca500000| Untracked 
| 166|0x00000000ca600000, 0x00000000ca600000, 0x00000000ca700000|  0%| F|  |TAMS 0x00000000ca600000, 0x00000000ca600000| Untracked 
| 167|0x00000000ca700000, 0x00000000ca700000, 0x00000000ca800000|  0%| F|  |TAMS 0x00000000ca700000, 0x00000000ca700000| Untracked 
| 168|0x00000000ca800000, 0x00000000ca800000, 0x00000000ca900000|  0%| F|  |TAMS 0x00000000ca800000, 0x00000000ca800000| Untracked 
| 169|0x00000000ca900000, 0x00000000ca900000, 0x00000000caa00000|  0%| F|  |TAMS 0x00000000ca900000, 0x00000000ca900000| Untracked 
| 170|0x00000000caa00000, 0x00000000caa00000, 0x00000000cab00000|  0%| F|  |TAMS 0x00000000caa00000, 0x00000000caa00000| Untracked 
| 171|0x00000000cab00000, 0x00000000cab00000, 0x00000000cac00000|  0%| F|  |TAMS 0x00000000cab00000, 0x00000000cab00000| Untracked 
| 172|0x00000000cac00000, 0x00000000cac00000, 0x00000000cad00000|  0%| F|  |TAMS 0x00000000cac00000, 0x00000000cac00000| Untracked 
| 173|0x00000000cad00000, 0x00000000cad00000, 0x00000000cae00000|  0%| F|  |TAMS 0x00000000cad00000, 0x00000000cad00000| Untracked 
| 174|0x00000000cae00000, 0x00000000cae00000, 0x00000000caf00000|  0%| F|  |TAMS 0x00000000cae00000, 0x00000000cae00000| Untracked 
| 175|0x00000000caf00000, 0x00000000caf00000, 0x00000000cb000000|  0%| F|  |TAMS 0x00000000caf00000, 0x00000000caf00000| Untracked 
| 176|0x00000000cb000000, 0x00000000cb000000, 0x00000000cb100000|  0%| F|  |TAMS 0x00000000cb000000, 0x00000000cb000000| Untracked 
| 177|0x00000000cb100000, 0x00000000cb100000, 0x00000000cb200000|  0%| F|  |TAMS 0x00000000cb100000, 0x00000000cb100000| Untracked 
| 178|0x00000000cb200000, 0x00000000cb200000, 0x00000000cb300000|  0%| F|  |TAMS 0x00000000cb200000, 0x00000000cb200000| Untracked 
| 179|0x00000000cb300000, 0x00000000cb300000, 0x00000000cb400000|  0%| F|  |TAMS 0x00000000cb300000, 0x00000000cb300000| Untracked 
| 180|0x00000000cb400000, 0x00000000cb400000, 0x00000000cb500000|  0%| F|  |TAMS 0x00000000cb400000, 0x00000000cb400000| Untracked 
| 181|0x00000000cb500000, 0x00000000cb500000, 0x00000000cb600000|  0%| F|  |TAMS 0x00000000cb500000, 0x00000000cb500000| Untracked 
| 182|0x00000000cb600000, 0x00000000cb600000, 0x00000000cb700000|  0%| F|  |TAMS 0x00000000cb600000, 0x00000000cb600000| Untracked 
| 183|0x00000000cb700000, 0x00000000cb700000, 0x00000000cb800000|  0%| F|  |TAMS 0x00000000cb700000, 0x00000000cb700000| Untracked 
| 184|0x00000000cb800000, 0x00000000cb800000, 0x00000000cb900000|  0%| F|  |TAMS 0x00000000cb800000, 0x00000000cb800000| Untracked 
| 185|0x00000000cb900000, 0x00000000cb900000, 0x00000000cba00000|  0%| F|  |TAMS 0x00000000cb900000, 0x00000000cb900000| Untracked 
| 186|0x00000000cba00000, 0x00000000cba00000, 0x00000000cbb00000|  0%| F|  |TAMS 0x00000000cba00000, 0x00000000cba00000| Untracked 
| 187|0x00000000cbb00000, 0x00000000cbb00000, 0x00000000cbc00000|  0%| F|  |TAMS 0x00000000cbb00000, 0x00000000cbb00000| Untracked 
| 188|0x00000000cbc00000, 0x00000000cbc00000, 0x00000000cbd00000|  0%| F|  |TAMS 0x00000000cbc00000, 0x00000000cbc00000| Untracked 
| 189|0x00000000cbd00000, 0x00000000cbd00000, 0x00000000cbe00000|  0%| F|  |TAMS 0x00000000cbd00000, 0x00000000cbd00000| Untracked 
| 190|0x00000000cbe00000, 0x00000000cbe00000, 0x00000000cbf00000|  0%| F|  |TAMS 0x00000000cbe00000, 0x00000000cbe00000| Untracked 
| 191|0x00000000cbf00000, 0x00000000cbf00000, 0x00000000cc000000|  0%| F|  |TAMS 0x00000000cbf00000, 0x00000000cbf00000| Untracked 
| 192|0x00000000cc000000, 0x00000000cc000000, 0x00000000cc100000|  0%| F|  |TAMS 0x00000000cc000000, 0x00000000cc000000| Untracked 
| 193|0x00000000cc100000, 0x00000000cc100000, 0x00000000cc200000|  0%| F|  |TAMS 0x00000000cc100000, 0x00000000cc100000| Untracked 
| 194|0x00000000cc200000, 0x00000000cc200000, 0x00000000cc300000|  0%| F|  |TAMS 0x00000000cc200000, 0x00000000cc200000| Untracked 
| 195|0x00000000cc300000, 0x00000000cc300000, 0x00000000cc400000|  0%| F|  |TAMS 0x00000000cc300000, 0x00000000cc300000| Untracked 
| 196|0x00000000cc400000, 0x00000000cc400000, 0x00000000cc500000|  0%| F|  |TAMS 0x00000000cc400000, 0x00000000cc400000| Untracked 
| 197|0x00000000cc500000, 0x00000000cc500000, 0x00000000cc600000|  0%| F|  |TAMS 0x00000000cc500000, 0x00000000cc500000| Untracked 
| 198|0x00000000cc600000, 0x00000000cc600000, 0x00000000cc700000|  0%| F|  |TAMS 0x00000000cc600000, 0x00000000cc600000| Untracked 
| 199|0x00000000cc700000, 0x00000000cc700000, 0x00000000cc800000|  0%| F|  |TAMS 0x00000000cc700000, 0x00000000cc700000| Untracked 
| 200|0x00000000cc800000, 0x00000000cc800000, 0x00000000cc900000|  0%| F|  |TAMS 0x00000000cc800000, 0x00000000cc800000| Untracked 

Card table byte_map: [0x000001c9f4e10000,0x000001c9f5010000] _byte_map_base: 0x000001c9f4810000

Marking Bits (Prev, Next): (CMBitMap*) 0x000001c9ec4ecdb0, (CMBitMap*) 0x000001c9ec4ecd78
 Prev Bits: [0x000001c9f6210000, 0x000001c9f7210000)
 Next Bits: [0x000001c9f5210000, 0x000001c9f6210000)

Polling page: 0x000001c9ea470000

Metaspace:

Usage:
  Non-class:     12.13 MB capacity,    11.98 MB ( 99%) used,   128.87 KB (  1%) free+waste,    23.25 KB ( <1%) overhead. 
      Class:      1.38 MB capacity,     1.30 MB ( 94%) used,    74.52 KB (  5%) free+waste,     9.63 KB ( <1%) overhead. 
       Both:     13.51 MB capacity,    13.28 MB ( 98%) used,   203.38 KB (  1%) free+waste,    32.88 KB ( <1%) overhead. 

Virtual space:
  Non-class space:       14.00 MB reserved,      12.25 MB ( 88%) committed 
      Class space:        1.00 GB reserved,       1.50 MB ( <1%) committed 
             Both:        1.01 GB reserved,      13.75 MB (  1%) committed 

Chunk freelists:
   Non-Class:  57.00 KB
       Class:  27.00 KB
        Both:  84.00 KB

MaxMetaspaceSize: 17179869184.00 GB
CompressedClassSpaceSize: 1.00 GB
Initial GC threshold: 20.80 MB
Current GC threshold: 22.92 MB
CDS: off

CodeHeap 'non-profiled nmethods': size=120064Kb used=1809Kb max_used=1809Kb free=118255Kb
 bounds [0x000001c987ac0000, 0x000001c987d30000, 0x000001c98f000000]
CodeHeap 'profiled nmethods': size=120000Kb used=4349Kb max_used=4349Kb free=115650Kb
 bounds [0x000001c980590000, 0x000001c9809d0000, 0x000001c987ac0000]
CodeHeap 'non-nmethods': size=5696Kb used=1139Kb max_used=1211Kb free=4556Kb
 bounds [0x000001c980000000, 0x000001c980270000, 0x000001c980590000]
 total_blobs=2288 nmethods=1899 adapters=302
 compilation: enabled
              stopped_count=0, restarted_count=0
 full_count=0

Compilation events (20 events):
Event: 18.299 Thread 0x000001c9fa04b000 1939       4       java.util.HashMap::putVal (300 bytes)
Event: 18.349 Thread 0x000001c9fa04b000 nmethod 1939 0x000001c987c7e910 code [0x000001c987c7eb60, 0x000001c987c7fd90]
Event: 18.349 Thread 0x000001c9fa04b000 1942       4       com.android.tools.r8.graph.I0$b::a (62 bytes)
Event: 18.376 Thread 0x000001c9fa04b000 nmethod 1942 0x000001c987c80490 code [0x000001c987c80680, 0x000001c987c80f88]
Event: 18.376 Thread 0x000001c9fa04b000 1927       4       java.util.zip.ZipFile$Source::getEntryPos (206 bytes)
Event: 18.398 Thread 0x000001c9fa04b000 nmethod 1927 0x000001c987c81490 code [0x000001c987c81660, 0x000001c987c81ed8]
Event: 18.398 Thread 0x000001c9fa04b000 1912       4       com.android.tools.r8.graph.Y0::d (41 bytes)
Event: 18.400 Thread 0x000001c9fa04b000 nmethod 1912 0x000001c987c82510 code [0x000001c987c826a0, 0x000001c987c82758]
Event: 18.400 Thread 0x000001c9fa04b000 1913       4       com.android.tools.r8.graph.Z0$$Lambda$94/0x0000000100146440::accept (16 bytes)
Event: 18.407 Thread 0x000001c9fa04b000 nmethod 1913 0x000001c987c82890 code [0x000001c987c82a60, 0x000001c987c82d88]
Event: 18.407 Thread 0x000001c9fa04b000 1926       4       com.android.tools.r8.q.a.a.a.J::test (8 bytes)
Event: 18.408 Thread 0x000001c9fa04b000 nmethod 1926 0x000001c987c83010 code [0x000001c987c831a0, 0x000001c987c83218]
Event: 18.408 Thread 0x000001c9fa04b000 1940       4       com.android.tools.r8.t.a.a.a.h.f0$f::l (60 bytes)
Event: 18.410 Thread 0x000001c9fa04b000 nmethod 1940 0x000001c987c83310 code [0x000001c987c834a0, 0x000001c987c83598]
Event: 18.421 Thread 0x000001c9fa04b000 1944       4       com.android.tools.r8.graph.I0$$Lambda$82/0x0000000100143440::<init> (26 bytes)
Event: 18.437 Thread 0x000001c9fa04b000 nmethod 1944 0x000001c987c83710 code [0x000001c987c838a0, 0x000001c987c83c18]
Event: 18.437 Thread 0x000001c9fa04b000 1945       4       com.android.tools.r8.graph.m::a (93 bytes)
Event: 18.439 Thread 0x000001c9fa04b000 nmethod 1945 0x000001c987c83c90 code [0x000001c987c83e20, 0x000001c987c83f78]
Event: 18.461 Thread 0x000001c9fa04b000 1946   !   4       com.android.tools.r8.utils.j0::a (68 bytes)
Event: 18.462 Thread 0x000001c9fa04b000 nmethod 1946 0x000001c987c84110 code [0x000001c987c842a0, 0x000001c987c84318]

GC Heap History (20 events):
Event: 8.816 GC heap after
{Heap after GC invocations=8 (full 0):
 garbage-first heap   total 126976K, used 48128K [0x00000000c0000000, 0x0000000100000000)
  region size 1024K, 2 young (2048K), 2 survivors (2048K)
 Metaspace       used 13460K, capacity 13701K, committed 13824K, reserved 1060864K
  class space    used 1321K, capacity 1415K, committed 1536K, reserved 1048576K
}
Event: 9.606 GC heap before
{Heap before GC invocations=8 (full 0):
 garbage-first heap   total 126976K, used 73728K [0x00000000c0000000, 0x0000000100000000)
  region size 1024K, 27 young (27648K), 2 survivors (2048K)
 Metaspace       used 13466K, capacity 13701K, committed 13824K, reserved 1060864K
  class space    used 1321K, capacity 1415K, committed 1536K, reserved 1048576K
}
Event: 9.637 GC heap after
{Heap after GC invocations=9 (full 0):
 garbage-first heap   total 126976K, used 54784K [0x00000000c0000000, 0x0000000100000000)
  region size 1024K, 4 young (4096K), 4 survivors (4096K)
 Metaspace       used 13466K, capacity 13701K, committed 13824K, reserved 1060864K
  class space    used 1321K, capacity 1415K, committed 1536K, reserved 1048576K
}
Event: 10.014 GC heap before
{Heap before GC invocations=9 (full 0):
 garbage-first heap   total 126976K, used 65024K [0x00000000c0000000, 0x0000000100000000)
  region size 1024K, 14 young (14336K), 4 survivors (4096K)
 Metaspace       used 13471K, capacity 13701K, committed 13824K, reserved 1060864K
  class space    used 1321K, capacity 1415K, committed 1536K, reserved 1048576K
}
Event: 10.189 GC heap after
{Heap after GC invocations=10 (full 0):
 garbage-first heap   total 205824K, used 58314K [0x00000000c0000000, 0x0000000100000000)
  region size 1024K, 2 young (2048K), 2 survivors (2048K)
 Metaspace       used 13471K, capacity 13701K, committed 13824K, reserved 1060864K
  class space    used 1321K, capacity 1415K, committed 1536K, reserved 1048576K
}
Event: 11.710 GC heap before
{Heap before GC invocations=10 (full 0):
 garbage-first heap   total 205824K, used 74698K [0x00000000c0000000, 0x0000000100000000)
  region size 1024K, 18 young (18432K), 2 survivors (2048K)
 Metaspace       used 13479K, capacity 13703K, committed 13824K, reserved 1060864K
  class space    used 1321K, capacity 1415K, committed 1536K, reserved 1048576K
}
Event: 13.137 GC heap after
{Heap after GC invocations=11 (full 0):
 garbage-first heap   total 205824K, used 62972K [0x00000000c0000000, 0x0000000100000000)
  region size 1024K, 3 young (3072K), 3 survivors (3072K)
 Metaspace       used 13479K, capacity 13703K, committed 13824K, reserved 1060864K
  class space    used 1321K, capacity 1415K, committed 1536K, reserved 1048576K
}
Event: 14.825 GC heap before
{Heap before GC invocations=11 (full 0):
 garbage-first heap   total 205824K, used 84476K [0x00000000c0000000, 0x0000000100000000)
  region size 1024K, 24 young (24576K), 3 survivors (3072K)
 Metaspace       used 13483K, capacity 13704K, committed 14080K, reserved 1062912K
  class space    used 1321K, capacity 1415K, committed 1536K, reserved 1048576K
}
Event: 14.861 GC heap after
{Heap after GC invocations=12 (full 0):
 garbage-first heap   total 205824K, used 68136K [0x00000000c0000000, 0x0000000100000000)
  region size 1024K, 3 young (3072K), 3 survivors (3072K)
 Metaspace       used 13483K, capacity 13704K, committed 14080K, reserved 1062912K
  class space    used 1321K, capacity 1415K, committed 1536K, reserved 1048576K
}
Event: 15.839 GC heap before
{Heap before GC invocations=12 (full 0):
 garbage-first heap   total 205824K, used 89640K [0x00000000c0000000, 0x0000000100000000)
  region size 1024K, 24 young (24576K), 3 survivors (3072K)
 Metaspace       used 13485K, capacity 13704K, committed 14080K, reserved 1062912K
  class space    used 1321K, capacity 1415K, committed 1536K, reserved 1048576K
}
Event: 15.875 GC heap after
{Heap after GC invocations=13 (full 0):
 garbage-first heap   total 205824K, used 73938K [0x00000000c0000000, 0x0000000100000000)
  region size 1024K, 3 young (3072K), 3 survivors (3072K)
 Metaspace       used 13485K, capacity 13704K, committed 14080K, reserved 1062912K
  class space    used 1321K, capacity 1415K, committed 1536K, reserved 1048576K
}
Event: 16.562 GC heap before
{Heap before GC invocations=13 (full 0):
 garbage-first heap   total 205824K, used 103634K [0x00000000c0000000, 0x0000000100000000)
  region size 1024K, 30 young (30720K), 3 survivors (3072K)
 Metaspace       used 13485K, capacity 13704K, committed 14080K, reserved 1062912K
  class space    used 1321K, capacity 1415K, committed 1536K, reserved 1048576K
}
Event: 16.608 GC heap after
{Heap after GC invocations=14 (full 0):
 garbage-first heap   total 205824K, used 83942K [0x00000000c0000000, 0x0000000100000000)
  region size 1024K, 4 young (4096K), 4 survivors (4096K)
 Metaspace       used 13485K, capacity 13704K, committed 14080K, reserved 1062912K
  class space    used 1321K, capacity 1415K, committed 1536K, reserved 1048576K
}
Event: 17.418 GC heap before
{Heap before GC invocations=14 (full 0):
 garbage-first heap   total 205824K, used 114662K [0x00000000c0000000, 0x0000000100000000)
  region size 1024K, 34 young (34816K), 4 survivors (4096K)
 Metaspace       used 13608K, capacity 13858K, committed 14080K, reserved 1062912K
  class space    used 1333K, capacity 1421K, committed 1536K, reserved 1048576K
}
Event: 17.449 GC heap after
{Heap after GC invocations=15 (full 0):
 garbage-first heap   total 205824K, used 91721K [0x00000000c0000000, 0x0000000100000000)
  region size 1024K, 5 young (5120K), 5 survivors (5120K)
 Metaspace       used 13608K, capacity 13858K, committed 14080K, reserved 1062912K
  class space    used 1333K, capacity 1421K, committed 1536K, reserved 1048576K
}
Event: 17.783 GC heap before
{Heap before GC invocations=15 (full 0):
 garbage-first heap   total 205824K, used 131657K [0x00000000c0000000, 0x0000000100000000)
  region size 1024K, 43 young (44032K), 5 survivors (5120K)
 Metaspace       used 13612K, capacity 13858K, committed 14080K, reserved 1062912K
  class space    used 1333K, capacity 1421K, committed 1536K, reserved 1048576K
}
Event: 17.815 GC heap after
{Heap after GC invocations=16 (full 0):
 garbage-first heap   total 205824K, used 99862K [0x00000000c0000000, 0x0000000100000000)
  region size 1024K, 6 young (6144K), 6 survivors (6144K)
 Metaspace       used 13612K, capacity 13858K, committed 14080K, reserved 1062912K
  class space    used 1333K, capacity 1421K, committed 1536K, reserved 1048576K
}
Event: 18.046 GC heap before
{Heap before GC invocations=16 (full 0):
 garbage-first heap   total 205824K, used 138774K [0x00000000c0000000, 0x0000000100000000)
  region size 1024K, 44 young (45056K), 6 survivors (6144K)
 Metaspace       used 13612K, capacity 13858K, committed 14080K, reserved 1062912K
  class space    used 1333K, capacity 1421K, committed 1536K, reserved 1048576K
}
Event: 18.102 GC heap after
{Heap after GC invocations=17 (full 0):
 garbage-first heap   total 205824K, used 106496K [0x00000000c0000000, 0x0000000100000000)
  region size 1024K, 6 young (6144K), 6 survivors (6144K)
 Metaspace       used 13612K, capacity 13858K, committed 14080K, reserved 1062912K
  class space    used 1333K, capacity 1421K, committed 1536K, reserved 1048576K
}
Event: 18.478 GC heap before
{Heap before GC invocations=17 (full 0):
 garbage-first heap   total 205824K, used 145408K [0x00000000c0000000, 0x0000000100000000)
  region size 1024K, 44 young (45056K), 6 survivors (6144K)
 Metaspace       used 13599K, capacity 13836K, committed 14080K, reserved 1062912K
  class space    used 1328K, capacity 1413K, committed 1536K, reserved 1048576K
}

Deoptimization events (20 events):
Event: 17.746 Thread 0x000001c9ec4be000 DEOPT PACKING pc=0x000001c9806f3a44 sp=0x00000044923fe240
Event: 17.746 Thread 0x000001c9ec4be000 DEOPT UNPACKING pc=0x000001c98004a95e sp=0x00000044923fd720 mode 0
Event: 17.838 Thread 0x000001c9ec4be000 DEOPT PACKING pc=0x000001c9806f3a44 sp=0x00000044923fe240
Event: 17.838 Thread 0x000001c9ec4be000 DEOPT UNPACKING pc=0x000001c98004a95e sp=0x00000044923fd720 mode 0
Event: 17.893 Thread 0x000001c9ec4be000 DEOPT PACKING pc=0x000001c9806f3a44 sp=0x00000044923fe240
Event: 17.893 Thread 0x000001c9ec4be000 DEOPT UNPACKING pc=0x000001c98004a95e sp=0x00000044923fd720 mode 0
Event: 17.928 Thread 0x000001c9ec4be000 DEOPT PACKING pc=0x000001c9806f3a44 sp=0x00000044923fe240
Event: 17.928 Thread 0x000001c9ec4be000 DEOPT UNPACKING pc=0x000001c98004a95e sp=0x00000044923fd720 mode 0
Event: 17.962 Thread 0x000001c9ec4be000 DEOPT PACKING pc=0x000001c9806f3a44 sp=0x00000044923fe240
Event: 17.962 Thread 0x000001c9ec4be000 DEOPT UNPACKING pc=0x000001c98004a95e sp=0x00000044923fd720 mode 0
Event: 17.996 Thread 0x000001c9ec4be000 DEOPT PACKING pc=0x000001c9806f3a44 sp=0x00000044923fe240
Event: 17.996 Thread 0x000001c9ec4be000 DEOPT UNPACKING pc=0x000001c98004a95e sp=0x00000044923fd720 mode 0
Event: 18.029 Thread 0x000001c9ec4be000 DEOPT PACKING pc=0x000001c9806f3a44 sp=0x00000044923fe240
Event: 18.029 Thread 0x000001c9ec4be000 DEOPT UNPACKING pc=0x000001c98004a95e sp=0x00000044923fd720 mode 0
Event: 18.162 Thread 0x000001c9ec4be000 DEOPT PACKING pc=0x000001c9806f3a44 sp=0x00000044923fe240
Event: 18.162 Thread 0x000001c9ec4be000 DEOPT UNPACKING pc=0x000001c98004a95e sp=0x00000044923fd720 mode 0
Event: 18.234 Thread 0x000001c9ec4be000 DEOPT PACKING pc=0x000001c9806f3a44 sp=0x00000044923fe240
Event: 18.234 Thread 0x000001c9ec4be000 DEOPT UNPACKING pc=0x000001c98004a95e sp=0x00000044923fd720 mode 0
Event: 18.296 Thread 0x000001c9ec4be000 DEOPT PACKING pc=0x000001c9806f3a44 sp=0x00000044923fe240
Event: 18.296 Thread 0x000001c9ec4be000 DEOPT UNPACKING pc=0x000001c98004a95e sp=0x00000044923fd720 mode 0

Classes redefined (0 events):
No events

Internal exceptions (20 events):
Event: 1.153 Thread 0x000001c9ec4be000 Exception <a 'sun/nio/fs/WindowsException'{0x00000000c7aa5308}> (0x00000000c7aa5308) thrown at [./src/hotspot/share/prims/jni.cpp, line 617]
Event: 1.153 Thread 0x000001c9ec4be000 Exception <a 'sun/nio/fs/WindowsException'{0x00000000c7aa6250}> (0x00000000c7aa6250) thrown at [./src/hotspot/share/prims/jni.cpp, line 617]
Event: 1.153 Thread 0x000001c9ec4be000 Exception <a 'sun/nio/fs/WindowsException'{0x00000000c7aa65a0}> (0x00000000c7aa65a0) thrown at [./src/hotspot/share/prims/jni.cpp, line 617]
Event: 1.154 Thread 0x000001c9ec4be000 Exception <a 'sun/nio/fs/WindowsException'{0x00000000c7aa71b0}> (0x00000000c7aa71b0) thrown at [./src/hotspot/share/prims/jni.cpp, line 617]
Event: 1.154 Thread 0x000001c9ec4be000 Exception <a 'sun/nio/fs/WindowsException'{0x00000000c7aa74e0}> (0x00000000c7aa74e0) thrown at [./src/hotspot/share/prims/jni.cpp, line 617]
Event: 1.929 Thread 0x000001c9ec4be000 Exception <a 'sun/nio/fs/WindowsException'{0x00000000c78210d0}> (0x00000000c78210d0) thrown at [./src/hotspot/share/prims/jni.cpp, line 617]
Event: 2.302 Thread 0x000001c9ec4be000 Exception <a 'java/lang/NoSuchMethodError'{0x00000000c769c850}: 'int java.lang.invoke.DirectMethodHandle$Holder.invokeVirtual(java.lang.Object, java.lang.Object, java.lang.Object)'> (0x00000000c769c850) thrown at [./src/hotspot/share/interpreter/linkResolver.cpp, line 773]
Event: 2.488 Thread 0x000001c9ec4be000 Exception <a 'java/lang/NoSuchMethodError'{0x00000000c76d3b38}: 'void java.lang.invoke.DirectMethodHandle$Holder.invokeStatic(java.lang.Object, java.lang.Object, java.lang.Object, java.lang.Object, java.lang.Object)'> (0x00000000c76d3b38) thrown at [./src/hotspot/share/interpreter/linkResolver.cpp, line 773]
Event: 2.728 Thread 0x000001c9ec4be000 Exception <a 'java/lang/NoSuchMethodError'{0x00000000c73568d0}: 'int java.lang.invoke.DirectMethodHandle$Holder.invokeVirtual(java.lang.Object, java.lang.Object)'> (0x00000000c73568d0) thrown at [./src/hotspot/share/interpreter/linkResolver.cpp, line 773]
Event: 2.994 Thread 0x000001c9ec4be000 Exception <a 'java/lang/IncompatibleClassChangeError'{0x00000000c7204b88}: Found class java.lang.Object, but interface was expected> (0x00000000c7204b88) thrown at [./src/hotspot/share/interpreter/linkResolver.cpp, line 839]
Event: 5.519 Thread 0x000001c9ec4be000 Exception <a 'java/lang/NoSuchMethodError'{0x00000000c7a1c5b8}: 'java.lang.Object java.lang.invoke.DirectMethodHandle$Holder.invokeStatic(java.lang.Object, java.lang.Object, java.lang.Object, java.lang.Object, java.lang.Object, java.lang.Object, java.lang.Object, java.lang.Object, java.lang.Object, java.lang.Object, java.lang.Object, java.lang.Object, java.lang.Object, java.lang.Object, java.lang.Object, java.lang.Object, java.lang.Object, int, java.lang.Object)'> (0x00000000c7a1c5b8) thrown at [./src/hots
Event: 5.520 Thread 0x000001c9ec4be000 Exception <a 'java/lang/NoSuchMethodError'{0x00000000c7a21a40}: 'java.lang.Object java.lang.invoke.DirectMethodHandle$Holder.invokeStaticInit(java.lang.Object, java.lang.Object, java.lang.Object, java.lang.Object, java.lang.Object, java.lang.Object, java.lang.Object, java.lang.Object, java.lang.Object, java.lang.Object, java.lang.Object, java.lang.Object, java.lang.Object, java.lang.Object, java.lang.Object, java.lang.Object, java.lang.Object, int, java.lang.Object)'> (0x00000000c7a21a40) thrown at [./src/
Event: 5.536 Thread 0x000001c9ec4be000 Exception <a 'java/lang/NoSuchMethodError'{0x00000000c7a552b8}: 'void java.lang.invoke.DirectMethodHandle$Holder.invokeSpecial(java.lang.Object, java.lang.Object, java.lang.Object, java.lang.Object)'> (0x00000000c7a552b8) thrown at [./src/hotspot/share/interpreter/linkResolver.cpp, line 773]
Event: 5.631 Thread 0x000001c9fa99a000 Exception <a 'java/lang/NoSuchMethodError'{0x00000000c798f830}: 'java.lang.Object java.lang.invoke.DirectMethodHandle$Holder.invokeVirtual(java.lang.Object, java.lang.Object, java.lang.Object)'> (0x00000000c798f830) thrown at [./src/hotspot/share/interpreter/linkResolver.cpp, line 773]
Event: 5.632 Thread 0x000001c9fa999000 Exception <a 'java/lang/NoSuchMethodError'{0x00000000c79565d0}: 'java.lang.Object java.lang.invoke.DirectMethodHandle$Holder.invokeVirtual(java.lang.Object, java.lang.Object, java.lang.Object)'> (0x00000000c79565d0) thrown at [./src/hotspot/share/interpreter/linkResolver.cpp, line 773]
Event: 5.831 Thread 0x000001c9fa999000 Exception <a 'java/lang/NoSuchMethodError'{0x00000000c78a5078}: 'long java.lang.invoke.DirectMethodHandle$Holder.invokeStatic(java.lang.Object, java.lang.Object)'> (0x00000000c78a5078) thrown at [./src/hotspot/share/interpreter/linkResolver.cpp, line 773]
Event: 5.832 Thread 0x000001c9fa999000 Exception <a 'java/lang/NoSuchMethodError'{0x00000000c78a7e80}: 'long java.lang.invoke.DirectMethodHandle$Holder.invokeStaticInit(java.lang.Object, java.lang.Object)'> (0x00000000c78a7e80) thrown at [./src/hotspot/share/interpreter/linkResolver.cpp, line 773]
Event: 6.408 Thread 0x000001c9fa99a000 Implicit null exception at 0x000001c987b481ec to 0x000001c987b48938
Event: 16.909 Thread 0x000001c9ec4be000 Implicit null exception at 0x000001c987c2c77d to 0x000001c987c33a58
Event: 17.592 Thread 0x000001c9ec4be000 Implicit null exception at 0x000001c987c44075 to 0x000001c987c45fa8

Events (20 events):
Event: 16.905 loading class com/android/tools/r8/utils/J done
Event: 16.906 loading class com/android/tools/r8/utils/I
Event: 16.906 loading class com/android/tools/r8/utils/I done
Event: 16.906 loading class com/android/tools/r8/graph/C
Event: 16.906 loading class com/android/tools/r8/graph/C done
Event: 16.906 loading class com/android/tools/r8/graph/C
Event: 16.906 loading class com/android/tools/r8/graph/C done
Event: 16.906 loading class com/android/tools/r8/utils/I
Event: 16.906 loading class com/android/tools/r8/utils/I done
Event: 16.908 loading class com/android/tools/r8/ProgramResource$ByteResource
Event: 16.908 loading class com/android/tools/r8/ProgramResource$ByteResource done
Event: 17.418 Executing VM operation: G1CollectForAllocation
Event: 17.449 Executing VM operation: G1CollectForAllocation done
Event: 17.783 Executing VM operation: G1CollectForAllocation
Event: 17.815 Executing VM operation: G1CollectForAllocation done
Event: 18.046 Executing VM operation: G1CollectForAllocation
Event: 18.102 Executing VM operation: G1CollectForAllocation done
Event: 18.425 Executing VM operation: CGC_Operation
Event: 18.437 Executing VM operation: CGC_Operation done
Event: 18.478 Executing VM operation: G1CollectForAllocation


Dynamic libraries:
0x00007ff62ade0000 - 0x00007ff62aded000 	C:\Program Files\Microsoft\jdk-11.0.15.10-hotspot\bin\java.exe
0x00007ffad87f0000 - 0x00007ffad89e7000 	C:\WINDOWS\SYSTEM32\ntdll.dll
0x00007ffad7d90000 - 0x00007ffad7e4d000 	C:\WINDOWS\System32\KERNEL32.DLL
0x00007ffad64c0000 - 0x00007ffad678d000 	C:\WINDOWS\System32\KERNELBASE.dll
0x00007ffad6200000 - 0x00007ffad6300000 	C:\WINDOWS\System32\ucrtbase.dll
0x00007ffa8c270000 - 0x00007ffa8c285000 	C:\Program Files\Microsoft\jdk-11.0.15.10-hotspot\bin\VCRUNTIME140.dll
0x00007ffa88f60000 - 0x00007ffa88f77000 	C:\Program Files\Microsoft\jdk-11.0.15.10-hotspot\bin\jli.dll
0x00007ffad7bf0000 - 0x00007ffad7d90000 	C:\WINDOWS\System32\USER32.dll
0x00007ffac3900000 - 0x00007ffac3b9a000 	C:\WINDOWS\WinSxS\amd64_microsoft.windows.common-controls_6595b64144ccf1df_6.0.19041.1110_none_60b5254171f9507e\COMCTL32.dll
0x00007ffad6820000 - 0x00007ffad6842000 	C:\WINDOWS\System32\win32u.dll
0x00007ffad6cb0000 - 0x00007ffad6cda000 	C:\WINDOWS\System32\GDI32.dll
0x00007ffad7380000 - 0x00007ffad741e000 	C:\WINDOWS\System32\msvcrt.dll
0x00007ffad63b0000 - 0x00007ffad64bb000 	C:\WINDOWS\System32\gdi32full.dll
0x00007ffad5f10000 - 0x00007ffad5fad000 	C:\WINDOWS\System32\msvcp_win.dll
0x00007ffad6a30000 - 0x00007ffad6a60000 	C:\WINDOWS\System32\IMM32.DLL
0x00007ffa6cd70000 - 0x00007ffa6ce0b000 	C:\Program Files\Microsoft\jdk-11.0.15.10-hotspot\bin\msvcp140.dll
0x00007ffa62290000 - 0x00007ffa62e19000 	C:\Program Files\Microsoft\jdk-11.0.15.10-hotspot\bin\server\jvm.dll
0x00007ffad7b40000 - 0x00007ffad7bee000 	C:\WINDOWS\System32\ADVAPI32.dll
0x00007ffad6c10000 - 0x00007ffad6cac000 	C:\WINDOWS\System32\sechost.dll
0x00007ffad6850000 - 0x00007ffad6975000 	C:\WINDOWS\System32\RPCRT4.dll
0x00007ffad6d90000 - 0x00007ffad6d98000 	C:\WINDOWS\System32\PSAPI.DLL
0x00007ffac3050000 - 0x00007ffac3059000 	C:\WINDOWS\SYSTEM32\WSOCK32.dll
0x00007ffac5b30000 - 0x00007ffac5b57000 	C:\WINDOWS\SYSTEM32\WINMM.dll
0x00007ffac7c50000 - 0x00007ffac7c5a000 	C:\WINDOWS\SYSTEM32\VERSION.dll
0x00007ffad7420000 - 0x00007ffad748b000 	C:\WINDOWS\System32\WS2_32.dll
0x00007ffad4760000 - 0x00007ffad4772000 	C:\WINDOWS\SYSTEM32\kernel.appcore.dll
0x00007ffaab290000 - 0x00007ffaab2a0000 	C:\Program Files\Microsoft\jdk-11.0.15.10-hotspot\bin\verify.dll
0x00007ffac7d80000 - 0x00007ffac7f64000 	C:\WINDOWS\SYSTEM32\DBGHELP.DLL
0x00007ffac0e70000 - 0x00007ffac0e9c000 	C:\WINDOWS\SYSTEM32\dbgcore.DLL
0x00007ffad6790000 - 0x00007ffad6812000 	C:\WINDOWS\System32\bcryptPrimitives.dll
0x00007ffa7f720000 - 0x00007ffa7f748000 	C:\Program Files\Microsoft\jdk-11.0.15.10-hotspot\bin\java.dll
0x00007ffaaa290000 - 0x00007ffaaa29a000 	C:\Program Files\Microsoft\jdk-11.0.15.10-hotspot\bin\jimage.dll
0x00007ffa88350000 - 0x00007ffa88368000 	C:\Program Files\Microsoft\jdk-11.0.15.10-hotspot\bin\zip.dll
0x00007ffad7e50000 - 0x00007ffad8594000 	C:\WINDOWS\System32\SHELL32.dll
0x00007ffad3ee0000 - 0x00007ffad4674000 	C:\WINDOWS\SYSTEM32\windows.storage.dll
0x00007ffad7020000 - 0x00007ffad7374000 	C:\WINDOWS\System32\combase.dll
0x00007ffad57c0000 - 0x00007ffad57ec000 	C:\WINDOWS\SYSTEM32\Wldp.dll
0x00007ffad6980000 - 0x00007ffad6a2d000 	C:\WINDOWS\System32\SHCORE.dll
0x00007ffad85a0000 - 0x00007ffad85f5000 	C:\WINDOWS\System32\shlwapi.dll
0x00007ffad5e50000 - 0x00007ffad5e6f000 	C:\WINDOWS\SYSTEM32\profapi.dll
0x00007ffa853a0000 - 0x00007ffa853b9000 	C:\Program Files\Microsoft\jdk-11.0.15.10-hotspot\bin\net.dll
0x00007ffacc610000 - 0x00007ffacc71a000 	C:\WINDOWS\SYSTEM32\WINHTTP.dll
0x00007ffad55a0000 - 0x00007ffad560a000 	C:\WINDOWS\system32\mswsock.dll
0x00007ffa836e0000 - 0x00007ffa836f3000 	C:\Program Files\Microsoft\jdk-11.0.15.10-hotspot\bin\nio.dll

dbghelp: loaded successfully - version: 4.0.5 - missing functions: none
symbol engine: initialized successfully - sym options: 0x614 - pdb path: .;C:\Program Files\Microsoft\jdk-11.0.15.10-hotspot\bin;C:\WINDOWS\SYSTEM32;C:\WINDOWS\WinSxS\amd64_microsoft.windows.common-controls_6595b64144ccf1df_6.0.19041.1110_none_60b5254171f9507e;C:\Program Files\Microsoft\jdk-11.0.15.10-hotspot\bin\server

VM Arguments:
jvm_args: -Xmx1G 
java_command: com.android.tools.r8.R8 --debug --min-api 21 --output obj\Debug\120\android\bin\ --lib C:\Program Files (x86)\Android\android-sdk\platforms\android-31\android.jar obj\Debug\120\android\bin\classes.zip C:\Program Files (x86)\Microsoft Visual Studio\2019\Community\Common7\IDE\ReferenceAssemblies\Microsoft\Framework\MonoAndroid\v12.0\mono.android.jar C:\Program Files (x86)\Microsoft Visual Studio\2019\Community\MSBuild\Xamarin\Android\java_runtime_fastdev.jar C:\Users\admin\.nuget\packages\xamarin.androidx.annotation\1.3.0.4\buildTransitive\monoandroid12.0\..\..\jar\androidx.annotation.annotation.jar C:\Users\admin\.nuget\packages\xamarin.androidx.collection\1.2.0.4\buildTransitive\monoandroid12.0\..\..\jar\androidx.collection.collection.jar C:\Users\admin\.nuget\packages\xamarin.androidx.lifecycle.common\2.4.1.2\buildTransitive\monoandroid12.0\..\..\jar\androidx.lifecycle.lifecycle-common.jar C:\Users\admin\.nuget\packages\xamarin.androidx.arch.core.common\2.1.0.15\buildTransitive\monoandroid12.0\..\..\jar\androidx.arch.core.core-common.jar C:\Users\admin\.nuget\packages\xamarin.androidx.concurrent.futures\1.1.0.9\buildTransitive\monoandroid12.0\..\..\jar\androidx.concurrent.concurrent-futures.jar C:\Users\admin\.nuget\packages\xamarin.androidx.resourceinspection.annotation\1.0.1.2\buildTransitive\monoandroid12.0\..\..\jar\androidx.resourceinspection.resourceinspection-annotation.jar C:\Users\admin\.nuget\packages\xamarin.androidx.constraintlayout.core\1.0.0\buildTransitive\monoandroid90\..\..\jar\androidx.constraintlayout.constraintlayout-core.jar obj\Debug\120\androidx\jl\292c62b8-142f-4b15-9ff6-a4bc31e90ee3.jar obj\Debug\120\androidx\jl\df74d93e-2dcf-44f5-8666-846b1909f049.jar obj\Debug\120\androidx\jl\e7b1a5e2-f811-4d1c-912b-0f7f02ec593d.jar obj\Debug\120\lp\1\jl\formsviewgroup.jar obj\Debug\120\lp\100\jl\classes.jar obj\Debug\120\lp\101\jl\classes.jar obj\Debug\120\lp\102\jl\classes.jar obj\Debug\120\lp\103\jl\classes.jar obj\Debug\120\lp\104\jl\c
java_class_path (initial): C:\Program Files (x86)\Microsoft Visual Studio\2019\Community\MSBuild\Xamarin\Android\r8.jar
Launcher Type: SUN_STANDARD

[Global flags]
     intx CICompilerCount                          = 3                                         {product} {ergonomic}
     uint ConcGCThreads                            = 1                                         {product} {ergonomic}
     uint G1ConcRefinementThreads                  = 4                                         {product} {ergonomic}
   size_t G1HeapRegionSize                         = 1048576                                   {product} {ergonomic}
    uintx GCDrainStackTargetSize                   = 64                                        {product} {ergonomic}
   size_t InitialHeapSize                          = 130023424                                 {product} {ergonomic}
   size_t MarkStackSize                            = 4194304                                   {product} {ergonomic}
   size_t MaxHeapSize                              = 1073741824                                {product} {command line}
   size_t MaxNewSize                               = 643825664                                 {product} {ergonomic}
   size_t MinHeapDeltaBytes                        = 1048576                                   {product} {ergonomic}
    uintx NonNMethodCodeHeapSize                   = 5830732                                {pd product} {ergonomic}
    uintx NonProfiledCodeHeapSize                  = 122913754                              {pd product} {ergonomic}
    uintx ProfiledCodeHeapSize                     = 122913754                              {pd product} {ergonomic}
    uintx ReservedCodeCacheSize                    = 251658240                              {pd product} {ergonomic}
     bool SegmentedCodeCache                       = true                                      {product} {ergonomic}
     bool UseCompressedClassPointers               = true                                 {lp64_product} {ergonomic}
     bool UseCompressedOops                        = true                                 {lp64_product} {ergonomic}
     bool UseG1GC                                  = true                                      {product} {ergonomic}
     bool UseLargePagesIndividualAllocation        = false                                  {pd product} {ergonomic}

Logging:
Log output configuration:
 #0: stdout all=warning uptime,level,tags
 #1: stderr all=off uptime,level,tags

Environment Variables:
JAVA_HOME=C:\Program Files\Microsoft\jdk-11.0.15.10-hotspot
PATH=C:\Program Files\Microsoft\jdk-11.0.15.10-hotspot\bin;C:\Program Files\Microsoft\jdk-17.0.3.7-hotspot\bin;C:\Program Files\Eclipse Foundation\jdk-8.0.302.8-hotspot\bin;C:\Program Files\Common Files\Oracle\Java\javapath;C:\Program Files (x86)\NVIDIA Corporation\PhysX\Common;C:\ProgramData\Oracle\Java\javapath;C:\WINDOWS\system32;C:\WINDOWS;C:\WINDOWS\System32\Wbem;C:\WINDOWS\System32\WindowsPowerShell\v1.0\;C:\Program Files (x86)\Skype\Phone\;C:\Program Files\WIDCOMM\Bluetooth Software\;C:\Program Files\WIDCOMM\Bluetooth Software\syswow64;C:\WINDOWS\System32\OpenSSH\;C:\Program Files\Git\cmd;C:\Program Files\Notepad++;C:\Program Files\Microsoft VS Code\bin;C:\Program Files (x86)\nodejs\;C:\Program Files\apache-maven-3.8.5-bin\apache-maven-3.8.5\bin;C:\Program Files\apache-maven-3.8.5-bin\apache-maven-3.8.5\bin;C:\Program Files\Java\jdk-18.0.1\bin;C:\Program Files\dotnet\;C:\Program Files\MySQL\MySQL Shell 8.0\bin\;C:\Users\admin\AppData\Local\Microsoft\WindowsApps;C:\Program Files\Intel\WiFi\bin\;C:\Program Files\Common Files\Intel\WirelessCommon\;C:\Users\admin\AppData\Roaming\npm;C:\Program Files\heroku\bin;C:\ProgramData\admin\GitHubDesktop\bin;C:\Users\admin\AppData\Local\GitHubDesktop\bin;C:\Program Files\apache-maven-3.8.5-bin\apache-maven-3.8.5\bin;;C:\Program Files\JetBrains\IntelliJ IDEA 2022.1\bin;;C:\Users\admin\.dotnet\tools
USERNAME=admin
OS=Windows_NT
PROCESSOR_IDENTIFIER=Intel64 Family 6 Model 78 Stepping 3, GenuineIntel



---------------  S Y S T E M  ---------------

OS: Windows 10 , 64 bit Build 19041 (10.0.19041.1741)
OS uptime: 2 days 17:40 hours
Hyper-V role detected

CPU:total 4 (initial active 4) (2 cores per cpu, 2 threads per core) family 6 model 78 stepping 3 microcode 0xec, cmov, cx8, fxsr, mmx, sse, sse2, sse3, ssse3, sse4.1, sse4.2, popcnt, avx, avx2, aes, clmul, erms, rtm, 3dnowpref, lzcnt, ht, tsc, tscinvbit, bmi1, bmi2, adx, fma

Memory: 4k page, system-wide physical 7862M (656M free)
TotalPageFile size 11862M (AvailPageFile size 57M)
current process WorkingSet (physical memory assigned to process): 262M, peak: 265M
current process commit charge ("private bytes"): 328M, peak: 658M

vm_info: OpenJDK 64-Bit Server VM (11.0.15+10-LTS) for windows-amd64 JRE (11.0.15+10-LTS), built on Apr 20 2022 04:12:07 by "" with unknown MS VC++:1916

END.
