#
# There is insufficient memory for the Java Runtime Environment to continue.
# Native memory allocation (malloc) failed to allocate 1459136 bytes for Chunk::new
# Possible reasons:
#   The system is out of physical RAM or swap space
#   The process is running with CompressedOops enabled, and the Java Heap may be blocking the growth of the native heap
# Possible solutions:
#   Reduce memory load on the system
#   Increase physical memory or swap space
#   Check if swap backing store is full
#   Decrease Java heap size (-Xmx/-Xms)
#   Decrease number of Java threads
#   Decrease Java thread stack sizes (-Xss)
#   Set larger code cache with -XX:ReservedCodeCacheSize=
#   JVM is running with Unscaled Compressed Oops mode in which the Java heap is
#     placed in the first 4GB address space. The Java Heap base address is the
#     maximum limit for the native heap growth. Please use -XX:HeapBaseMinAddress
#     to set the Java Heap base and to place the Java Heap above 4GB virtual address.
# This output file may be truncated or incomplete.
#
#  Out of Memory Error (./src/hotspot/share/memory/arena.cpp:197), pid=7704, tid=15604
#
# JRE version: OpenJDK Runtime Environment Microsoft-32930 (11.0.15+10) (build 11.0.15+10-LTS)
# Java VM: OpenJDK 64-Bit Server VM Microsoft-32930 (11.0.15+10-LTS, mixed mode, tiered, compressed oops, g1 gc, windows-amd64)
# No core dump will be written. Minidumps are not enabled by default on client versions of Windows
#

---------------  S U M M A R Y ------------

Command Line: -Dapplication.home=C:\Program Files\Microsoft\jdk-11.0.15.10-hotspot --add-modules=ALL-DEFAULT -Xms8m -Dfile.encoding=UTF8 -Djdk.module.main=jdk.compiler jdk.compiler/com.sun.tools.javac.Main @C:\Users\admin\AppData\Local\Temp\tmp9C92.tmp -target 1.8 -source 1.8

Host: Intel(R) Core(TM) i5-6300U CPU @ 2.40GHz, 4 cores, 7G,  Windows 10 , 64 bit Build 19041 (10.0.19041.1741)
Time: Mon Jul 11 11:24:01 2022 Eastern Daylight Time elapsed time: 11.971975 seconds (0d 0h 0m 11s)

---------------  T H R E A D  ---------------

Current thread (0x000001c5f9926800):  JavaThread "C2 CompilerThread0" daemon [_thread_in_native, id=15604, stack(0x00000039de600000,0x00000039de700000)]


Current CompileTask:
C2:  11972 4023       4       com.sun.tools.javac.comp.TransTypes::addBridgeIfNeeded (251 bytes)

Stack: [0x00000039de600000,0x00000039de700000]
Native frames: (J=compiled Java code, j=interpreted, Vv=VM code, C=native code)
V  [jvm.dll+0x625aca]
V  [jvm.dll+0x7b2589]
V  [jvm.dll+0x7b3c78]
V  [jvm.dll+0x7b4353]
V  [jvm.dll+0x24fb98]
V  [jvm.dll+0xc262c]
V  [jvm.dll+0xc2bec]
V  [jvm.dll+0x2c1a14]
V  [jvm.dll+0x52e0d9]
V  [jvm.dll+0x2111ad]
V  [jvm.dll+0x20ae14]
V  [jvm.dll+0x207eab]
V  [jvm.dll+0x18a3d1]
V  [jvm.dll+0x217914]
V  [jvm.dll+0x215b5b]
V  [jvm.dll+0x775090]
V  [jvm.dll+0x76dff4]
V  [jvm.dll+0x624926]
C  [ucrtbase.dll+0x21bb2]
C  [KERNEL32.DLL+0x17034]
C  [ntdll.dll+0x52651]


---------------  P R O C E S S  ---------------

Threads class SMR info:
_java_thread_list=0x000001c5fa2102e0, length=11, elements={
0x000001c5dac1c000, 0x000001c5f990f800, 0x000001c5f9919000, 0x000001c5f997c000,
0x000001c5f997d800, 0x000001c5f997f800, 0x000001c5f9926800, 0x000001c5f992a000,
0x000001c5f999d800, 0x000001c5f9bea000, 0x000001c5fa496800
}

Java Threads: ( => current thread )
  0x000001c5dac1c000 JavaThread "main" [_thread_in_Java, id=11108, stack(0x00000039dda00000,0x00000039ddb00000)]
  0x000001c5f990f800 JavaThread "Reference Handler" daemon [_thread_blocked, id=5664, stack(0x00000039de100000,0x00000039de200000)]
  0x000001c5f9919000 JavaThread "Finalizer" daemon [_thread_blocked, id=10880, stack(0x00000039de200000,0x00000039de300000)]
  0x000001c5f997c000 JavaThread "Signal Dispatcher" daemon [_thread_blocked, id=2868, stack(0x00000039de300000,0x00000039de400000)]
  0x000001c5f997d800 JavaThread "Attach Listener" daemon [_thread_blocked, id=12220, stack(0x00000039de400000,0x00000039de500000)]
  0x000001c5f997f800 JavaThread "Service Thread" daemon [_thread_blocked, id=12940, stack(0x00000039de500000,0x00000039de600000)]
=>0x000001c5f9926800 JavaThread "C2 CompilerThread0" daemon [_thread_in_native, id=15604, stack(0x00000039de600000,0x00000039de700000)]
  0x000001c5f992a000 JavaThread "C1 CompilerThread0" daemon [_thread_in_vm, id=10704, stack(0x00000039de700000,0x00000039de800000)]
  0x000001c5f999d800 JavaThread "Sweeper thread" daemon [_thread_blocked, id=13656, stack(0x00000039de800000,0x00000039de900000)]
  0x000001c5f9bea000 JavaThread "Common-Cleaner" daemon [_thread_blocked, id=13116, stack(0x00000039de900000,0x00000039dea00000)]
  0x000001c5fa496800 JavaThread "C2 CompilerThread1" daemon [_thread_in_native, id=3764, stack(0x00000039dec00000,0x00000039ded00000)]

Other Threads:
  0x000001c5f98eb800 VMThread "VM Thread" [stack: 0x00000039de000000,0x00000039de100000] [id=13800]
  0x000001c5f9d02000 WatcherThread [stack: 0x00000039dea00000,0x00000039deb00000] [id=14236]
  0x000001c5dac35800 GCTaskThread "GC Thread#0" [stack: 0x00000039ddb00000,0x00000039ddc00000] [id=7112]
  0x000001c5f9e94800 GCTaskThread "GC Thread#1" [stack: 0x00000039deb00000,0x00000039dec00000] [id=13776]
  0x000001c5fcd4c800 GCTaskThread "GC Thread#2" [stack: 0x00000039def00000,0x00000039df000000] [id=7032]
  0x000001c5dac66000 ConcurrentGCThread "G1 Main Marker" [stack: 0x00000039ddc00000,0x00000039ddd00000] [id=9180]
  0x000001c5dac68000 ConcurrentGCThread "G1 Conc#0" [stack: 0x00000039ddd00000,0x00000039dde00000] [id=12128]
  0x000001c5dac82000 ConcurrentGCThread "G1 Refine#0" [stack: 0x00000039dde00000,0x00000039ddf00000] [id=10748]
  0x000001c5faced000 ConcurrentGCThread "G1 Refine#1" [stack: 0x00000039ded00000,0x00000039dee00000] [id=17924]
  0x000001c5fc5e6000 ConcurrentGCThread "G1 Refine#2" [stack: 0x00000039dee00000,0x00000039def00000] [id=14648]
  0x000001c5fb791800 ConcurrentGCThread "G1 Refine#3" [stack: 0x00000039df000000,0x00000039df100000] [id=13604]
  0x000001c5dac84000 ConcurrentGCThread "G1 Young RemSet Sampling" [stack: 0x00000039ddf00000,0x00000039de000000] [id=3040]

Threads with active compile tasks:
C2 CompilerThread0    12030 4023       4       com.sun.tools.javac.comp.TransTypes::addBridgeIfNeeded (251 bytes)
C2 CompilerThread1    12030 4047   !   4       com.sun.tools.javac.code.Types$MembersClosureCache::visitClassType (216 bytes)

VM state:not at safepoint (normal execution)

VM Mutex/Monitor currently owned by a thread: None

Heap address: 0x0000000085200000, size: 1966 MB, Compressed Oops mode: 32-bit
Narrow klass base: 0x0000000000000000, Narrow klass shift: 3
Compressed class space size: 1073741824 Address: 0x0000000100000000

Heap:
 garbage-first heap   total 271360K, used 80478K [0x0000000085200000, 0x0000000100000000)
  region size 1024K, 11 young (11264K), 2 survivors (2048K)
 Metaspace       used 18111K, capacity 18421K, committed 18432K, reserved 1067008K
  class space    used 1669K, capacity 1789K, committed 1792K, reserved 1048576K
Heap Regions: E=young(eden), S=young(survivor), O=old, HS=humongous(starts), HC=humongous(continues), CS=collection set, F=free, A=archive, TAMS=top-at-mark-start (previous, next)
|   0|0x0000000085200000, 0x0000000085300000, 0x0000000085300000|100%| O|  |TAMS 0x0000000085300000, 0x0000000085200000| Untracked 
|   1|0x0000000085300000, 0x0000000085400000, 0x0000000085400000|100%| O|  |TAMS 0x0000000085400000, 0x0000000085300000| Complete 
|   2|0x0000000085400000, 0x0000000085500000, 0x0000000085500000|100%| O|  |TAMS 0x0000000085500000, 0x0000000085400000| Complete 
|   3|0x0000000085500000, 0x0000000085600000, 0x0000000085600000|100%| O|  |TAMS 0x0000000085600000, 0x0000000085500000| Untracked 
|   4|0x0000000085600000, 0x0000000085700000, 0x0000000085700000|100%| O|  |TAMS 0x0000000085700000, 0x0000000085600000| Complete 
|   5|0x0000000085700000, 0x0000000085800000, 0x0000000085800000|100%| O|  |TAMS 0x0000000085800000, 0x0000000085700000| Complete 
|   6|0x0000000085800000, 0x0000000085900000, 0x0000000085900000|100%| O|  |TAMS 0x0000000085900000, 0x0000000085800000| Complete 
|   7|0x0000000085900000, 0x0000000085a00000, 0x0000000085a00000|100%| O|  |TAMS 0x0000000085a00000, 0x0000000085900000| Complete 
|   8|0x0000000085a00000, 0x0000000085b00000, 0x0000000085b00000|100%| O|  |TAMS 0x0000000085b00000, 0x0000000085a00000| Complete 
|   9|0x0000000085b00000, 0x0000000085c00000, 0x0000000085c00000|100%|HS|  |TAMS 0x0000000085c00000, 0x0000000085b00000| Complete 
|  10|0x0000000085c00000, 0x0000000085d00000, 0x0000000085d00000|100%|HC|  |TAMS 0x0000000085d00000, 0x0000000085c00000| Complete 
|  11|0x0000000085d00000, 0x0000000085e00000, 0x0000000085e00000|100%|HC|  |TAMS 0x0000000085e00000, 0x0000000085d00000| Complete 
|  12|0x0000000085e00000, 0x0000000085f00000, 0x0000000085f00000|100%|HS|  |TAMS 0x0000000085f00000, 0x0000000085e00000| Complete 
|  13|0x0000000085f00000, 0x0000000086000000, 0x0000000086000000|100%|HC|  |TAMS 0x0000000086000000, 0x0000000085f00000| Complete 
|  14|0x0000000086000000, 0x0000000086100000, 0x0000000086100000|100%|HC|  |TAMS 0x0000000086100000, 0x0000000086000000| Complete 
|  15|0x0000000086100000, 0x0000000086200000, 0x0000000086200000|100%|HC|  |TAMS 0x0000000086200000, 0x0000000086100000| Complete 
|  16|0x0000000086200000, 0x0000000086300000, 0x0000000086300000|100%|HC|  |TAMS 0x0000000086300000, 0x0000000086200000| Complete 
|  17|0x0000000086300000, 0x0000000086400000, 0x0000000086400000|100%| O|  |TAMS 0x0000000086400000, 0x0000000086300000| Untracked 
|  18|0x0000000086400000, 0x0000000086500000, 0x0000000086500000|100%|HS|  |TAMS 0x0000000086500000, 0x0000000086400000| Complete 
|  19|0x0000000086500000, 0x0000000086600000, 0x0000000086600000|100%|HS|  |TAMS 0x0000000086600000, 0x0000000086500000| Complete 
|  20|0x0000000086600000, 0x0000000086700000, 0x0000000086700000|100%|HC|  |TAMS 0x0000000086700000, 0x0000000086600000| Complete 
|  21|0x0000000086700000, 0x0000000086800000, 0x0000000086800000|100%| O|  |TAMS 0x0000000086800000, 0x0000000086700000| Untracked 
|  22|0x0000000086800000, 0x0000000086900000, 0x0000000086900000|100%| O|  |TAMS 0x0000000086900000, 0x0000000086800000| Complete 
|  23|0x0000000086900000, 0x0000000086a00000, 0x0000000086a00000|100%| O|  |TAMS 0x0000000086a00000, 0x0000000086900000| Untracked 
|  24|0x0000000086a00000, 0x0000000086b00000, 0x0000000086b00000|100%| O|  |TAMS 0x0000000086b00000, 0x0000000086a00000| Untracked 
|  25|0x0000000086b00000, 0x0000000086c00000, 0x0000000086c00000|100%| O|  |TAMS 0x0000000086c00000, 0x0000000086b00000| Untracked 
|  26|0x0000000086c00000, 0x0000000086d00000, 0x0000000086d00000|100%| O|  |TAMS 0x0000000086d00000, 0x0000000086c00000| Untracked 
|  27|0x0000000086d00000, 0x0000000086e00000, 0x0000000086e00000|100%| O|  |TAMS 0x0000000086e00000, 0x0000000086d00000| Untracked 
|  28|0x0000000086e00000, 0x0000000086f00000, 0x0000000086f00000|100%| O|  |TAMS 0x0000000086f00000, 0x0000000086e00000| Untracked 
|  29|0x0000000086f00000, 0x0000000087000000, 0x0000000087000000|100%| O|  |TAMS 0x0000000087000000, 0x0000000086f00000| Untracked 
|  30|0x0000000087000000, 0x0000000087100000, 0x0000000087100000|100%| O|  |TAMS 0x0000000087100000, 0x0000000087000000| Untracked 
|  31|0x0000000087100000, 0x0000000087200000, 0x0000000087200000|100%| O|  |TAMS 0x0000000087200000, 0x0000000087100000| Untracked 
|  32|0x0000000087200000, 0x0000000087300000, 0x0000000087300000|100%| O|  |TAMS 0x0000000087300000, 0x0000000087200000| Complete 
|  33|0x0000000087300000, 0x0000000087400000, 0x0000000087400000|100%| O|  |TAMS 0x0000000087400000, 0x0000000087300000| Complete 
|  34|0x0000000087400000, 0x0000000087500000, 0x0000000087500000|100%| O|  |TAMS 0x0000000087500000, 0x0000000087400000| Complete 
|  35|0x0000000087500000, 0x0000000087600000, 0x0000000087600000|100%| O|  |TAMS 0x0000000087600000, 0x0000000087500000| Complete 
|  36|0x0000000087600000, 0x0000000087700000, 0x0000000087700000|100%| O|  |TAMS 0x0000000087700000, 0x0000000087600000| Untracked 
|  37|0x0000000087700000, 0x0000000087800000, 0x0000000087800000|100%| O|  |TAMS 0x0000000087800000, 0x0000000087700000| Complete 
|  38|0x0000000087800000, 0x0000000087900000, 0x0000000087900000|100%| O|  |TAMS 0x0000000087900000, 0x0000000087800000| Complete 
|  39|0x0000000087900000, 0x0000000087a00000, 0x0000000087a00000|100%| O|  |TAMS 0x0000000087a00000, 0x0000000087900000| Untracked 
|  40|0x0000000087a00000, 0x0000000087b00000, 0x0000000087b00000|100%| O|  |TAMS 0x0000000087b00000, 0x0000000087a00000| Untracked 
|  41|0x0000000087b00000, 0x0000000087c00000, 0x0000000087c00000|100%| O|  |TAMS 0x0000000087c00000, 0x0000000087b00000| Complete 
|  42|0x0000000087c00000, 0x0000000087d00000, 0x0000000087d00000|100%| O|  |TAMS 0x0000000087d00000, 0x0000000087c00000| Complete 
|  43|0x0000000087d00000, 0x0000000087e00000, 0x0000000087e00000|100%| O|  |TAMS 0x0000000087e00000, 0x0000000087d00000| Complete 
|  44|0x0000000087e00000, 0x0000000087f00000, 0x0000000087f00000|100%| O|  |TAMS 0x0000000087f00000, 0x0000000087e00000| Complete 
|  45|0x0000000087f00000, 0x0000000088000000, 0x0000000088000000|100%| O|  |TAMS 0x0000000088000000, 0x0000000087f00000| Complete 
|  46|0x0000000088000000, 0x0000000088100000, 0x0000000088100000|100%| O|  |TAMS 0x0000000088100000, 0x0000000088000000| Complete 
|  47|0x0000000088100000, 0x0000000088200000, 0x0000000088200000|100%|HS|  |TAMS 0x0000000088200000, 0x0000000088100000| Complete 
|  48|0x0000000088200000, 0x0000000088300000, 0x0000000088300000|100%|HC|  |TAMS 0x0000000088300000, 0x0000000088200000| Complete 
|  49|0x0000000088300000, 0x0000000088400000, 0x0000000088400000|100%| O|  |TAMS 0x0000000088400000, 0x0000000088300000| Untracked 
|  50|0x0000000088400000, 0x0000000088500000, 0x0000000088500000|100%| O|  |TAMS 0x0000000088500000, 0x0000000088400000| Untracked 
|  51|0x0000000088500000, 0x0000000088600000, 0x0000000088600000|100%| O|  |TAMS 0x0000000088600000, 0x0000000088500000| Untracked 
|  52|0x0000000088600000, 0x0000000088700000, 0x0000000088700000|100%| O|  |TAMS 0x0000000088700000, 0x0000000088600000| Untracked 
|  53|0x0000000088700000, 0x0000000088800000, 0x0000000088800000|100%| O|  |TAMS 0x0000000088800000, 0x0000000088700000| Untracked 
|  54|0x0000000088800000, 0x0000000088900000, 0x0000000088900000|100%| O|  |TAMS 0x0000000088900000, 0x0000000088800000| Untracked 
|  55|0x0000000088900000, 0x0000000088a00000, 0x0000000088a00000|100%| O|  |TAMS 0x0000000088a00000, 0x0000000088900000| Complete 
|  56|0x0000000088a00000, 0x0000000088b00000, 0x0000000088b00000|100%| O|  |TAMS 0x0000000088b00000, 0x0000000088a00000| Complete 
|  57|0x0000000088b00000, 0x0000000088c00000, 0x0000000088c00000|100%| O|  |TAMS 0x0000000088c00000, 0x0000000088b00000| Complete 
|  58|0x0000000088c00000, 0x0000000088d00000, 0x0000000088d00000|100%| O|  |TAMS 0x0000000088d00000, 0x0000000088c00000| Untracked 
|  59|0x0000000088d00000, 0x0000000088e00000, 0x0000000088e00000|100%| O|  |TAMS 0x0000000088e00000, 0x0000000088d00000| Complete 
|  60|0x0000000088e00000, 0x0000000088f00000, 0x0000000088f00000|100%| O|  |TAMS 0x0000000088f00000, 0x0000000088e00000| Untracked 
|  61|0x0000000088f00000, 0x0000000089000000, 0x0000000089000000|100%| O|  |TAMS 0x0000000089000000, 0x0000000088f00000| Complete 
|  62|0x0000000089000000, 0x0000000089100000, 0x0000000089100000|100%| O|  |TAMS 0x0000000089100000, 0x0000000089000000| Untracked 
|  63|0x0000000089100000, 0x0000000089200000, 0x0000000089200000|100%| O|  |TAMS 0x0000000089200000, 0x0000000089100000| Untracked 
|  64|0x0000000089200000, 0x0000000089300000, 0x0000000089300000|100%| O|  |TAMS 0x0000000089300000, 0x0000000089200000| Complete 
|  65|0x0000000089300000, 0x0000000089400000, 0x0000000089400000|100%| O|  |TAMS 0x0000000089400000, 0x0000000089300000| Complete 
|  66|0x0000000089400000, 0x0000000089500000, 0x0000000089500000|100%| O|  |TAMS 0x000000008945b208, 0x0000000089400000| Untracked 
|  67|0x0000000089500000, 0x0000000089600000, 0x0000000089600000|100%| O|  |TAMS 0x0000000089500000, 0x0000000089500000| Untracked 
|  68|0x0000000089600000, 0x00000000896d9c00, 0x0000000089700000| 85%| O|  |TAMS 0x0000000089600000, 0x0000000089600000| Untracked 
|  69|0x0000000089700000, 0x0000000089700000, 0x0000000089800000|  0%| F|  |TAMS 0x0000000089700000, 0x0000000089700000| Untracked 
|  70|0x0000000089800000, 0x0000000089800000, 0x0000000089900000|  0%| F|  |TAMS 0x0000000089800000, 0x0000000089800000| Untracked 
|  71|0x0000000089900000, 0x0000000089900000, 0x0000000089a00000|  0%| F|  |TAMS 0x0000000089900000, 0x0000000089900000| Untracked 
|  72|0x0000000089a00000, 0x0000000089a00000, 0x0000000089b00000|  0%| F|  |TAMS 0x0000000089a00000, 0x0000000089a00000| Untracked 
|  73|0x0000000089b00000, 0x0000000089b00000, 0x0000000089c00000|  0%| F|  |TAMS 0x0000000089b00000, 0x0000000089b00000| Untracked 
|  74|0x0000000089c00000, 0x0000000089c00000, 0x0000000089d00000|  0%| F|  |TAMS 0x0000000089c00000, 0x0000000089c00000| Untracked 
|  75|0x0000000089d00000, 0x0000000089d00000, 0x0000000089e00000|  0%| F|  |TAMS 0x0000000089d00000, 0x0000000089d00000| Untracked 
|  76|0x0000000089e00000, 0x0000000089e00000, 0x0000000089f00000|  0%| F|  |TAMS 0x0000000089e00000, 0x0000000089e00000| Untracked 
|  77|0x0000000089f00000, 0x0000000089f00000, 0x000000008a000000|  0%| F|  |TAMS 0x0000000089f00000, 0x0000000089f00000| Untracked 
|  78|0x000000008a000000, 0x000000008a000000, 0x000000008a100000|  0%| F|  |TAMS 0x000000008a000000, 0x000000008a000000| Untracked 
|  79|0x000000008a100000, 0x000000008a100000, 0x000000008a200000|  0%| F|  |TAMS 0x000000008a100000, 0x000000008a100000| Untracked 
|  80|0x000000008a200000, 0x000000008a200000, 0x000000008a300000|  0%| F|  |TAMS 0x000000008a200000, 0x000000008a200000| Untracked 
|  81|0x000000008a300000, 0x000000008a300000, 0x000000008a400000|  0%| F|  |TAMS 0x000000008a300000, 0x000000008a300000| Untracked 
|  82|0x000000008a400000, 0x000000008a400000, 0x000000008a500000|  0%| F|  |TAMS 0x000000008a400000, 0x000000008a400000| Untracked 
|  83|0x000000008a500000, 0x000000008a500000, 0x000000008a600000|  0%| F|  |TAMS 0x000000008a500000, 0x000000008a500000| Untracked 
|  84|0x000000008a600000, 0x000000008a600000, 0x000000008a700000|  0%| F|  |TAMS 0x000000008a600000, 0x000000008a600000| Untracked 
|  85|0x000000008a700000, 0x000000008a700000, 0x000000008a800000|  0%| F|  |TAMS 0x000000008a700000, 0x000000008a700000| Untracked 
|  86|0x000000008a800000, 0x000000008a800000, 0x000000008a900000|  0%| F|  |TAMS 0x000000008a800000, 0x000000008a800000| Untracked 
|  87|0x000000008a900000, 0x000000008a900000, 0x000000008aa00000|  0%| F|  |TAMS 0x000000008a900000, 0x000000008a900000| Untracked 
|  88|0x000000008aa00000, 0x000000008aa00000, 0x000000008ab00000|  0%| F|  |TAMS 0x000000008aa00000, 0x000000008aa00000| Untracked 
|  89|0x000000008ab00000, 0x000000008ab00000, 0x000000008ac00000|  0%| F|  |TAMS 0x000000008ab00000, 0x000000008ab00000| Untracked 
|  90|0x000000008ac00000, 0x000000008ac00000, 0x000000008ad00000|  0%| F|  |TAMS 0x000000008ac00000, 0x000000008ac00000| Untracked 
|  91|0x000000008ad00000, 0x000000008ad00000, 0x000000008ae00000|  0%| F|  |TAMS 0x000000008ad00000, 0x000000008ad00000| Untracked 
|  92|0x000000008ae00000, 0x000000008ae00000, 0x000000008af00000|  0%| F|  |TAMS 0x000000008ae00000, 0x000000008ae00000| Untracked 
|  93|0x000000008af00000, 0x000000008af00000, 0x000000008b000000|  0%| F|  |TAMS 0x000000008af00000, 0x000000008af00000| Untracked 
|  94|0x000000008b000000, 0x000000008b000000, 0x000000008b100000|  0%| F|  |TAMS 0x000000008b000000, 0x000000008b000000| Untracked 
|  95|0x000000008b100000, 0x000000008b100000, 0x000000008b200000|  0%| F|  |TAMS 0x000000008b100000, 0x000000008b100000| Untracked 
|  96|0x000000008b200000, 0x000000008b200000, 0x000000008b300000|  0%| F|  |TAMS 0x000000008b200000, 0x000000008b200000| Untracked 
|  97|0x000000008b300000, 0x000000008b300000, 0x000000008b400000|  0%| F|  |TAMS 0x000000008b300000, 0x000000008b300000| Untracked 
|  98|0x000000008b400000, 0x000000008b400000, 0x000000008b500000|  0%| F|  |TAMS 0x000000008b400000, 0x000000008b400000| Untracked 
|  99|0x000000008b500000, 0x000000008b500000, 0x000000008b600000|  0%| F|  |TAMS 0x000000008b500000, 0x000000008b500000| Untracked 
| 100|0x000000008b600000, 0x000000008b600000, 0x000000008b700000|  0%| F|  |TAMS 0x000000008b600000, 0x000000008b600000| Untracked 
| 101|0x000000008b700000, 0x000000008b700000, 0x000000008b800000|  0%| F|  |TAMS 0x000000008b700000, 0x000000008b700000| Untracked 
| 102|0x000000008b800000, 0x000000008b800000, 0x000000008b900000|  0%| F|  |TAMS 0x000000008b800000, 0x000000008b800000| Untracked 
| 103|0x000000008b900000, 0x000000008b900000, 0x000000008ba00000|  0%| F|  |TAMS 0x000000008b900000, 0x000000008b900000| Untracked 
| 104|0x000000008ba00000, 0x000000008ba00000, 0x000000008bb00000|  0%| F|  |TAMS 0x000000008ba00000, 0x000000008ba00000| Untracked 
| 105|0x000000008bb00000, 0x000000008bb00000, 0x000000008bc00000|  0%| F|  |TAMS 0x000000008bb00000, 0x000000008bb00000| Untracked 
| 106|0x000000008bc00000, 0x000000008bc00000, 0x000000008bd00000|  0%| F|  |TAMS 0x000000008bc00000, 0x000000008bc00000| Untracked 
| 107|0x000000008bd00000, 0x000000008bd00000, 0x000000008be00000|  0%| F|  |TAMS 0x000000008bd00000, 0x000000008bd00000| Untracked 
| 108|0x000000008be00000, 0x000000008bebddc0, 0x000000008bf00000| 74%| S|CS|TAMS 0x000000008be00000, 0x000000008be00000| Complete 
| 109|0x000000008bf00000, 0x000000008c000000, 0x000000008c000000|100%| S|CS|TAMS 0x000000008bf00000, 0x000000008bf00000| Complete 
| 110|0x000000008c000000, 0x000000008c000000, 0x000000008c100000|  0%| F|  |TAMS 0x000000008c000000, 0x000000008c000000| Untracked 
| 111|0x000000008c100000, 0x000000008c100000, 0x000000008c200000|  0%| F|  |TAMS 0x000000008c100000, 0x000000008c100000| Untracked 
| 112|0x000000008c200000, 0x000000008c200000, 0x000000008c300000|  0%| F|  |TAMS 0x000000008c200000, 0x000000008c200000| Untracked 
| 113|0x000000008c300000, 0x000000008c300000, 0x000000008c400000|  0%| F|  |TAMS 0x000000008c300000, 0x000000008c300000| Untracked 
| 114|0x000000008c400000, 0x000000008c400000, 0x000000008c500000|  0%| F|  |TAMS 0x000000008c400000, 0x000000008c400000| Untracked 
| 115|0x000000008c500000, 0x000000008c500000, 0x000000008c600000|  0%| F|  |TAMS 0x000000008c500000, 0x000000008c500000| Untracked 
| 116|0x000000008c600000, 0x000000008c600000, 0x000000008c700000|  0%| F|  |TAMS 0x000000008c600000, 0x000000008c600000| Untracked 
| 117|0x000000008c700000, 0x000000008c700000, 0x000000008c800000|  0%| F|  |TAMS 0x000000008c700000, 0x000000008c700000| Untracked 
| 118|0x000000008c800000, 0x000000008c800000, 0x000000008c900000|  0%| F|  |TAMS 0x000000008c800000, 0x000000008c800000| Untracked 
| 119|0x000000008c900000, 0x000000008c900000, 0x000000008ca00000|  0%| F|  |TAMS 0x000000008c900000, 0x000000008c900000| Untracked 
| 120|0x000000008ca00000, 0x000000008ca00000, 0x000000008cb00000|  0%| F|  |TAMS 0x000000008ca00000, 0x000000008ca00000| Untracked 
| 121|0x000000008cb00000, 0x000000008cb00000, 0x000000008cc00000|  0%| F|  |TAMS 0x000000008cb00000, 0x000000008cb00000| Untracked 
| 122|0x000000008cc00000, 0x000000008cc00000, 0x000000008cd00000|  0%| F|  |TAMS 0x000000008cc00000, 0x000000008cc00000| Untracked 
| 123|0x000000008cd00000, 0x000000008cd00000, 0x000000008ce00000|  0%| F|  |TAMS 0x000000008cd00000, 0x000000008cd00000| Untracked 
| 124|0x000000008ce00000, 0x000000008ce00000, 0x000000008cf00000|  0%| F|  |TAMS 0x000000008ce00000, 0x000000008ce00000| Untracked 
| 125|0x000000008cf00000, 0x000000008cf00000, 0x000000008d000000|  0%| F|  |TAMS 0x000000008cf00000, 0x000000008cf00000| Untracked 
| 126|0x000000008d000000, 0x000000008d000000, 0x000000008d100000|  0%| F|  |TAMS 0x000000008d000000, 0x000000008d000000| Untracked 
| 127|0x000000008d100000, 0x000000008d100000, 0x000000008d200000|  0%| F|  |TAMS 0x000000008d100000, 0x000000008d100000| Untracked 
| 128|0x000000008d200000, 0x000000008d200000, 0x000000008d300000|  0%| F|  |TAMS 0x000000008d200000, 0x000000008d200000| Untracked 
| 129|0x000000008d300000, 0x000000008d300000, 0x000000008d400000|  0%| F|  |TAMS 0x000000008d300000, 0x000000008d300000| Untracked 
| 130|0x000000008d400000, 0x000000008d400000, 0x000000008d500000|  0%| F|  |TAMS 0x000000008d400000, 0x000000008d400000| Untracked 
| 131|0x000000008d500000, 0x000000008d500000, 0x000000008d600000|  0%| F|  |TAMS 0x000000008d500000, 0x000000008d500000| Untracked 
| 132|0x000000008d600000, 0x000000008d600000, 0x000000008d700000|  0%| F|  |TAMS 0x000000008d600000, 0x000000008d600000| Untracked 
| 133|0x000000008d700000, 0x000000008d700000, 0x000000008d800000|  0%| F|  |TAMS 0x000000008d700000, 0x000000008d700000| Untracked 
| 134|0x000000008d800000, 0x000000008d800000, 0x000000008d900000|  0%| F|  |TAMS 0x000000008d800000, 0x000000008d800000| Untracked 
| 135|0x000000008d900000, 0x000000008d900000, 0x000000008da00000|  0%| F|  |TAMS 0x000000008d900000, 0x000000008d900000| Untracked 
| 136|0x000000008da00000, 0x000000008da00000, 0x000000008db00000|  0%| F|  |TAMS 0x000000008da00000, 0x000000008da00000| Untracked 
| 137|0x000000008db00000, 0x000000008db00000, 0x000000008dc00000|  0%| F|  |TAMS 0x000000008db00000, 0x000000008db00000| Untracked 
| 138|0x000000008dc00000, 0x000000008dc00000, 0x000000008dd00000|  0%| F|  |TAMS 0x000000008dc00000, 0x000000008dc00000| Untracked 
| 139|0x000000008dd00000, 0x000000008dd00000, 0x000000008de00000|  0%| F|  |TAMS 0x000000008dd00000, 0x000000008dd00000| Untracked 
| 140|0x000000008de00000, 0x000000008de00000, 0x000000008df00000|  0%| F|  |TAMS 0x000000008de00000, 0x000000008de00000| Untracked 
| 141|0x000000008df00000, 0x000000008df00000, 0x000000008e000000|  0%| F|  |TAMS 0x000000008df00000, 0x000000008df00000| Untracked 
| 142|0x000000008e000000, 0x000000008e000000, 0x000000008e100000|  0%| F|  |TAMS 0x000000008e000000, 0x000000008e000000| Untracked 
| 143|0x000000008e100000, 0x000000008e100000, 0x000000008e200000|  0%| F|  |TAMS 0x000000008e100000, 0x000000008e100000| Untracked 
| 144|0x000000008e200000, 0x000000008e200000, 0x000000008e300000|  0%| F|  |TAMS 0x000000008e200000, 0x000000008e200000| Untracked 
| 145|0x000000008e300000, 0x000000008e300000, 0x000000008e400000|  0%| F|  |TAMS 0x000000008e300000, 0x000000008e300000| Untracked 
| 146|0x000000008e400000, 0x000000008e400000, 0x000000008e500000|  0%| F|  |TAMS 0x000000008e400000, 0x000000008e400000| Untracked 
| 147|0x000000008e500000, 0x000000008e500000, 0x000000008e600000|  0%| F|  |TAMS 0x000000008e500000, 0x000000008e500000| Untracked 
| 148|0x000000008e600000, 0x000000008e600000, 0x000000008e700000|  0%| F|  |TAMS 0x000000008e600000, 0x000000008e600000| Untracked 
| 149|0x000000008e700000, 0x000000008e700000, 0x000000008e800000|  0%| F|  |TAMS 0x000000008e700000, 0x000000008e700000| Untracked 
| 150|0x000000008e800000, 0x000000008e800000, 0x000000008e900000|  0%| F|  |TAMS 0x000000008e800000, 0x000000008e800000| Untracked 
| 151|0x000000008e900000, 0x000000008e900000, 0x000000008ea00000|  0%| F|  |TAMS 0x000000008e900000, 0x000000008e900000| Untracked 
| 152|0x000000008ea00000, 0x000000008ea00000, 0x000000008eb00000|  0%| F|  |TAMS 0x000000008ea00000, 0x000000008ea00000| Untracked 
| 153|0x000000008eb00000, 0x000000008eb00000, 0x000000008ec00000|  0%| F|  |TAMS 0x000000008eb00000, 0x000000008eb00000| Untracked 
| 154|0x000000008ec00000, 0x000000008ec00000, 0x000000008ed00000|  0%| F|  |TAMS 0x000000008ec00000, 0x000000008ec00000| Untracked 
| 155|0x000000008ed00000, 0x000000008ed00000, 0x000000008ee00000|  0%| F|  |TAMS 0x000000008ed00000, 0x000000008ed00000| Untracked 
| 156|0x000000008ee00000, 0x000000008ee00000, 0x000000008ef00000|  0%| F|  |TAMS 0x000000008ee00000, 0x000000008ee00000| Untracked 
| 157|0x000000008ef00000, 0x000000008ef00000, 0x000000008f000000|  0%| F|  |TAMS 0x000000008ef00000, 0x000000008ef00000| Untracked 
| 158|0x000000008f000000, 0x000000008f000000, 0x000000008f100000|  0%| F|  |TAMS 0x000000008f000000, 0x000000008f000000| Untracked 
| 159|0x000000008f100000, 0x000000008f100000, 0x000000008f200000|  0%| F|  |TAMS 0x000000008f100000, 0x000000008f100000| Untracked 
| 160|0x000000008f200000, 0x000000008f200000, 0x000000008f300000|  0%| F|  |TAMS 0x000000008f200000, 0x000000008f200000| Untracked 
| 161|0x000000008f300000, 0x000000008f300000, 0x000000008f400000|  0%| F|  |TAMS 0x000000008f300000, 0x000000008f300000| Untracked 
| 162|0x000000008f400000, 0x000000008f400000, 0x000000008f500000|  0%| F|  |TAMS 0x000000008f400000, 0x000000008f400000| Untracked 
| 163|0x000000008f500000, 0x000000008f500000, 0x000000008f600000|  0%| F|  |TAMS 0x000000008f500000, 0x000000008f500000| Untracked 
| 164|0x000000008f600000, 0x000000008f600000, 0x000000008f700000|  0%| F|  |TAMS 0x000000008f600000, 0x000000008f600000| Untracked 
| 165|0x000000008f700000, 0x000000008f700000, 0x000000008f800000|  0%| F|  |TAMS 0x000000008f700000, 0x000000008f700000| Untracked 
| 166|0x000000008f800000, 0x000000008f800000, 0x000000008f900000|  0%| F|  |TAMS 0x000000008f800000, 0x000000008f800000| Untracked 
| 167|0x000000008f900000, 0x000000008f900000, 0x000000008fa00000|  0%| F|  |TAMS 0x000000008f900000, 0x000000008f900000| Untracked 
| 168|0x000000008fa00000, 0x000000008fa00000, 0x000000008fb00000|  0%| F|  |TAMS 0x000000008fa00000, 0x000000008fa00000| Untracked 
| 169|0x000000008fb00000, 0x000000008fb00000, 0x000000008fc00000|  0%| F|  |TAMS 0x000000008fb00000, 0x000000008fb00000| Untracked 
| 170|0x000000008fc00000, 0x000000008fc00000, 0x000000008fd00000|  0%| F|  |TAMS 0x000000008fc00000, 0x000000008fc00000| Untracked 
| 171|0x000000008fd00000, 0x000000008fd00000, 0x000000008fe00000|  0%| F|  |TAMS 0x000000008fd00000, 0x000000008fd00000| Untracked 
| 172|0x000000008fe00000, 0x000000008fe00000, 0x000000008ff00000|  0%| F|  |TAMS 0x000000008fe00000, 0x000000008fe00000| Untracked 
| 173|0x000000008ff00000, 0x000000008ff00000, 0x0000000090000000|  0%| F|  |TAMS 0x000000008ff00000, 0x000000008ff00000| Untracked 
| 174|0x0000000090000000, 0x0000000090000000, 0x0000000090100000|  0%| F|  |TAMS 0x0000000090000000, 0x0000000090000000| Untracked 
| 175|0x0000000090100000, 0x0000000090100000, 0x0000000090200000|  0%| F|  |TAMS 0x0000000090100000, 0x0000000090100000| Untracked 
| 176|0x0000000090200000, 0x0000000090200000, 0x0000000090300000|  0%| F|  |TAMS 0x0000000090200000, 0x0000000090200000| Untracked 
| 177|0x0000000090300000, 0x0000000090300000, 0x0000000090400000|  0%| F|  |TAMS 0x0000000090300000, 0x0000000090300000| Untracked 
| 178|0x0000000090400000, 0x0000000090400000, 0x0000000090500000|  0%| F|  |TAMS 0x0000000090400000, 0x0000000090400000| Untracked 
| 179|0x0000000090500000, 0x0000000090500000, 0x0000000090600000|  0%| F|  |TAMS 0x0000000090500000, 0x0000000090500000| Untracked 
| 180|0x0000000090600000, 0x0000000090600000, 0x0000000090700000|  0%| F|  |TAMS 0x0000000090600000, 0x0000000090600000| Untracked 
| 181|0x0000000090700000, 0x0000000090700000, 0x0000000090800000|  0%| F|  |TAMS 0x0000000090700000, 0x0000000090700000| Untracked 
| 182|0x0000000090800000, 0x0000000090800000, 0x0000000090900000|  0%| F|  |TAMS 0x0000000090800000, 0x0000000090800000| Untracked 
| 183|0x0000000090900000, 0x0000000090900000, 0x0000000090a00000|  0%| F|  |TAMS 0x0000000090900000, 0x0000000090900000| Untracked 
| 184|0x0000000090a00000, 0x0000000090a00000, 0x0000000090b00000|  0%| F|  |TAMS 0x0000000090a00000, 0x0000000090a00000| Untracked 
| 185|0x0000000090b00000, 0x0000000090b00000, 0x0000000090c00000|  0%| F|  |TAMS 0x0000000090b00000, 0x0000000090b00000| Untracked 
| 186|0x0000000090c00000, 0x0000000090c00000, 0x0000000090d00000|  0%| F|  |TAMS 0x0000000090c00000, 0x0000000090c00000| Untracked 
| 187|0x0000000090d00000, 0x0000000090d00000, 0x0000000090e00000|  0%| F|  |TAMS 0x0000000090d00000, 0x0000000090d00000| Untracked 
| 188|0x0000000090e00000, 0x0000000090e00000, 0x0000000090f00000|  0%| F|  |TAMS 0x0000000090e00000, 0x0000000090e00000| Untracked 
| 189|0x0000000090f00000, 0x0000000090f00000, 0x0000000091000000|  0%| F|  |TAMS 0x0000000090f00000, 0x0000000090f00000| Untracked 
| 190|0x0000000091000000, 0x0000000091000000, 0x0000000091100000|  0%| F|  |TAMS 0x0000000091000000, 0x0000000091000000| Untracked 
| 191|0x0000000091100000, 0x0000000091100000, 0x0000000091200000|  0%| F|  |TAMS 0x0000000091100000, 0x0000000091100000| Untracked 
| 192|0x0000000091200000, 0x0000000091200000, 0x0000000091300000|  0%| F|  |TAMS 0x0000000091200000, 0x0000000091200000| Untracked 
| 193|0x0000000091300000, 0x0000000091300000, 0x0000000091400000|  0%| F|  |TAMS 0x0000000091300000, 0x0000000091300000| Untracked 
| 194|0x0000000091400000, 0x0000000091400000, 0x0000000091500000|  0%| F|  |TAMS 0x0000000091400000, 0x0000000091400000| Untracked 
| 195|0x0000000091500000, 0x0000000091500000, 0x0000000091600000|  0%| F|  |TAMS 0x0000000091500000, 0x0000000091500000| Untracked 
| 196|0x0000000091600000, 0x0000000091600000, 0x0000000091700000|  0%| F|  |TAMS 0x0000000091600000, 0x0000000091600000| Untracked 
| 197|0x0000000091700000, 0x0000000091700000, 0x0000000091800000|  0%| F|  |TAMS 0x0000000091700000, 0x0000000091700000| Untracked 
| 198|0x0000000091800000, 0x0000000091800000, 0x0000000091900000|  0%| F|  |TAMS 0x0000000091800000, 0x0000000091800000| Untracked 
| 199|0x0000000091900000, 0x0000000091900000, 0x0000000091a00000|  0%| F|  |TAMS 0x0000000091900000, 0x0000000091900000| Untracked 
| 200|0x0000000091a00000, 0x0000000091a00000, 0x0000000091b00000|  0%| F|  |TAMS 0x0000000091a00000, 0x0000000091a00000| Untracked 
| 201|0x0000000091b00000, 0x0000000091b00000, 0x0000000091c00000|  0%| F|  |TAMS 0x0000000091b00000, 0x0000000091b00000| Untracked 
| 202|0x0000000091c00000, 0x0000000091c00000, 0x0000000091d00000|  0%| F|  |TAMS 0x0000000091c00000, 0x0000000091c00000| Untracked 
| 203|0x0000000091d00000, 0x0000000091d00000, 0x0000000091e00000|  0%| F|  |TAMS 0x0000000091d00000, 0x0000000091d00000| Untracked 
| 204|0x0000000091e00000, 0x0000000091e00000, 0x0000000091f00000|  0%| F|  |TAMS 0x0000000091e00000, 0x0000000091e00000| Untracked 
| 205|0x0000000091f00000, 0x0000000091f00000, 0x0000000092000000|  0%| F|  |TAMS 0x0000000091f00000, 0x0000000091f00000| Untracked 
| 206|0x0000000092000000, 0x0000000092000000, 0x0000000092100000|  0%| F|  |TAMS 0x0000000092000000, 0x0000000092000000| Untracked 
| 207|0x0000000092100000, 0x0000000092100000, 0x0000000092200000|  0%| F|  |TAMS 0x0000000092100000, 0x0000000092100000| Untracked 
| 208|0x0000000092200000, 0x0000000092200000, 0x0000000092300000|  0%| F|  |TAMS 0x0000000092200000, 0x0000000092200000| Untracked 
| 209|0x0000000092300000, 0x0000000092300000, 0x0000000092400000|  0%| F|  |TAMS 0x0000000092300000, 0x0000000092300000| Untracked 
| 210|0x0000000092400000, 0x0000000092400000, 0x0000000092500000|  0%| F|  |TAMS 0x0000000092400000, 0x0000000092400000| Untracked 
| 211|0x0000000092500000, 0x0000000092500000, 0x0000000092600000|  0%| F|  |TAMS 0x0000000092500000, 0x0000000092500000| Untracked 
| 212|0x0000000092600000, 0x0000000092600000, 0x0000000092700000|  0%| F|  |TAMS 0x0000000092600000, 0x0000000092600000| Untracked 
| 213|0x0000000092700000, 0x0000000092700000, 0x0000000092800000|  0%| F|  |TAMS 0x0000000092700000, 0x0000000092700000| Untracked 
| 214|0x0000000092800000, 0x0000000092800000, 0x0000000092900000|  0%| F|  |TAMS 0x0000000092800000, 0x0000000092800000| Untracked 
| 215|0x0000000092900000, 0x0000000092900000, 0x0000000092a00000|  0%| F|  |TAMS 0x0000000092900000, 0x0000000092900000| Untracked 
| 216|0x0000000092a00000, 0x0000000092a00000, 0x0000000092b00000|  0%| F|  |TAMS 0x0000000092a00000, 0x0000000092a00000| Untracked 
| 217|0x0000000092b00000, 0x0000000092b00000, 0x0000000092c00000|  0%| F|  |TAMS 0x0000000092b00000, 0x0000000092b00000| Untracked 
| 218|0x0000000092c00000, 0x0000000092c00000, 0x0000000092d00000|  0%| F|  |TAMS 0x0000000092c00000, 0x0000000092c00000| Untracked 
| 219|0x0000000092d00000, 0x0000000092d00000, 0x0000000092e00000|  0%| F|  |TAMS 0x0000000092d00000, 0x0000000092d00000| Untracked 
| 220|0x0000000092e00000, 0x0000000092e00000, 0x0000000092f00000|  0%| F|  |TAMS 0x0000000092e00000, 0x0000000092e00000| Untracked 
| 221|0x0000000092f00000, 0x0000000092f00000, 0x0000000093000000|  0%| F|  |TAMS 0x0000000092f00000, 0x0000000092f00000| Untracked 
| 222|0x0000000093000000, 0x0000000093000000, 0x0000000093100000|  0%| F|  |TAMS 0x0000000093000000, 0x0000000093000000| Untracked 
| 223|0x0000000093100000, 0x0000000093100000, 0x0000000093200000|  0%| F|  |TAMS 0x0000000093100000, 0x0000000093100000| Untracked 
| 224|0x0000000093200000, 0x0000000093200000, 0x0000000093300000|  0%| F|  |TAMS 0x0000000093200000, 0x0000000093200000| Untracked 
| 225|0x0000000093300000, 0x0000000093300000, 0x0000000093400000|  0%| F|  |TAMS 0x0000000093300000, 0x0000000093300000| Untracked 
| 226|0x0000000093400000, 0x0000000093400000, 0x0000000093500000|  0%| F|  |TAMS 0x0000000093400000, 0x0000000093400000| Untracked 
| 227|0x0000000093500000, 0x0000000093500000, 0x0000000093600000|  0%| F|  |TAMS 0x0000000093500000, 0x0000000093500000| Untracked 
| 228|0x0000000093600000, 0x0000000093600000, 0x0000000093700000|  0%| F|  |TAMS 0x0000000093600000, 0x0000000093600000| Untracked 
| 229|0x0000000093700000, 0x0000000093700000, 0x0000000093800000|  0%| F|  |TAMS 0x0000000093700000, 0x0000000093700000| Untracked 
| 230|0x0000000093800000, 0x0000000093800000, 0x0000000093900000|  0%| F|  |TAMS 0x0000000093800000, 0x0000000093800000| Untracked 
| 231|0x0000000093900000, 0x0000000093900000, 0x0000000093a00000|  0%| F|  |TAMS 0x0000000093900000, 0x0000000093900000| Untracked 
| 232|0x0000000093a00000, 0x0000000093a00000, 0x0000000093b00000|  0%| F|  |TAMS 0x0000000093a00000, 0x0000000093a00000| Untracked 
| 233|0x0000000093b00000, 0x0000000093b00000, 0x0000000093c00000|  0%| F|  |TAMS 0x0000000093b00000, 0x0000000093b00000| Untracked 
| 234|0x0000000093c00000, 0x0000000093c00000, 0x0000000093d00000|  0%| F|  |TAMS 0x0000000093c00000, 0x0000000093c00000| Untracked 
| 235|0x0000000093d00000, 0x0000000093d00000, 0x0000000093e00000|  0%| F|  |TAMS 0x0000000093d00000, 0x0000000093d00000| Untracked 
| 236|0x0000000093e00000, 0x0000000093e00000, 0x0000000093f00000|  0%| F|  |TAMS 0x0000000093e00000, 0x0000000093e00000| Untracked 
| 237|0x0000000093f00000, 0x0000000093f00000, 0x0000000094000000|  0%| F|  |TAMS 0x0000000093f00000, 0x0000000093f00000| Untracked 
| 238|0x0000000094000000, 0x0000000094000000, 0x0000000094100000|  0%| F|  |TAMS 0x0000000094000000, 0x0000000094000000| Untracked 
| 239|0x0000000094100000, 0x0000000094100000, 0x0000000094200000|  0%| F|  |TAMS 0x0000000094100000, 0x0000000094100000| Untracked 
| 240|0x0000000094200000, 0x0000000094200000, 0x0000000094300000|  0%| F|  |TAMS 0x0000000094200000, 0x0000000094200000| Untracked 
| 241|0x0000000094300000, 0x0000000094300000, 0x0000000094400000|  0%| F|  |TAMS 0x0000000094300000, 0x0000000094300000| Untracked 
| 242|0x0000000094400000, 0x0000000094400000, 0x0000000094500000|  0%| F|  |TAMS 0x0000000094400000, 0x0000000094400000| Untracked 
| 243|0x0000000094500000, 0x0000000094500000, 0x0000000094600000|  0%| F|  |TAMS 0x0000000094500000, 0x0000000094500000| Untracked 
| 244|0x0000000094600000, 0x0000000094600000, 0x0000000094700000|  0%| F|  |TAMS 0x0000000094600000, 0x0000000094600000| Untracked 
| 245|0x0000000094700000, 0x0000000094700000, 0x0000000094800000|  0%| F|  |TAMS 0x0000000094700000, 0x0000000094700000| Untracked 
| 246|0x0000000094800000, 0x0000000094800000, 0x0000000094900000|  0%| F|  |TAMS 0x0000000094800000, 0x0000000094800000| Untracked 
| 247|0x0000000094900000, 0x0000000094900000, 0x0000000094a00000|  0%| F|  |TAMS 0x0000000094900000, 0x0000000094900000| Untracked 
| 248|0x0000000094a00000, 0x0000000094a00000, 0x0000000094b00000|  0%| F|  |TAMS 0x0000000094a00000, 0x0000000094a00000| Untracked 
| 249|0x0000000094b00000, 0x0000000094b00000, 0x0000000094c00000|  0%| F|  |TAMS 0x0000000094b00000, 0x0000000094b00000| Untracked 
| 250|0x0000000094c00000, 0x0000000094c00000, 0x0000000094d00000|  0%| F|  |TAMS 0x0000000094c00000, 0x0000000094c00000| Untracked 
| 251|0x0000000094d00000, 0x0000000094d00000, 0x0000000094e00000|  0%| F|  |TAMS 0x0000000094d00000, 0x0000000094d00000| Untracked 
| 252|0x0000000094e00000, 0x0000000094e00000, 0x0000000094f00000|  0%| F|  |TAMS 0x0000000094e00000, 0x0000000094e00000| Untracked 
| 253|0x0000000094f00000, 0x0000000094f00000, 0x0000000095000000|  0%| F|  |TAMS 0x0000000094f00000, 0x0000000094f00000| Untracked 
| 254|0x0000000095000000, 0x0000000095000000, 0x0000000095100000|  0%| F|  |TAMS 0x0000000095000000, 0x0000000095000000| Untracked 
| 255|0x0000000095100000, 0x0000000095170630, 0x0000000095200000| 43%| E|  |TAMS 0x0000000095100000, 0x0000000095100000| Complete 
| 256|0x0000000095200000, 0x0000000095300000, 0x0000000095300000|100%| E|CS|TAMS 0x0000000095200000, 0x0000000095200000| Complete 
| 257|0x0000000095300000, 0x0000000095400000, 0x0000000095400000|100%| E|CS|TAMS 0x0000000095300000, 0x0000000095300000| Complete 
| 258|0x0000000095400000, 0x0000000095500000, 0x0000000095500000|100%| E|CS|TAMS 0x0000000095400000, 0x0000000095400000| Complete 
| 259|0x0000000095500000, 0x0000000095600000, 0x0000000095600000|100%| E|CS|TAMS 0x0000000095500000, 0x0000000095500000| Complete 
| 260|0x0000000095600000, 0x0000000095700000, 0x0000000095700000|100%| E|CS|TAMS 0x0000000095600000, 0x0000000095600000| Complete 
| 261|0x0000000095700000, 0x0000000095800000, 0x0000000095800000|100%| E|CS|TAMS 0x0000000095700000, 0x0000000095700000| Complete 
| 262|0x0000000095800000, 0x0000000095900000, 0x0000000095900000|100%| E|CS|TAMS 0x0000000095800000, 0x0000000095800000| Complete 
| 263|0x0000000095900000, 0x0000000095a00000, 0x0000000095a00000|100%| E|CS|TAMS 0x0000000095900000, 0x0000000095900000| Complete 
| 264|0x0000000095a00000, 0x0000000095b00000, 0x0000000095b00000|100%| E|CS|TAMS 0x0000000095a00000, 0x0000000095a00000| Complete 

Card table byte_map: [0x000001c5f2760000,0x000001c5f2b40000] _byte_map_base: 0x000001c5f2337000

Marking Bits (Prev, Next): (CMBitMap*) 0x000001c5dac5d588, (CMBitMap*) 0x000001c5dac5d5c0
 Prev Bits: [0x000001c5f2f20000, 0x000001c5f4dd8000)
 Next Bits: [0x000001c5f4de0000, 0x000001c5f6c98000)

Polling page: 0x000001c5da400000

Metaspace:

Usage:
  Non-class:     16.24 MB capacity,    16.06 MB ( 99%) used,   155.80 KB ( <1%) free+waste,    33.75 KB ( <1%) overhead. 
      Class:      1.75 MB capacity,     1.63 MB ( 93%) used,   106.15 KB (  6%) free+waste,    13.50 KB ( <1%) overhead. 
       Both:     17.99 MB capacity,    17.69 MB ( 98%) used,   261.95 KB (  1%) free+waste,    47.25 KB ( <1%) overhead. 

Virtual space:
  Non-class space:       18.00 MB reserved,      16.25 MB ( 90%) committed 
      Class space:        1.00 GB reserved,       1.75 MB ( <1%) committed 
             Both:        1.02 GB reserved,      18.00 MB (  2%) committed 

Chunk freelists:
   Non-Class:  8.00 KB
       Class:  3.00 KB
        Both:  11.00 KB

MaxMetaspaceSize: 17179869184.00 GB
CompressedClassSpaceSize: 1.00 GB
Initial GC threshold: 20.80 MB
Current GC threshold: 29.59 MB
CDS: off

CodeHeap 'non-profiled nmethods': size=120064Kb used=2459Kb max_used=2459Kb free=117604Kb
 bounds [0x000001c5eae40000, 0x000001c5eb0b0000, 0x000001c5f2380000]
CodeHeap 'profiled nmethods': size=120000Kb used=10727Kb max_used=10727Kb free=109272Kb
 bounds [0x000001c5e3910000, 0x000001c5e4390000, 0x000001c5eae40000]
CodeHeap 'non-nmethods': size=5696Kb used=1153Kb max_used=1196Kb free=4543Kb
 bounds [0x000001c5e3380000, 0x000001c5e35f0000, 0x000001c5e3910000]
 total_blobs=4441 nmethods=4035 adapters=318
 compilation: enabled
              stopped_count=0, restarted_count=0
 full_count=0

Compilation events (20 events):
Event: 11.920 Thread 0x000001c5f992a000 4079       3       com.sun.tools.javac.comp.Attr::isStaticEnumField (44 bytes)
Event: 11.921 Thread 0x000001c5f992a000 nmethod 4079 0x000001c5e4375790 code [0x000001c5e4375980, 0x000001c5e4375ff8]
Event: 11.921 Thread 0x000001c5f992a000 4080       3       com.sun.tools.javac.comp.Resolve::reportVerboseResolutionDiagnostic (479 bytes)
Event: 11.926 Thread 0x000001c5f992a000 nmethod 4080 0x000001c5e4376210 code [0x000001c5e4376840, 0x000001c5e437a688]
Event: 11.926 Thread 0x000001c5f992a000 4081       3       com.sun.tools.javac.comp.Resolve$MethodResolutionPhase::mergeResults (2 bytes)
Event: 11.926 Thread 0x000001c5f992a000 nmethod 4081 0x000001c5e437bb90 code [0x000001c5e437bd40, 0x000001c5e437be38]
Event: 11.927 Thread 0x000001c5f992a000 4084       3       com.sun.tools.javac.code.Type$ForAll::isErroneous (8 bytes)
Event: 11.927 Thread 0x000001c5f992a000 nmethod 4084 0x000001c5e437bf10 code [0x000001c5e437c0c0, 0x000001c5e437c288]
Event: 11.927 Thread 0x000001c5f992a000 4082       3       java.util.List::spliterator (23 bytes)
Event: 11.927 Thread 0x000001c5f992a000 nmethod 4082 0x000001c5e437c390 code [0x000001c5e437c580, 0x000001c5e437cab8]
Event: 11.927 Thread 0x000001c5f992a000 4083       3       com.sun.tools.javac.comp.Attr::checkMethodIdInternal (130 bytes)
Event: 11.928 Thread 0x000001c5f992a000 nmethod 4083 0x000001c5e437cc10 code [0x000001c5e437cee0, 0x000001c5e437deb8]
Event: 11.950 Thread 0x000001c5f992a000 4086       3       com.sun.tools.javac.jvm.Code$LocalVar::closeRange (42 bytes)
Event: 11.951 Thread 0x000001c5f992a000 nmethod 4086 0x000001c5e437e490 code [0x000001c5e437e6c0, 0x000001c5e437ecc8]
Event: 11.951 Thread 0x000001c5f992a000 4087       3       com.sun.tools.javac.jvm.Code::putVar (155 bytes)
Event: 11.952 Thread 0x000001c5f992a000 nmethod 4087 0x000001c5e437ef10 code [0x000001c5e437f160, 0x000001c5e437ff68]
Event: 11.952 Thread 0x000001c5f992a000 4088       3       com.sun.tools.javac.jvm.Code::fillLocalVarPosition (153 bytes)
Event: 11.954 Thread 0x000001c5f992a000 nmethod 4088 0x000001c5e4380290 code [0x000001c5e4380560, 0x000001c5e4381898]
Event: 11.965 Thread 0x000001c5f992a000 4089       1       com.sun.tools.javac.jvm.Items::makeSuperItem (5 bytes)
Event: 11.966 Thread 0x000001c5f992a000 nmethod 4089 0x000001c5eb0a3790 code [0x000001c5eb0a3940, 0x000001c5eb0a39f8]

GC Heap History (20 events):
Event: 4.470 GC heap before
{Heap before GC invocations=37 (full 0):
 garbage-first heap   total 49152K, used 34009K [0x0000000085200000, 0x0000000100000000)
  region size 1024K, 2 young (2048K), 1 survivors (1024K)
 Metaspace       used 13795K, capacity 14132K, committed 14336K, reserved 1062912K
  class space    used 1409K, capacity 1503K, committed 1536K, reserved 1048576K
}
Event: 4.473 GC heap after
{Heap after GC invocations=38 (full 0):
 garbage-first heap   total 49152K, used 19880K [0x0000000085200000, 0x0000000100000000)
  region size 1024K, 1 young (1024K), 1 survivors (1024K)
 Metaspace       used 13795K, capacity 14132K, committed 14336K, reserved 1062912K
  class space    used 1409K, capacity 1503K, committed 1536K, reserved 1048576K
}
Event: 4.535 GC heap before
{Heap before GC invocations=39 (full 0):
 garbage-first heap   total 49152K, used 25000K [0x0000000085200000, 0x0000000100000000)
  region size 1024K, 5 young (5120K), 1 survivors (1024K)
 Metaspace       used 13799K, capacity 14132K, committed 14336K, reserved 1062912K
  class space    used 1409K, capacity 1503K, committed 1536K, reserved 1048576K
}
Event: 4.541 GC heap after
{Heap after GC invocations=40 (full 0):
 garbage-first heap   total 72704K, used 22882K [0x0000000085200000, 0x0000000100000000)
  region size 1024K, 2 young (2048K), 2 survivors (2048K)
 Metaspace       used 13799K, capacity 14132K, committed 14336K, reserved 1062912K
  class space    used 1409K, capacity 1503K, committed 1536K, reserved 1048576K
}
Event: 5.302 GC heap before
{Heap before GC invocations=41 (full 0):
 garbage-first heap   total 72704K, used 41314K [0x0000000085200000, 0x0000000100000000)
  region size 1024K, 18 young (18432K), 2 survivors (2048K)
 Metaspace       used 14019K, capacity 14268K, committed 14336K, reserved 1062912K
  class space    used 1417K, capacity 1505K, committed 1536K, reserved 1048576K
}
Event: 5.316 GC heap after
{Heap after GC invocations=42 (full 0):
 garbage-first heap   total 72704K, used 26987K [0x0000000085200000, 0x0000000100000000)
  region size 1024K, 3 young (3072K), 3 survivors (3072K)
 Metaspace       used 14019K, capacity 14268K, committed 14336K, reserved 1062912K
  class space    used 1417K, capacity 1505K, committed 1536K, reserved 1048576K
}
Event: 6.239 GC heap before
{Heap before GC invocations=42 (full 0):
 garbage-first heap   total 72704K, used 43371K [0x0000000085200000, 0x0000000100000000)
  region size 1024K, 18 young (18432K), 3 survivors (3072K)
 Metaspace       used 15376K, capacity 15650K, committed 15744K, reserved 1062912K
  class space    used 1524K, capacity 1646K, committed 1664K, reserved 1048576K
}
Event: 6.251 GC heap after
{Heap after GC invocations=43 (full 0):
 garbage-first heap   total 72704K, used 33605K [0x0000000085200000, 0x0000000100000000)
  region size 1024K, 3 young (3072K), 3 survivors (3072K)
 Metaspace       used 15376K, capacity 15650K, committed 15744K, reserved 1062912K
  class space    used 1524K, capacity 1646K, committed 1664K, reserved 1048576K
}
Event: 6.558 GC heap before
{Heap before GC invocations=43 (full 0):
 garbage-first heap   total 72704K, used 48965K [0x0000000085200000, 0x0000000100000000)
  region size 1024K, 17 young (17408K), 3 survivors (3072K)
 Metaspace       used 15917K, capacity 16258K, committed 16384K, reserved 1064960K
  class space    used 1562K, capacity 1696K, committed 1792K, reserved 1048576K
}
Event: 6.580 GC heap after
{Heap after GC invocations=44 (full 0):
 garbage-first heap   total 72704K, used 41363K [0x0000000085200000, 0x0000000100000000)
  region size 1024K, 3 young (3072K), 3 survivors (3072K)
 Metaspace       used 15917K, capacity 16258K, committed 16384K, reserved 1064960K
  class space    used 1562K, capacity 1696K, committed 1792K, reserved 1048576K
}
Event: 6.640 GC heap before
{Heap before GC invocations=44 (full 0):
 garbage-first heap   total 72704K, used 52627K [0x0000000085200000, 0x0000000100000000)
  region size 1024K, 14 young (14336K), 3 survivors (3072K)
 Metaspace       used 15967K, capacity 16266K, committed 16384K, reserved 1064960K
  class space    used 1564K, capacity 1699K, committed 1792K, reserved 1048576K
}
Event: 6.674 GC heap after
{Heap after GC invocations=45 (full 0):
 garbage-first heap   total 136192K, used 50176K [0x0000000085200000, 0x0000000100000000)
  region size 1024K, 2 young (2048K), 2 survivors (2048K)
 Metaspace       used 15967K, capacity 16266K, committed 16384K, reserved 1064960K
  class space    used 1564K, capacity 1699K, committed 1792K, reserved 1048576K
}
Event: 7.268 GC heap before
{Heap before GC invocations=46 (full 0):
 garbage-first heap   total 136192K, used 77824K [0x0000000085200000, 0x0000000100000000)
  region size 1024K, 27 young (27648K), 2 survivors (2048K)
 Metaspace       used 16247K, capacity 16538K, committed 16640K, reserved 1064960K
  class space    used 1568K, capacity 1699K, committed 1792K, reserved 1048576K
}
Event: 7.303 GC heap after
{Heap after GC invocations=47 (full 0):
 garbage-first heap   total 136192K, used 62464K [0x0000000085200000, 0x0000000100000000)
  region size 1024K, 4 young (4096K), 4 survivors (4096K)
 Metaspace       used 16247K, capacity 16538K, committed 16640K, reserved 1064960K
  class space    used 1568K, capacity 1699K, committed 1792K, reserved 1048576K
}
Event: 7.608 GC heap before
{Heap before GC invocations=47 (full 0):
 garbage-first heap   total 136192K, used 86016K [0x0000000085200000, 0x0000000100000000)
  region size 1024K, 27 young (27648K), 4 survivors (4096K)
 Metaspace       used 16317K, capacity 16609K, committed 16896K, reserved 1064960K
  class space    used 1569K, capacity 1700K, committed 1792K, reserved 1048576K
}
Event: 7.630 GC heap after
{Heap after GC invocations=48 (full 0):
 garbage-first heap   total 136192K, used 67584K [0x0000000085200000, 0x0000000100000000)
  region size 1024K, 4 young (4096K), 4 survivors (4096K)
 Metaspace       used 16317K, capacity 16609K, committed 16896K, reserved 1064960K
  class space    used 1569K, capacity 1700K, committed 1792K, reserved 1048576K
}
Event: 9.699 GC heap before
{Heap before GC invocations=48 (full 0):
 garbage-first heap   total 136192K, used 90112K [0x0000000085200000, 0x0000000100000000)
  region size 1024K, 26 young (26624K), 4 survivors (4096K)
 Metaspace       used 17683K, capacity 17970K, committed 18176K, reserved 1064960K
  class space    used 1667K, capacity 1789K, committed 1792K, reserved 1048576K
}
Event: 9.717 GC heap after
{Heap after GC invocations=49 (full 0):
 garbage-first heap   total 136192K, used 70775K [0x0000000085200000, 0x0000000100000000)
  region size 1024K, 3 young (3072K), 3 survivors (3072K)
 Metaspace       used 17683K, capacity 17970K, committed 18176K, reserved 1064960K
  class space    used 1667K, capacity 1789K, committed 1792K, reserved 1048576K
}
Event: 11.521 GC heap before
{Heap before GC invocations=50 (full 0):
 garbage-first heap   total 136192K, used 93303K [0x0000000085200000, 0x0000000100000000)
  region size 1024K, 25 young (25600K), 3 survivors (3072K)
 Metaspace       used 18060K, capacity 18356K, committed 18432K, reserved 1067008K
  class space    used 1669K, capacity 1789K, committed 1792K, reserved 1048576K
}
Event: 11.541 GC heap after
{Heap after GC invocations=51 (full 0):
 garbage-first heap   total 271360K, used 72286K [0x0000000085200000, 0x0000000100000000)
  region size 1024K, 2 young (2048K), 2 survivors (2048K)
 Metaspace       used 18060K, capacity 18356K, committed 18432K, reserved 1067008K
  class space    used 1669K, capacity 1789K, committed 1792K, reserved 1048576K
}

Deoptimization events (20 events):
Event: 11.517 Thread 0x000001c5dac1c000 Uncommon trap: trap_request=0xffffff4d fr.pc=0x000001c5eb04638c relative=0x000000000000006c
Event: 11.517 Thread 0x000001c5dac1c000 Uncommon trap: reason=unstable_if action=reinterpret pc=0x000001c5eb04638c method=java.util.RegularEnumSet.isEmpty()Z @ 6 c2
Event: 11.517 Thread 0x000001c5dac1c000 DEOPT PACKING pc=0x000001c5eb04638c sp=0x00000039ddafe020
Event: 11.517 Thread 0x000001c5dac1c000 DEOPT UNPACKING pc=0x000001c5e33ca1af sp=0x00000039ddafdfb0 mode 2
Event: 11.557 Thread 0x000001c5dac1c000 Uncommon trap: trap_request=0xffffff4d fr.pc=0x000001c5eb01208c relative=0x00000000000000cc
Event: 11.557 Thread 0x000001c5dac1c000 Uncommon trap: reason=unstable_if action=reinterpret pc=0x000001c5eb01208c method=com.sun.tools.javac.comp.Lower.boxIfNeeded(Lcom/sun/tools/javac/tree/JCTree$JCExpression;Lcom/sun/tools/javac/code/Type;)Lcom/sun/tools/javac/tree/JCTree$JCExpression; @ 13 
Event: 11.557 Thread 0x000001c5dac1c000 DEOPT PACKING pc=0x000001c5eb01208c sp=0x00000039ddafe200
Event: 11.557 Thread 0x000001c5dac1c000 DEOPT UNPACKING pc=0x000001c5e33ca1af sp=0x00000039ddafe180 mode 2
Event: 11.557 Thread 0x000001c5dac1c000 Uncommon trap: trap_request=0xffffff4d fr.pc=0x000001c5eafe99f8 relative=0x0000000000002e18
Event: 11.557 Thread 0x000001c5dac1c000 Uncommon trap: reason=unstable_if action=reinterpret pc=0x000001c5eafe99f8 method=com.sun.tools.javac.jvm.Code.typecode(Lcom/sun/tools/javac/code/Type;)I @ 11 c2
Event: 11.557 Thread 0x000001c5dac1c000 DEOPT PACKING pc=0x000001c5eafe99f8 sp=0x00000039ddafd680
Event: 11.557 Thread 0x000001c5dac1c000 DEOPT UNPACKING pc=0x000001c5e33ca1af sp=0x00000039ddafd5b0 mode 2
Event: 11.563 Thread 0x000001c5dac1c000 Uncommon trap: trap_request=0xffffff4d fr.pc=0x000001c5eb080934 relative=0x0000000000000974
Event: 11.563 Thread 0x000001c5dac1c000 Uncommon trap: reason=unstable_if action=reinterpret pc=0x000001c5eb080934 method=com.sun.tools.javac.comp.Check.checkType(Lcom/sun/tools/javac/util/JCDiagnostic$DiagnosticPosition;Lcom/sun/tools/javac/code/Type;Lcom/sun/tools/javac/code/Type;Lcom/sun/too
Event: 11.563 Thread 0x000001c5dac1c000 DEOPT PACKING pc=0x000001c5eb080934 sp=0x00000039ddafd200
Event: 11.563 Thread 0x000001c5dac1c000 DEOPT UNPACKING pc=0x000001c5e33ca1af sp=0x00000039ddafd1f0 mode 2
Event: 11.573 Thread 0x000001c5dac1c000 Uncommon trap: trap_request=0xffffff4d fr.pc=0x000001c5eb094f24 relative=0x0000000000000484
Event: 11.573 Thread 0x000001c5dac1c000 Uncommon trap: reason=unstable_if action=reinterpret pc=0x000001c5eb094f24 method=com.sun.tools.javac.code.Types$12.visitClassType(Lcom/sun/tools/javac/code/Type$ClassType;Lcom/sun/tools/javac/code/Symbol;)Lcom/sun/tools/javac/code/Type; @ 68 c2
Event: 11.573 Thread 0x000001c5dac1c000 DEOPT PACKING pc=0x000001c5eb094f24 sp=0x00000039ddafe160
Event: 11.573 Thread 0x000001c5dac1c000 DEOPT UNPACKING pc=0x000001c5e33ca1af sp=0x00000039ddafe0e0 mode 2

Classes redefined (0 events):
No events

Internal exceptions (20 events):
Event: 11.264 Thread 0x000001c5dac1c000 Exception <a 'sun/nio/fs/WindowsException'{0x000000008c53adb8}> (0x000000008c53adb8) thrown at [./src/hotspot/share/prims/jni.cpp, line 617]
Event: 11.264 Thread 0x000001c5dac1c000 Exception <a 'sun/nio/fs/WindowsException'{0x000000008c53b300}> (0x000000008c53b300) thrown at [./src/hotspot/share/prims/jni.cpp, line 617]
Event: 11.307 Thread 0x000001c5dac1c000 Exception <a 'sun/nio/fs/WindowsException'{0x000000008c5a3f38}> (0x000000008c5a3f38) thrown at [./src/hotspot/share/prims/jni.cpp, line 617]
Event: 11.307 Thread 0x000001c5dac1c000 Exception <a 'sun/nio/fs/WindowsException'{0x000000008c5a4458}> (0x000000008c5a4458) thrown at [./src/hotspot/share/prims/jni.cpp, line 617]
Event: 11.323 Thread 0x000001c5dac1c000 Exception <a 'sun/nio/fs/WindowsException'{0x000000008c5ae1c0}> (0x000000008c5ae1c0) thrown at [./src/hotspot/share/prims/jni.cpp, line 617]
Event: 11.323 Thread 0x000001c5dac1c000 Exception <a 'sun/nio/fs/WindowsException'{0x000000008c5ae6e0}> (0x000000008c5ae6e0) thrown at [./src/hotspot/share/prims/jni.cpp, line 617]
Event: 11.335 Thread 0x000001c5dac1c000 Exception <a 'sun/nio/fs/WindowsException'{0x000000008c5d29c0}> (0x000000008c5d29c0) thrown at [./src/hotspot/share/prims/jni.cpp, line 617]
Event: 11.359 Thread 0x000001c5dac1c000 Exception <a 'sun/nio/fs/WindowsException'{0x000000008c491ad0}> (0x000000008c491ad0) thrown at [./src/hotspot/share/prims/jni.cpp, line 617]
Event: 11.360 Thread 0x000001c5dac1c000 Exception <a 'sun/nio/fs/WindowsException'{0x000000008c491ff0}> (0x000000008c491ff0) thrown at [./src/hotspot/share/prims/jni.cpp, line 617]
Event: 11.381 Thread 0x000001c5dac1c000 Exception <a 'sun/nio/fs/WindowsException'{0x000000008c4c6320}> (0x000000008c4c6320) thrown at [./src/hotspot/share/prims/jni.cpp, line 617]
Event: 11.382 Thread 0x000001c5dac1c000 Exception <a 'sun/nio/fs/WindowsException'{0x000000008c4c6840}> (0x000000008c4c6840) thrown at [./src/hotspot/share/prims/jni.cpp, line 617]
Event: 11.448 Thread 0x000001c5dac1c000 Exception <a 'sun/nio/fs/WindowsException'{0x000000008c3e71d0}> (0x000000008c3e71d0) thrown at [./src/hotspot/share/prims/jni.cpp, line 617]
Event: 11.635 Thread 0x000001c5dac1c000 Exception <a 'sun/nio/fs/WindowsException'{0x000000009560fe08}> (0x000000009560fe08) thrown at [./src/hotspot/share/prims/jni.cpp, line 617]
Event: 11.639 Thread 0x000001c5dac1c000 Exception <a 'sun/nio/fs/WindowsException'{0x0000000095610328}> (0x0000000095610328) thrown at [./src/hotspot/share/prims/jni.cpp, line 617]
Event: 11.681 Thread 0x000001c5dac1c000 Exception <a 'sun/nio/fs/WindowsException'{0x000000009561cf28}> (0x000000009561cf28) thrown at [./src/hotspot/share/prims/jni.cpp, line 617]
Event: 11.698 Thread 0x000001c5dac1c000 Exception <a 'sun/nio/fs/WindowsException'{0x000000009562bb10}> (0x000000009562bb10) thrown at [./src/hotspot/share/prims/jni.cpp, line 617]
Event: 11.730 Thread 0x000001c5dac1c000 Exception <a 'sun/nio/fs/WindowsException'{0x0000000095658720}> (0x0000000095658720) thrown at [./src/hotspot/share/prims/jni.cpp, line 617]
Event: 11.863 Thread 0x000001c5dac1c000 Exception <a 'sun/nio/fs/WindowsException'{0x00000000956d1f68}> (0x00000000956d1f68) thrown at [./src/hotspot/share/prims/jni.cpp, line 617]
Event: 11.951 Thread 0x000001c5dac1c000 Exception <a 'sun/nio/fs/WindowsException'{0x00000000953d4288}> (0x00000000953d4288) thrown at [./src/hotspot/share/prims/jni.cpp, line 617]
Event: 11.966 Thread 0x000001c5dac1c000 Exception <a 'sun/nio/fs/WindowsException'{0x00000000953df438}> (0x00000000953df438) thrown at [./src/hotspot/share/prims/jni.cpp, line 617]

Events (20 events):
Event: 8.125 loading class com/sun/tools/javac/util/ListBuffer done
Event: 8.347 Executing VM operation: ICBufferFull
Event: 8.347 Executing VM operation: ICBufferFull done
Event: 8.609 Executing VM operation: ICBufferFull
Event: 8.609 Executing VM operation: ICBufferFull done
Event: 9.318 Executing VM operation: ICBufferFull
Event: 9.318 Executing VM operation: ICBufferFull done
Event: 9.698 Executing VM operation: G1CollectForAllocation
Event: 9.717 Executing VM operation: G1CollectForAllocation done
Event: 9.864 Executing VM operation: CGC_Operation
Event: 9.869 Executing VM operation: CGC_Operation done
Event: 9.955 Executing VM operation: CGC_Operation
Event: 9.956 Executing VM operation: CGC_Operation done
Event: 10.758 Loaded shared library C:\Program Files\Microsoft\jdk-11.0.15.10-hotspot\bin\nio.dll
Event: 11.271 Executing VM operation: ICBufferFull
Event: 11.271 Executing VM operation: ICBufferFull done
Event: 11.478 Executing VM operation: ICBufferFull
Event: 11.478 Executing VM operation: ICBufferFull done
Event: 11.521 Executing VM operation: G1CollectForAllocation
Event: 11.541 Executing VM operation: G1CollectForAllocation done


Dynamic libraries:
0x00007ff651240000 - 0x00007ff651247000 	C:\Program Files\Microsoft\jdk-11.0.15.10-hotspot\bin\javac.exe
0x00007ffad87f0000 - 0x00007ffad89e7000 	C:\WINDOWS\SYSTEM32\ntdll.dll
0x00007ffad7d90000 - 0x00007ffad7e4d000 	C:\WINDOWS\System32\KERNEL32.DLL
0x00007ffad64c0000 - 0x00007ffad678d000 	C:\WINDOWS\System32\KERNELBASE.dll
0x00007ffad6200000 - 0x00007ffad6300000 	C:\WINDOWS\System32\ucrtbase.dll
0x00007ffaaca40000 - 0x00007ffaaca55000 	C:\Program Files\Microsoft\jdk-11.0.15.10-hotspot\bin\VCRUNTIME140.dll
0x00007ffaaca20000 - 0x00007ffaaca37000 	C:\Program Files\Microsoft\jdk-11.0.15.10-hotspot\bin\jli.dll
0x00007ffad7bf0000 - 0x00007ffad7d90000 	C:\WINDOWS\System32\USER32.dll
0x00007ffad6820000 - 0x00007ffad6842000 	C:\WINDOWS\System32\win32u.dll
0x00007ffad6cb0000 - 0x00007ffad6cda000 	C:\WINDOWS\System32\GDI32.dll
0x00007ffad63b0000 - 0x00007ffad64bb000 	C:\WINDOWS\System32\gdi32full.dll
0x00007ffad5f10000 - 0x00007ffad5fad000 	C:\WINDOWS\System32\msvcp_win.dll
0x00007ffac3900000 - 0x00007ffac3b9a000 	C:\WINDOWS\WinSxS\amd64_microsoft.windows.common-controls_6595b64144ccf1df_6.0.19041.1110_none_60b5254171f9507e\COMCTL32.dll
0x00007ffad7380000 - 0x00007ffad741e000 	C:\WINDOWS\System32\msvcrt.dll
0x00007ffad6a30000 - 0x00007ffad6a60000 	C:\WINDOWS\System32\IMM32.DLL
0x00007ffa72ee0000 - 0x00007ffa72f7b000 	C:\Program Files\Microsoft\jdk-11.0.15.10-hotspot\bin\msvcp140.dll
0x00007ffa62aa0000 - 0x00007ffa63629000 	C:\Program Files\Microsoft\jdk-11.0.15.10-hotspot\bin\server\jvm.dll
0x00007ffad7b40000 - 0x00007ffad7bee000 	C:\WINDOWS\System32\ADVAPI32.dll
0x00007ffad6c10000 - 0x00007ffad6cac000 	C:\WINDOWS\System32\sechost.dll
0x00007ffad6850000 - 0x00007ffad6975000 	C:\WINDOWS\System32\RPCRT4.dll
0x00007ffad6d90000 - 0x00007ffad6d98000 	C:\WINDOWS\System32\PSAPI.DLL
0x00007ffac3050000 - 0x00007ffac3059000 	C:\WINDOWS\SYSTEM32\WSOCK32.dll
0x00007ffad7420000 - 0x00007ffad748b000 	C:\WINDOWS\System32\WS2_32.dll
0x00007ffac5b30000 - 0x00007ffac5b57000 	C:\WINDOWS\SYSTEM32\WINMM.dll
0x00007ffac7c50000 - 0x00007ffac7c5a000 	C:\WINDOWS\SYSTEM32\VERSION.dll
0x00007ffad4760000 - 0x00007ffad4772000 	C:\WINDOWS\SYSTEM32\kernel.appcore.dll
0x00007ffaab310000 - 0x00007ffaab320000 	C:\Program Files\Microsoft\jdk-11.0.15.10-hotspot\bin\verify.dll
0x00007ffac7d80000 - 0x00007ffac7f64000 	C:\WINDOWS\SYSTEM32\DBGHELP.DLL
0x00007ffac0e70000 - 0x00007ffac0e9c000 	C:\WINDOWS\SYSTEM32\dbgcore.DLL
0x00007ffad6790000 - 0x00007ffad6812000 	C:\WINDOWS\System32\bcryptPrimitives.dll
0x00007ffa9f060000 - 0x00007ffa9f088000 	C:\Program Files\Microsoft\jdk-11.0.15.10-hotspot\bin\java.dll
0x00007ffaab290000 - 0x00007ffaab29a000 	C:\Program Files\Microsoft\jdk-11.0.15.10-hotspot\bin\jimage.dll
0x00007ffaa4c10000 - 0x00007ffaa4c28000 	C:\Program Files\Microsoft\jdk-11.0.15.10-hotspot\bin\zip.dll
0x00007ffad7e50000 - 0x00007ffad8594000 	C:\WINDOWS\System32\SHELL32.dll
0x00007ffad3ee0000 - 0x00007ffad4674000 	C:\WINDOWS\SYSTEM32\windows.storage.dll
0x00007ffad7020000 - 0x00007ffad7374000 	C:\WINDOWS\System32\combase.dll
0x00007ffad57c0000 - 0x00007ffad57ec000 	C:\WINDOWS\SYSTEM32\Wldp.dll
0x00007ffad6980000 - 0x00007ffad6a2d000 	C:\WINDOWS\System32\SHCORE.dll
0x00007ffad85a0000 - 0x00007ffad85f5000 	C:\WINDOWS\System32\shlwapi.dll
0x00007ffad5e50000 - 0x00007ffad5e6f000 	C:\WINDOWS\SYSTEM32\profapi.dll
0x00007ffa9f040000 - 0x00007ffa9f059000 	C:\Program Files\Microsoft\jdk-11.0.15.10-hotspot\bin\net.dll
0x00007ffacc610000 - 0x00007ffacc71a000 	C:\WINDOWS\SYSTEM32\WINHTTP.dll
0x00007ffad55a0000 - 0x00007ffad560a000 	C:\WINDOWS\system32\mswsock.dll
0x00007ffa9e570000 - 0x00007ffa9e583000 	C:\Program Files\Microsoft\jdk-11.0.15.10-hotspot\bin\nio.dll

dbghelp: loaded successfully - version: 4.0.5 - missing functions: none
symbol engine: initialized successfully - sym options: 0x614 - pdb path: .;C:\Program Files\Microsoft\jdk-11.0.15.10-hotspot\bin;C:\WINDOWS\SYSTEM32;C:\WINDOWS\WinSxS\amd64_microsoft.windows.common-controls_6595b64144ccf1df_6.0.19041.1110_none_60b5254171f9507e;C:\Program Files\Microsoft\jdk-11.0.15.10-hotspot\bin\server

VM Arguments:
jvm_args: -Dapplication.home=C:\Program Files\Microsoft\jdk-11.0.15.10-hotspot --add-modules=ALL-DEFAULT -Xms8m -Dfile.encoding=UTF8 -Djdk.module.main=jdk.compiler 
java_command: jdk.compiler/com.sun.tools.javac.Main @C:\Users\admin\AppData\Local\Temp\tmp9C92.tmp -target 1.8 -source 1.8
java_class_path (initial): <not set>
Launcher Type: SUN_STANDARD

[Global flags]
     intx CICompilerCount                          = 3                                         {product} {ergonomic}
     uint ConcGCThreads                            = 1                                         {product} {ergonomic}
     uint G1ConcRefinementThreads                  = 4                                         {product} {ergonomic}
   size_t G1HeapRegionSize                         = 1048576                                   {product} {ergonomic}
    uintx GCDrainStackTargetSize                   = 64                                        {product} {ergonomic}
   size_t InitialHeapSize                          = 8388608                                   {product} {command line}
   size_t MarkStackSize                            = 4194304                                   {product} {ergonomic}
   size_t MaxHeapSize                              = 2061500416                                {product} {ergonomic}
   size_t MaxNewSize                               = 1236271104                                {product} {ergonomic}
   size_t MinHeapDeltaBytes                        = 1048576                                   {product} {ergonomic}
    uintx NonNMethodCodeHeapSize                   = 5830732                                {pd product} {ergonomic}
    uintx NonProfiledCodeHeapSize                  = 122913754                              {pd product} {ergonomic}
    uintx ProfiledCodeHeapSize                     = 122913754                              {pd product} {ergonomic}
    uintx ReservedCodeCacheSize                    = 251658240                              {pd product} {ergonomic}
     bool SegmentedCodeCache                       = true                                      {product} {ergonomic}
     bool UseCompressedClassPointers               = true                                 {lp64_product} {ergonomic}
     bool UseCompressedOops                        = true                                 {lp64_product} {ergonomic}
     bool UseG1GC                                  = true                                      {product} {ergonomic}
     bool UseLargePagesIndividualAllocation        = false                                  {pd product} {ergonomic}

Logging:
Log output configuration:
 #0: stdout all=warning uptime,level,tags
 #1: stderr all=off uptime,level,tags

Environment Variables:
JAVA_HOME=C:\Program Files\Microsoft\jdk-11.0.15.10-hotspot
PATH=C:\Program Files\Microsoft\jdk-11.0.15.10-hotspot\bin;C:\Program Files\Microsoft\jdk-17.0.3.7-hotspot\bin;C:\Program Files\Eclipse Foundation\jdk-8.0.302.8-hotspot\bin;C:\Program Files\Common Files\Oracle\Java\javapath;C:\Program Files (x86)\NVIDIA Corporation\PhysX\Common;C:\ProgramData\Oracle\Java\javapath;C:\WINDOWS\system32;C:\WINDOWS;C:\WINDOWS\System32\Wbem;C:\WINDOWS\System32\WindowsPowerShell\v1.0\;C:\Program Files (x86)\Skype\Phone\;C:\Program Files\WIDCOMM\Bluetooth Software\;C:\Program Files\WIDCOMM\Bluetooth Software\syswow64;C:\WINDOWS\System32\OpenSSH\;C:\Program Files\Git\cmd;C:\Program Files\Notepad++;C:\Program Files\Microsoft VS Code\bin;C:\Program Files (x86)\nodejs\;C:\Program Files\apache-maven-3.8.5-bin\apache-maven-3.8.5\bin;C:\Program Files\apache-maven-3.8.5-bin\apache-maven-3.8.5\bin;C:\Program Files\Java\jdk-18.0.1\bin;C:\Program Files\dotnet\;C:\Program Files\MySQL\MySQL Shell 8.0\bin\;C:\Users\admin\AppData\Local\Microsoft\WindowsApps;C:\Program Files\Intel\WiFi\bin\;C:\Program Files\Common Files\Intel\WirelessCommon\;C:\Users\admin\AppData\Roaming\npm;C:\Program Files\heroku\bin;C:\ProgramData\admin\GitHubDesktop\bin;C:\Users\admin\AppData\Local\GitHubDesktop\bin;C:\Program Files\apache-maven-3.8.5-bin\apache-maven-3.8.5\bin;;C:\Program Files\JetBrains\IntelliJ IDEA 2022.1\bin;;C:\Users\admin\.dotnet\tools
USERNAME=admin
OS=Windows_NT
PROCESSOR_IDENTIFIER=Intel64 Family 6 Model 78 Stepping 3, GenuineIntel



---------------  S Y S T E M  ---------------

OS: Windows 10 , 64 bit Build 19041 (10.0.19041.1741)
OS uptime: 2 days 17:34 hours
Hyper-V role detected

CPU:total 4 (initial active 4) (2 cores per cpu, 2 threads per core) family 6 model 78 stepping 3 microcode 0xec, cmov, cx8, fxsr, mmx, sse, sse2, sse3, ssse3, sse4.1, sse4.2, popcnt, avx, avx2, aes, clmul, erms, rtm, 3dnowpref, lzcnt, ht, tsc, tscinvbit, bmi1, bmi2, adx, fma

Memory: 4k page, system-wide physical 7862M (923M free)
TotalPageFile size 11862M (AvailPageFile size 5M)
current process WorkingSet (physical memory assigned to process): 212M, peak: 212M
current process commit charge ("private bytes"): 393M, peak: 394M

vm_info: OpenJDK 64-Bit Server VM (11.0.15+10-LTS) for windows-amd64 JRE (11.0.15+10-LTS), built on Apr 20 2022 04:12:07 by "" with unknown MS VC++:1916

END.
