#
# There is insufficient memory for the Java Runtime Environment to continue.
# Native memory allocation (mmap) failed to map 130023424 bytes for Failed to commit area from 0x0000000085200000 to 0x000000008ce00000 of length 130023424.
# Possible reasons:
#   The system is out of physical RAM or swap space
#   The process is running with CompressedOops enabled, and the Java Heap may be blocking the growth of the native heap
# Possible solutions:
#   Reduce memory load on the system
#   Increase physical memory or swap space
#   Check if swap backing store is full
#   Decrease Java heap size (-Xmx/-Xms)
#   Decrease number of Java threads
#   Decrease Java thread stack sizes (-Xss)
#   Set larger code cache with -XX:ReservedCodeCacheSize=
# This output file may be truncated or incomplete.
#
#  Out of Memory Error (./src/hotspot/os/windows/os_windows.cpp:3390), pid=9724, tid=7208
#
# JRE version:  (11.0.15+10) (build )
# Java VM: OpenJDK 64-Bit Server VM (11.0.15+10-LTS, mixed mode, sharing, tiered, compressed oops, g1 gc, windows-amd64)
# No core dump will be written. Minidumps are not enabled by default on client versions of Windows
#

---------------  S U M M A R Y ------------

Command Line: 

Host: Intel(R) Core(TM) i5-6300U CPU @ 2.40GHz, 4 cores, 7G,  Windows 10 , 64 bit Build 19041 (10.0.19041.1741)
Time: Sat Jul  9 16:10:02 2022 Eastern Daylight Time elapsed time: 0.020840 seconds (0d 0h 0m 0s)

---------------  T H R E A D  ---------------

Current thread (0x000001ee745dd800):  JavaThread "Unknown thread" [_thread_in_vm, id=7208, stack(0x000000d774a00000,0x000000d774b00000)]

Stack: [0x000000d774a00000,0x000000d774b00000]
Native frames: (J=compiled Java code, j=interpreted, Vv=VM code, C=native code)
V  [jvm.dll+0x625aca]
V  [jvm.dll+0x7b2589]
V  [jvm.dll+0x7b3c78]
V  [jvm.dll+0x7b4353]
V  [jvm.dll+0x24fb98]
V  [jvm.dll+0x622d6a]
V  [jvm.dll+0x6175c5]
V  [jvm.dll+0x30789c]
V  [jvm.dll+0x307722]
V  [jvm.dll+0x30c436]
V  [jvm.dll+0x35288f]
V  [jvm.dll+0x3522c0]
V  [jvm.dll+0x2e4898]
V  [jvm.dll+0x2e59f6]
V  [jvm.dll+0x78c3d7]
V  [jvm.dll+0x78db5f]
V  [jvm.dll+0x35f5d9]
V  [jvm.dll+0x76f370]
V  [jvm.dll+0x3cd0cf]
V  [jvm.dll+0x3cf461]
C  [jli.dll+0x5207]
C  [ucrtbase.dll+0x21bb2]
C  [KERNEL32.DLL+0x17034]
C  [ntdll.dll+0x52651]


---------------  P R O C E S S  ---------------

Threads class SMR info:
_java_thread_list=0x000001ee72312c50, length=0, elements={
}

Java Threads: ( => current thread )

Other Threads:
  0x000001ee723ed000 GCTaskThread "GC Thread#0" [stack: 0x000000d774b00000,0x000000d774c00000] [id=14396]
  0x000001ee74620000 ConcurrentGCThread "G1 Main Marker" [stack: 0x000000d774c00000,0x000000d774d00000] [id=2828]
  0x000001ee74621800 ConcurrentGCThread "G1 Conc#0" [stack: 0x000000d774d00000,0x000000d774e00000] [id=10476]

[error occurred during error reporting (printing all threads), id 0xc0000005, EXCEPTION_ACCESS_VIOLATION (0xc0000005) at pc=0x00007ffa4ff04067]

VM state:not at safepoint (not fully initialized)

VM Mutex/Monitor currently owned by a thread:  ([mutex/lock_event])
[0x000001ee745d90e0] Heap_lock - owner thread: 0x000001ee745dd800

Heap address: 0x0000000085200000, size: 1966 MB, Compressed Oops mode: Non-zero based: 0x0000000085200000
Narrow klass base: 0x0000000000000000, Narrow klass shift: 0

GC Heap History (0 events):
No events

Deoptimization events (0 events):
No events

Classes redefined (0 events):
No events

Internal exceptions (0 events):
No events

Events (1 events):
Event: 0.011 Loaded shared library C:\Program Files\Microsoft\jdk-11.0.15.10-hotspot\bin\zip.dll


Dynamic libraries:
0x00007ff764b70000 - 0x00007ff764b7d000 	C:\Program Files\Microsoft\jdk-11.0.15.10-hotspot\bin\java.exe
0x00007ffad87f0000 - 0x00007ffad89e7000 	C:\WINDOWS\SYSTEM32\ntdll.dll
0x00007ffad7d90000 - 0x00007ffad7e4d000 	C:\WINDOWS\System32\KERNEL32.DLL
0x00007ffad64c0000 - 0x00007ffad678d000 	C:\WINDOWS\System32\KERNELBASE.dll
0x00007ffad6200000 - 0x00007ffad6300000 	C:\WINDOWS\System32\ucrtbase.dll
0x00007ffaaca20000 - 0x00007ffaaca37000 	C:\Program Files\Microsoft\jdk-11.0.15.10-hotspot\bin\jli.dll
0x00007ffaaa0d0000 - 0x00007ffaaa0e5000 	C:\Program Files\Microsoft\jdk-11.0.15.10-hotspot\bin\VCRUNTIME140.dll
0x00007ffad7bf0000 - 0x00007ffad7d90000 	C:\WINDOWS\System32\USER32.dll
0x00007ffad6820000 - 0x00007ffad6842000 	C:\WINDOWS\System32\win32u.dll
0x00007ffac3900000 - 0x00007ffac3b9a000 	C:\WINDOWS\WinSxS\amd64_microsoft.windows.common-controls_6595b64144ccf1df_6.0.19041.1110_none_60b5254171f9507e\COMCTL32.dll
0x00007ffad6cb0000 - 0x00007ffad6cda000 	C:\WINDOWS\System32\GDI32.dll
0x00007ffad7380000 - 0x00007ffad741e000 	C:\WINDOWS\System32\msvcrt.dll
0x00007ffad63b0000 - 0x00007ffad64bb000 	C:\WINDOWS\System32\gdi32full.dll
0x00007ffad5f10000 - 0x00007ffad5fad000 	C:\WINDOWS\System32\msvcp_win.dll
0x00007ffad6a30000 - 0x00007ffad6a60000 	C:\WINDOWS\System32\IMM32.DLL
0x00007ffa73350000 - 0x00007ffa733eb000 	C:\Program Files\Microsoft\jdk-11.0.15.10-hotspot\bin\msvcp140.dll
0x00007ffa4fc10000 - 0x00007ffa50799000 	C:\Program Files\Microsoft\jdk-11.0.15.10-hotspot\bin\server\jvm.dll
0x00007ffad7b40000 - 0x00007ffad7bee000 	C:\WINDOWS\System32\ADVAPI32.dll
0x00007ffad6c10000 - 0x00007ffad6cac000 	C:\WINDOWS\System32\sechost.dll
0x00007ffad6850000 - 0x00007ffad6975000 	C:\WINDOWS\System32\RPCRT4.dll
0x00007ffad6d90000 - 0x00007ffad6d98000 	C:\WINDOWS\System32\PSAPI.DLL
0x00007ffac3050000 - 0x00007ffac3059000 	C:\WINDOWS\SYSTEM32\WSOCK32.dll
0x00007ffac7c50000 - 0x00007ffac7c5a000 	C:\WINDOWS\SYSTEM32\VERSION.dll
0x00007ffad7420000 - 0x00007ffad748b000 	C:\WINDOWS\System32\WS2_32.dll
0x00007ffac5b30000 - 0x00007ffac5b57000 	C:\WINDOWS\SYSTEM32\WINMM.dll
0x00007ffad4760000 - 0x00007ffad4772000 	C:\WINDOWS\SYSTEM32\kernel.appcore.dll
0x00007ffac5400000 - 0x00007ffac5410000 	C:\Program Files\Microsoft\jdk-11.0.15.10-hotspot\bin\verify.dll
0x00007ffac7d80000 - 0x00007ffac7f64000 	C:\WINDOWS\SYSTEM32\DBGHELP.DLL
0x00007ffac0e70000 - 0x00007ffac0e9c000 	C:\WINDOWS\SYSTEM32\dbgcore.DLL
0x00007ffad6790000 - 0x00007ffad6812000 	C:\WINDOWS\System32\bcryptPrimitives.dll
0x00007ffa9e4c0000 - 0x00007ffa9e4e8000 	C:\Program Files\Microsoft\jdk-11.0.15.10-hotspot\bin\java.dll
0x00007ffaacfe0000 - 0x00007ffaacfea000 	C:\Program Files\Microsoft\jdk-11.0.15.10-hotspot\bin\jimage.dll
0x00007ffaa4480000 - 0x00007ffaa4498000 	C:\Program Files\Microsoft\jdk-11.0.15.10-hotspot\bin\zip.dll

dbghelp: loaded successfully - version: 4.0.5 - missing functions: none
symbol engine: initialized successfully - sym options: 0x614 - pdb path: .;C:\Program Files\Microsoft\jdk-11.0.15.10-hotspot\bin;C:\WINDOWS\SYSTEM32;C:\WINDOWS\WinSxS\amd64_microsoft.windows.common-controls_6595b64144ccf1df_6.0.19041.1110_none_60b5254171f9507e;C:\Program Files\Microsoft\jdk-11.0.15.10-hotspot\bin\server

VM Arguments:
java_command: <unknown>
java_class_path (initial): <not set>
Launcher Type: SUN_STANDARD

[Global flags]
     intx CICompilerCount                          = 3                                         {product} {ergonomic}
     uint ConcGCThreads                            = 1                                         {product} {ergonomic}
     uint G1ConcRefinementThreads                  = 4                                         {product} {ergonomic}
   size_t G1HeapRegionSize                         = 1048576                                   {product} {ergonomic}
    uintx GCDrainStackTargetSize                   = 64                                        {product} {ergonomic}
   size_t InitialHeapSize                          = 130023424                                 {product} {ergonomic}
   size_t MarkStackSize                            = 4194304                                   {product} {ergonomic}
   size_t MaxHeapSize                              = 2061500416                                {product} {ergonomic}
   size_t MinHeapDeltaBytes                        = 1048576                                   {product} {ergonomic}
    uintx NonNMethodCodeHeapSize                   = 5830732                                {pd product} {ergonomic}
    uintx NonProfiledCodeHeapSize                  = 122913754                              {pd product} {ergonomic}
    uintx ProfiledCodeHeapSize                     = 122913754                              {pd product} {ergonomic}
    uintx ReservedCodeCacheSize                    = 251658240                              {pd product} {ergonomic}
     bool SegmentedCodeCache                       = true                                      {product} {ergonomic}
     bool UseCompressedClassPointers               = true                                 {lp64_product} {ergonomic}
     bool UseCompressedOops                        = true                                 {lp64_product} {ergonomic}
     bool UseG1GC                                  = true                                      {product} {ergonomic}
     bool UseLargePagesIndividualAllocation        = false                                  {pd product} {ergonomic}

Logging:
Log output configuration:
 #0: stdout all=warning uptime,level,tags
 #1: stderr all=off uptime,level,tags

Environment Variables:
JAVA_HOME=C:\Program Files\Microsoft\jdk-11.0.15.10-hotspot
PATH=C:\Program Files\Microsoft\jdk-11.0.15.10-hotspot\bin;C:\Program Files\Eclipse Foundation\jdk-8.0.302.8-hotspot\bin;C:\Program Files\Common Files\Oracle\Java\javapath;C:\Program Files (x86)\NVIDIA Corporation\PhysX\Common;C:\ProgramData\Oracle\Java\javapath;C:\WINDOWS\system32;C:\WINDOWS;C:\WINDOWS\System32\Wbem;C:\WINDOWS\System32\WindowsPowerShell\v1.0\;C:\Program Files (x86)\Skype\Phone\;C:\Program Files\WIDCOMM\Bluetooth Software\;C:\Program Files\WIDCOMM\Bluetooth Software\syswow64;C:\WINDOWS\System32\OpenSSH\;C:\Program Files\Git\cmd;C:\Program Files\Notepad++;C:\Program Files\Microsoft VS Code\bin;C:\Program Files (x86)\nodejs\;C:\Program Files\apache-maven-3.8.5-bin\apache-maven-3.8.5\bin;C:\Program Files\apache-maven-3.8.5-bin\apache-maven-3.8.5\bin;C:\Program Files\Java\jdk-18.0.1\bin;C:\Program Files\dotnet\;C:\Program Files\MySQL\MySQL Shell 8.0\bin\;C:\Users\admin\AppData\Local\Microsoft\WindowsApps;C:\Program Files\Intel\WiFi\bin\;C:\Program Files\Common Files\Intel\WirelessCommon\;C:\Users\admin\AppData\Roaming\npm;C:\Program Files\heroku\bin;C:\ProgramData\admin\GitHubDesktop\bin;C:\Users\admin\AppData\Local\GitHubDesktop\bin;C:\Program Files\JetBrains\IntelliJ IDEA 2022.1\bin;C:\Users\admin\.dotnet\tools
USERNAME=admin
OS=Windows_NT
PROCESSOR_IDENTIFIER=Intel64 Family 6 Model 78 Stepping 3, GenuineIntel



---------------  S Y S T E M  ---------------

OS: Windows 10 , 64 bit Build 19041 (10.0.19041.1741)
OS uptime: 0 days 22:20 hours
Hyper-V role detected

CPU:total 4 (initial active 4) (2 cores per cpu, 2 threads per core) family 6 model 78 stepping 3 microcode 0xec, cmov, cx8, fxsr, mmx, sse, sse2, sse3, ssse3, sse4.1, sse4.2, popcnt, avx, avx2, aes, clmul, erms, rtm, 3dnowpref, lzcnt, ht, tsc, tscinvbit, bmi1, bmi2, adx, fma

Memory: 4k page, system-wide physical 7862M (842M free)
TotalPageFile size 11862M (AvailPageFile size 71M)
current process WorkingSet (physical memory assigned to process): 9M, peak: 9M
current process commit charge ("private bytes"): 51M, peak: 175M

vm_info: OpenJDK 64-Bit Server VM (11.0.15+10-LTS) for windows-amd64 JRE (11.0.15+10-LTS), built on Apr 20 2022 04:12:07 by "" with unknown MS VC++:1916

END.
