#
# There is insufficient memory for the Java Runtime Environment to continue.
# Native memory allocation (mmap) failed to map 69206016 bytes for Failed to commit area from 0x0000000090400000 to 0x0000000094600000 of length 69206016.
# Possible reasons:
#   The system is out of physical RAM or swap space
#   The process is running with CompressedOops enabled, and the Java Heap may be blocking the growth of the native heap
# Possible solutions:
#   Reduce memory load on the system
#   Increase physical memory or swap space
#   Check if swap backing store is full
#   Decrease Java heap size (-Xmx/-Xms)
#   Decrease number of Java threads
#   Decrease Java thread stack sizes (-Xss)
#   Set larger code cache with -XX:ReservedCodeCacheSize=
#   JVM is running with Unscaled Compressed Oops mode in which the Java heap is
#     placed in the first 4GB address space. The Java Heap base address is the
#     maximum limit for the native heap growth. Please use -XX:HeapBaseMinAddress
#     to set the Java Heap base and to place the Java Heap above 4GB virtual address.
# This output file may be truncated or incomplete.
#
#  Out of Memory Error (./src/hotspot/os/windows/os_windows.cpp:3390), pid=17508, tid=6936
#
# JRE version: OpenJDK Runtime Environment Microsoft-32930 (11.0.15+10) (build 11.0.15+10-LTS)
# Java VM: OpenJDK 64-Bit Server VM Microsoft-32930 (11.0.15+10-LTS, mixed mode, tiered, compressed oops, g1 gc, windows-amd64)
# No core dump will be written. Minidumps are not enabled by default on client versions of Windows
#

---------------  S U M M A R Y ------------

Command Line: -Dapplication.home=C:\Program Files\Microsoft\jdk-11.0.15.10-hotspot --add-modules=ALL-DEFAULT -Xms8m -Dfile.encoding=UTF8 -Djdk.module.main=jdk.compiler jdk.compiler/com.sun.tools.javac.Main @C:\Users\admin\AppData\Local\Temp\tmpC2D2.tmp -target 1.8 -source 1.8

Host: Intel(R) Core(TM) i5-6300U CPU @ 2.40GHz, 4 cores, 7G,  Windows 10 , 64 bit Build 19041 (10.0.19041.1741)
Time: Mon Jul 11 11:21:59 2022 Eastern Daylight Time elapsed time: 11.213381 seconds (0d 0h 0m 11s)

---------------  T H R E A D  ---------------

Current thread (0x0000026a429c3000):  VMThread "VM Thread" [stack: 0x0000009b8f600000,0x0000009b8f700000] [id=6936]

Stack: [0x0000009b8f600000,0x0000009b8f700000]
[error occurred during error reporting (printing stack bounds), id 0xc0000005, EXCEPTION_ACCESS_VIOLATION (0xc0000005) at pc=0x0000026a2cc2112d]

Native frames: (J=compiled Java code, j=interpreted, Vv=VM code, C=native code)
V  [jvm.dll+0x625aca]
V  [jvm.dll+0x7b2589]
V  [jvm.dll+0x7b3c78]
V  [jvm.dll+0x7b42b5]
V  [jvm.dll+0x7b426b]
V  [jvm.dll+0x624e57]
V  [jvm.dll+0x625568]
C  [ntdll.dll+0xa209f]
C  [ntdll.dll+0x51454]
C  [ntdll.dll+0xa0bce]
C  0x0000026a2cc2112d

VM_Operation (0x0000009b8f0fbcc0): G1CollectForAllocation, mode: safepoint, requested by thread 0x0000026a244be800


---------------  P R O C E S S  ---------------

Threads class SMR info:
_java_thread_list=0x0000026a43955380, length=10, elements={
0x0000026a244be800, 0x0000026a429f9000, 0x0000026a42a02000, 0x0000026a42a59000,
0x0000026a429f3000, 0x0000026a429f5000, 0x0000026a42a09000, 0x0000026a42a0f800,
0x0000026a42a62000, 0x0000026a434c0000
}

Java Threads: ( => current thread )
  0x0000026a244be800 JavaThread "main" [_thread_blocked, id=13760, stack(0x0000009b8f000000,0x0000009b8f100000)]
  0x0000026a429f9000 JavaThread "Reference Handler" daemon [_thread_blocked, id=11632, stack(0x0000009b8f700000,0x0000009b8f800000)]
  0x0000026a42a02000 JavaThread "Finalizer" daemon [_thread_blocked, id=17344, stack(0x0000009b8f800000,0x0000009b8f900000)]
  0x0000026a42a59000 JavaThread "Signal Dispatcher" daemon [_thread_blocked, id=11984, stack(0x0000009b8f900000,0x0000009b8fa00000)]
  0x0000026a429f3000 JavaThread "Attach Listener" daemon [_thread_blocked, id=14584, stack(0x0000009b8fa00000,0x0000009b8fb00000)]
  0x0000026a429f5000 JavaThread "Service Thread" daemon [_thread_blocked, id=16228, stack(0x0000009b8fb00000,0x0000009b8fc00000)]
  0x0000026a42a09000 JavaThread "C2 CompilerThread0" daemon [_thread_in_native, id=276, stack(0x0000009b8fc00000,0x0000009b8fd00000)]
  0x0000026a42a0f800 JavaThread "C1 CompilerThread0" daemon [_thread_blocked, id=11752, stack(0x0000009b8fd00000,0x0000009b8fe00000)]
  0x0000026a42a62000 JavaThread "Sweeper thread" daemon [_thread_blocked, id=4256, stack(0x0000009b8fe00000,0x0000009b8ff00000)]
  0x0000026a434c0000 JavaThread "Common-Cleaner" daemon [_thread_blocked, id=7472, stack(0x0000009b8ff00000,0x0000009b90000000)]

Other Threads:
=>0x0000026a429c3000 VMThread "VM Thread" [stack: 0x0000009b8f600000,0x0000009b8f700000] [id=6936]
  0x0000026a43580000 WatcherThread [stack: 0x0000009b90000000,0x0000009b90100000] [id=9280]
  0x0000026a244d3800 GCTaskThread "GC Thread#0" [stack: 0x0000009b8f100000,0x0000009b8f200000] [id=15272]
  0x0000026a43609800 GCTaskThread "GC Thread#1" [stack: 0x0000009b90100000,0x0000009b90200000] [id=1172]
  0x0000026a447f6800 GCTaskThread "GC Thread#2" [stack: 0x0000009b90400000,0x0000009b90500000] [id=14976]
  0x0000026a452de000 GCTaskThread "GC Thread#3" [stack: 0x0000009b90500000,0x0000009b90600000] [id=12168]
  0x0000026a24503800 ConcurrentGCThread "G1 Main Marker" [stack: 0x0000009b8f200000,0x0000009b8f300000] [id=3768]
  0x0000026a24506000 ConcurrentGCThread "G1 Conc#0" [stack: 0x0000009b8f300000,0x0000009b8f400000] [id=11864]
  0x0000026a24557800 ConcurrentGCThread "G1 Refine#0" [stack: 0x0000009b8f400000,0x0000009b8f500000] [id=3352]
  0x0000026a433db000 ConcurrentGCThread "G1 Refine#1" [stack: 0x0000009b90200000,0x0000009b90300000] [id=14092]
  0x0000026a43f65000 ConcurrentGCThread "G1 Refine#2" [stack: 0x0000009b90300000,0x0000009b90400000] [id=11504]
  0x0000026a45381000 ConcurrentGCThread "G1 Refine#3" [stack: 0x0000009b90600000,0x0000009b90700000] [id=4028]
  0x0000026a24559800 ConcurrentGCThread "G1 Young RemSet Sampling" [stack: 0x0000009b8f500000,0x0000009b8f600000] [id=3460]

Threads with active compile tasks:
C2 CompilerThread0    11247 4162   !   4       com.sun.tools.javac.code.Types$MembersClosureCache::visitClassType (216 bytes)

VM state:at safepoint (normal execution)

VM Mutex/Monitor currently owned by a thread:  ([mutex/lock_event])
[0x0000026a244badb0] Threads_lock - owner thread: 0x0000026a429c3000
[0x0000026a244baae0] Heap_lock - owner thread: 0x0000026a244be800

Heap address: 0x0000000085200000, size: 1966 MB, Compressed Oops mode: 32-bit
Narrow klass base: 0x0000000000000000, Narrow klass shift: 3
Compressed class space size: 1073741824 Address: 0x0000000100000000

Heap:
 garbage-first heap   total 249856K, used 76929K [0x0000000085200000, 0x0000000100000000)
  region size 1024K, 5 young (5120K), 5 survivors (5120K)
 Metaspace       used 18353K, capacity 18684K, committed 18688K, reserved 1067008K
  class space    used 1669K, capacity 1789K, committed 1792K, reserved 1048576K
Heap Regions: E=young(eden), S=young(survivor), O=old, HS=humongous(starts), HC=humongous(continues), CS=collection set, F=free, A=archive, TAMS=top-at-mark-start (previous, next)
|   0|0x0000000085200000, 0x0000000085300000, 0x0000000085300000|100%| O|  |TAMS 0x0000000085300000, 0x0000000085200000| Untracked 
|   1|0x0000000085300000, 0x0000000085400000, 0x0000000085400000|100%| O|  |TAMS 0x0000000085400000, 0x0000000085300000| Untracked 
|   2|0x0000000085400000, 0x0000000085500000, 0x0000000085500000|100%| O|  |TAMS 0x0000000085500000, 0x0000000085400000| Untracked 
|   3|0x0000000085500000, 0x0000000085600000, 0x0000000085600000|100%| O|  |TAMS 0x0000000085600000, 0x0000000085500000| Untracked 
|   4|0x0000000085600000, 0x0000000085700000, 0x0000000085700000|100%| O|  |TAMS 0x0000000085700000, 0x0000000085600000| Untracked 
|   5|0x0000000085700000, 0x0000000085800000, 0x0000000085800000|100%| O|  |TAMS 0x0000000085800000, 0x0000000085700000| Untracked 
|   6|0x0000000085800000, 0x0000000085900000, 0x0000000085900000|100%| O|  |TAMS 0x0000000085900000, 0x0000000085800000| Untracked 
|   7|0x0000000085900000, 0x0000000085a00000, 0x0000000085a00000|100%| O|  |TAMS 0x0000000085a00000, 0x0000000085900000| Untracked 
|   8|0x0000000085a00000, 0x0000000085b00000, 0x0000000085b00000|100%| O|  |TAMS 0x0000000085b00000, 0x0000000085a00000| Untracked 
|   9|0x0000000085b00000, 0x0000000085c00000, 0x0000000085c00000|100%| O|  |TAMS 0x0000000085c00000, 0x0000000085b00000| Untracked 
|  10|0x0000000085c00000, 0x0000000085d00000, 0x0000000085d00000|100%|HS|  |TAMS 0x0000000085d00000, 0x0000000085c00000| Complete 
|  11|0x0000000085d00000, 0x0000000085e00000, 0x0000000085e00000|100%|HC|  |TAMS 0x0000000085e00000, 0x0000000085d00000| Complete 
|  12|0x0000000085e00000, 0x0000000085f00000, 0x0000000085f00000|100%|HC|  |TAMS 0x0000000085f00000, 0x0000000085e00000| Complete 
|  13|0x0000000085f00000, 0x0000000086000000, 0x0000000086000000|100%|HS|  |TAMS 0x0000000086000000, 0x0000000085f00000| Complete 
|  14|0x0000000086000000, 0x0000000086100000, 0x0000000086100000|100%|HC|  |TAMS 0x0000000086100000, 0x0000000086000000| Complete 
|  15|0x0000000086100000, 0x0000000086200000, 0x0000000086200000|100%|HC|  |TAMS 0x0000000086200000, 0x0000000086100000| Complete 
|  16|0x0000000086200000, 0x0000000086300000, 0x0000000086300000|100%|HC|  |TAMS 0x0000000086300000, 0x0000000086200000| Complete 
|  17|0x0000000086300000, 0x0000000086400000, 0x0000000086400000|100%|HC|  |TAMS 0x0000000086400000, 0x0000000086300000| Complete 
|  18|0x0000000086400000, 0x0000000086500000, 0x0000000086500000|100%|HS|  |TAMS 0x0000000086500000, 0x0000000086400000| Complete 
|  19|0x0000000086500000, 0x0000000086600000, 0x0000000086600000|100%| O|  |TAMS 0x0000000086600000, 0x0000000086500000| Untracked 
|  20|0x0000000086600000, 0x0000000086700000, 0x0000000086700000|100%|HS|  |TAMS 0x0000000086700000, 0x0000000086600000| Complete 
|  21|0x0000000086700000, 0x0000000086800000, 0x0000000086800000|100%|HC|  |TAMS 0x0000000086800000, 0x0000000086700000| Complete 
|  22|0x0000000086800000, 0x0000000086900000, 0x0000000086900000|100%| O|  |TAMS 0x0000000086900000, 0x0000000086800000| Untracked 
|  23|0x0000000086900000, 0x0000000086a00000, 0x0000000086a00000|100%| O|  |TAMS 0x0000000086a00000, 0x0000000086900000| Untracked 
|  24|0x0000000086a00000, 0x0000000086b00000, 0x0000000086b00000|100%| O|  |TAMS 0x0000000086b00000, 0x0000000086a00000| Untracked 
|  25|0x0000000086b00000, 0x0000000086c00000, 0x0000000086c00000|100%| O|  |TAMS 0x0000000086c00000, 0x0000000086b00000| Untracked 
|  26|0x0000000086c00000, 0x0000000086d00000, 0x0000000086d00000|100%| O|  |TAMS 0x0000000086d00000, 0x0000000086c00000| Untracked 
|  27|0x0000000086d00000, 0x0000000086e00000, 0x0000000086e00000|100%| O|  |TAMS 0x0000000086e00000, 0x0000000086d00000| Untracked 
|  28|0x0000000086e00000, 0x0000000086f00000, 0x0000000086f00000|100%| O|  |TAMS 0x0000000086f00000, 0x0000000086e00000| Untracked 
|  29|0x0000000086f00000, 0x0000000087000000, 0x0000000087000000|100%| O|  |TAMS 0x0000000087000000, 0x0000000086f00000| Untracked 
|  30|0x0000000087000000, 0x0000000087100000, 0x0000000087100000|100%| O|  |TAMS 0x0000000087100000, 0x0000000087000000| Untracked 
|  31|0x0000000087100000, 0x0000000087200000, 0x0000000087200000|100%| O|  |TAMS 0x0000000087200000, 0x0000000087100000| Untracked 
|  32|0x0000000087200000, 0x0000000087300000, 0x0000000087300000|100%| O|  |TAMS 0x0000000087300000, 0x0000000087200000| Untracked 
|  33|0x0000000087300000, 0x0000000087400000, 0x0000000087400000|100%| O|  |TAMS 0x0000000087300000, 0x0000000087300000| Untracked 
|  34|0x0000000087400000, 0x0000000087500000, 0x0000000087500000|100%| O|  |TAMS 0x0000000087500000, 0x0000000087400000| Untracked 
|  35|0x0000000087500000, 0x0000000087600000, 0x0000000087600000|100%| O|  |TAMS 0x0000000087600000, 0x0000000087500000| Untracked 
|  36|0x0000000087600000, 0x0000000087700000, 0x0000000087700000|100%| O|  |TAMS 0x0000000087700000, 0x0000000087600000| Untracked 
|  37|0x0000000087700000, 0x0000000087800000, 0x0000000087800000|100%| O|  |TAMS 0x0000000087800000, 0x0000000087700000| Untracked 
|  38|0x0000000087800000, 0x0000000087900000, 0x0000000087900000|100%| O|  |TAMS 0x0000000087900000, 0x0000000087800000| Untracked 
|  39|0x0000000087900000, 0x0000000087a00000, 0x0000000087a00000|100%| O|  |TAMS 0x0000000087a00000, 0x0000000087900000| Untracked 
|  40|0x0000000087a00000, 0x0000000087b00000, 0x0000000087b00000|100%| O|  |TAMS 0x0000000087b00000, 0x0000000087a00000| Untracked 
|  41|0x0000000087b00000, 0x0000000087c00000, 0x0000000087c00000|100%| O|  |TAMS 0x0000000087c00000, 0x0000000087b00000| Untracked 
|  42|0x0000000087c00000, 0x0000000087d00000, 0x0000000087d00000|100%| O|  |TAMS 0x0000000087d00000, 0x0000000087c00000| Untracked 
|  43|0x0000000087d00000, 0x0000000087e00000, 0x0000000087e00000|100%| O|  |TAMS 0x0000000087e00000, 0x0000000087d00000| Untracked 
|  44|0x0000000087e00000, 0x0000000087f00000, 0x0000000087f00000|100%| O|  |TAMS 0x0000000087f00000, 0x0000000087e00000| Untracked 
|  45|0x0000000087f00000, 0x0000000088000000, 0x0000000088000000|100%| O|  |TAMS 0x0000000088000000, 0x0000000087f00000| Untracked 
|  46|0x0000000088000000, 0x0000000088100000, 0x0000000088100000|100%| O|  |TAMS 0x0000000088100000, 0x0000000088000000| Untracked 
|  47|0x0000000088100000, 0x0000000088200000, 0x0000000088200000|100%| O|  |TAMS 0x0000000088200000, 0x0000000088100000| Untracked 
|  48|0x0000000088200000, 0x0000000088300000, 0x0000000088300000|100%| O|  |TAMS 0x0000000088300000, 0x0000000088200000| Untracked 
|  49|0x0000000088300000, 0x0000000088400000, 0x0000000088400000|100%| O|  |TAMS 0x0000000088400000, 0x0000000088300000| Untracked 
|  50|0x0000000088400000, 0x0000000088500000, 0x0000000088500000|100%| O|  |TAMS 0x0000000088500000, 0x0000000088400000| Untracked 
|  51|0x0000000088500000, 0x0000000088600000, 0x0000000088600000|100%| O|  |TAMS 0x0000000088600000, 0x0000000088500000| Untracked 
|  52|0x0000000088600000, 0x0000000088700000, 0x0000000088700000|100%| O|  |TAMS 0x0000000088700000, 0x0000000088600000| Untracked 
|  53|0x0000000088700000, 0x0000000088800000, 0x0000000088800000|100%| O|  |TAMS 0x0000000088800000, 0x0000000088700000| Untracked 
|  54|0x0000000088800000, 0x0000000088900000, 0x0000000088900000|100%| O|  |TAMS 0x0000000088900000, 0x0000000088800000| Untracked 
|  55|0x0000000088900000, 0x0000000088a00000, 0x0000000088a00000|100%| O|  |TAMS 0x0000000088a00000, 0x0000000088900000| Untracked 
|  56|0x0000000088a00000, 0x0000000088b00000, 0x0000000088b00000|100%| O|  |TAMS 0x0000000088b00000, 0x0000000088a00000| Untracked 
|  57|0x0000000088b00000, 0x0000000088c00000, 0x0000000088c00000|100%| O|  |TAMS 0x0000000088c00000, 0x0000000088b00000| Untracked 
|  58|0x0000000088c00000, 0x0000000088d00000, 0x0000000088d00000|100%| O|  |TAMS 0x0000000088cf7e00, 0x0000000088c00000| Untracked 
|  59|0x0000000088d00000, 0x0000000088e00000, 0x0000000088e00000|100%|HS|  |TAMS 0x0000000088d00000, 0x0000000088d00000| Complete 
|  60|0x0000000088e00000, 0x0000000088f00000, 0x0000000088f00000|100%|HC|  |TAMS 0x0000000088e00000, 0x0000000088e00000| Complete 
|  61|0x0000000088f00000, 0x0000000089000000, 0x0000000089000000|100%| O|  |TAMS 0x0000000088f00000, 0x0000000088f00000| Untracked 
|  62|0x0000000089000000, 0x0000000089100000, 0x0000000089100000|100%| O|  |TAMS 0x0000000089000000, 0x0000000089000000| Untracked 
|  63|0x0000000089100000, 0x0000000089200000, 0x0000000089200000|100%| O|  |TAMS 0x0000000089100000, 0x0000000089100000| Untracked 
|  64|0x0000000089200000, 0x0000000089300000, 0x0000000089300000|100%| O|  |TAMS 0x0000000089200000, 0x0000000089200000| Untracked 
|  65|0x0000000089300000, 0x0000000089400000, 0x0000000089400000|100%| O|  |TAMS 0x0000000089300000, 0x0000000089300000| Untracked 
|  66|0x0000000089400000, 0x0000000089500000, 0x0000000089500000|100%| O|  |TAMS 0x0000000089400000, 0x0000000089400000| Untracked 
|  67|0x0000000089500000, 0x0000000089600000, 0x0000000089600000|100%| O|  |TAMS 0x0000000089500000, 0x0000000089500000| Untracked 
|  68|0x0000000089600000, 0x0000000089700000, 0x0000000089700000|100%| O|  |TAMS 0x0000000089600000, 0x0000000089600000| Untracked 
|  69|0x0000000089700000, 0x0000000089800000, 0x0000000089800000|100%| O|  |TAMS 0x0000000089700000, 0x0000000089700000| Untracked 
|  70|0x0000000089800000, 0x000000008986b800, 0x0000000089900000| 41%| O|  |TAMS 0x0000000089800000, 0x0000000089800000| Untracked 
|  71|0x0000000089900000, 0x0000000089900000, 0x0000000089a00000|  0%| F|  |TAMS 0x0000000089900000, 0x0000000089900000| Untracked 
|  72|0x0000000089a00000, 0x0000000089a00000, 0x0000000089b00000|  0%| F|  |TAMS 0x0000000089a00000, 0x0000000089a00000| Untracked 
|  73|0x0000000089b00000, 0x0000000089b00000, 0x0000000089c00000|  0%| F|  |TAMS 0x0000000089b00000, 0x0000000089b00000| Untracked 
|  74|0x0000000089c00000, 0x0000000089c00000, 0x0000000089d00000|  0%| F|  |TAMS 0x0000000089c00000, 0x0000000089c00000| Untracked 
|  75|0x0000000089d00000, 0x0000000089d00000, 0x0000000089e00000|  0%| F|  |TAMS 0x0000000089d00000, 0x0000000089d00000| Untracked 
|  76|0x0000000089e00000, 0x0000000089e00000, 0x0000000089f00000|  0%| F|  |TAMS 0x0000000089e00000, 0x0000000089e00000| Untracked 
|  77|0x0000000089f00000, 0x0000000089f00000, 0x000000008a000000|  0%| F|  |TAMS 0x0000000089f00000, 0x0000000089f00000| Untracked 
|  78|0x000000008a000000, 0x000000008a000000, 0x000000008a100000|  0%| F|  |TAMS 0x000000008a000000, 0x000000008a000000| Untracked 
|  79|0x000000008a100000, 0x000000008a100000, 0x000000008a200000|  0%| F|  |TAMS 0x000000008a100000, 0x000000008a100000| Untracked 
|  80|0x000000008a200000, 0x000000008a200000, 0x000000008a300000|  0%| F|  |TAMS 0x000000008a200000, 0x000000008a200000| Untracked 
|  81|0x000000008a300000, 0x000000008a300000, 0x000000008a400000|  0%| F|  |TAMS 0x000000008a300000, 0x000000008a300000| Untracked 
|  82|0x000000008a400000, 0x000000008a400000, 0x000000008a500000|  0%| F|  |TAMS 0x000000008a400000, 0x000000008a400000| Untracked 
|  83|0x000000008a500000, 0x000000008a500000, 0x000000008a600000|  0%| F|  |TAMS 0x000000008a500000, 0x000000008a500000| Untracked 
|  84|0x000000008a600000, 0x000000008a600000, 0x000000008a700000|  0%| F|  |TAMS 0x000000008a600000, 0x000000008a600000| Untracked 
|  85|0x000000008a700000, 0x000000008a700000, 0x000000008a800000|  0%| F|  |TAMS 0x000000008a700000, 0x000000008a700000| Untracked 
|  86|0x000000008a800000, 0x000000008a800000, 0x000000008a900000|  0%| F|  |TAMS 0x000000008a800000, 0x000000008a800000| Untracked 
|  87|0x000000008a900000, 0x000000008a900000, 0x000000008aa00000|  0%| F|  |TAMS 0x000000008a900000, 0x000000008a900000| Untracked 
|  88|0x000000008aa00000, 0x000000008aa00000, 0x000000008ab00000|  0%| F|  |TAMS 0x000000008aa00000, 0x000000008aa00000| Untracked 
|  89|0x000000008ab00000, 0x000000008ab00000, 0x000000008ac00000|  0%| F|  |TAMS 0x000000008ab00000, 0x000000008ab00000| Untracked 
|  90|0x000000008ac00000, 0x000000008ac00000, 0x000000008ad00000|  0%| F|  |TAMS 0x000000008ac00000, 0x000000008ac00000| Untracked 
|  91|0x000000008ad00000, 0x000000008ad00000, 0x000000008ae00000|  0%| F|  |TAMS 0x000000008ad00000, 0x000000008ad00000| Untracked 
|  92|0x000000008ae00000, 0x000000008ae00000, 0x000000008af00000|  0%| F|  |TAMS 0x000000008ae00000, 0x000000008ae00000| Untracked 
|  93|0x000000008af00000, 0x000000008af00000, 0x000000008b000000|  0%| F|  |TAMS 0x000000008af00000, 0x000000008af00000| Untracked 
|  94|0x000000008b000000, 0x000000008b000000, 0x000000008b100000|  0%| F|  |TAMS 0x000000008b000000, 0x000000008b000000| Untracked 
|  95|0x000000008b100000, 0x000000008b100000, 0x000000008b200000|  0%| F|  |TAMS 0x000000008b100000, 0x000000008b100000| Untracked 
|  96|0x000000008b200000, 0x000000008b200000, 0x000000008b300000|  0%| F|  |TAMS 0x000000008b200000, 0x000000008b200000| Untracked 
|  97|0x000000008b300000, 0x000000008b300000, 0x000000008b400000|  0%| F|  |TAMS 0x000000008b300000, 0x000000008b300000| Untracked 
|  98|0x000000008b400000, 0x000000008b400000, 0x000000008b500000|  0%| F|  |TAMS 0x000000008b400000, 0x000000008b400000| Untracked 
|  99|0x000000008b500000, 0x000000008b500000, 0x000000008b600000|  0%| F|  |TAMS 0x000000008b500000, 0x000000008b500000| Untracked 
| 100|0x000000008b600000, 0x000000008b600000, 0x000000008b700000|  0%| F|  |TAMS 0x000000008b600000, 0x000000008b600000| Untracked 
| 101|0x000000008b700000, 0x000000008b700000, 0x000000008b800000|  0%| F|  |TAMS 0x000000008b700000, 0x000000008b700000| Untracked 
| 102|0x000000008b800000, 0x000000008b800000, 0x000000008b900000|  0%| F|  |TAMS 0x000000008b800000, 0x000000008b800000| Untracked 
| 103|0x000000008b900000, 0x000000008b900000, 0x000000008ba00000|  0%| F|  |TAMS 0x000000008b900000, 0x000000008b900000| Untracked 
| 104|0x000000008ba00000, 0x000000008ba00000, 0x000000008bb00000|  0%| F|  |TAMS 0x000000008ba00000, 0x000000008ba00000| Untracked 
| 105|0x000000008bb00000, 0x000000008bb00000, 0x000000008bc00000|  0%| F|  |TAMS 0x000000008bb00000, 0x000000008bb00000| Untracked 
| 106|0x000000008bc00000, 0x000000008bc00000, 0x000000008bd00000|  0%| F|  |TAMS 0x000000008bc00000, 0x000000008bc00000| Untracked 
| 107|0x000000008bd00000, 0x000000008bd00000, 0x000000008be00000|  0%| F|  |TAMS 0x000000008bd00000, 0x000000008bd00000| Untracked 
| 108|0x000000008be00000, 0x000000008be00000, 0x000000008bf00000|  0%| F|  |TAMS 0x000000008be00000, 0x000000008be00000| Untracked 
| 109|0x000000008bf00000, 0x000000008bf00000, 0x000000008c000000|  0%| F|  |TAMS 0x000000008bf00000, 0x000000008bf00000| Untracked 
| 110|0x000000008c000000, 0x000000008c000000, 0x000000008c100000|  0%| F|  |TAMS 0x000000008c000000, 0x000000008c000000| Untracked 
| 111|0x000000008c100000, 0x000000008c100000, 0x000000008c200000|  0%| F|  |TAMS 0x000000008c100000, 0x000000008c100000| Untracked 
| 112|0x000000008c200000, 0x000000008c200000, 0x000000008c300000|  0%| F|  |TAMS 0x000000008c200000, 0x000000008c200000| Untracked 
| 113|0x000000008c300000, 0x000000008c300000, 0x000000008c400000|  0%| F|  |TAMS 0x000000008c300000, 0x000000008c300000| Untracked 
| 114|0x000000008c400000, 0x000000008c400000, 0x000000008c500000|  0%| F|  |TAMS 0x000000008c400000, 0x000000008c400000| Untracked 
| 115|0x000000008c500000, 0x000000008c500000, 0x000000008c600000|  0%| F|  |TAMS 0x000000008c500000, 0x000000008c500000| Untracked 
| 116|0x000000008c600000, 0x000000008c600000, 0x000000008c700000|  0%| F|  |TAMS 0x000000008c600000, 0x000000008c600000| Untracked 
| 117|0x000000008c700000, 0x000000008c700000, 0x000000008c800000|  0%| F|  |TAMS 0x000000008c700000, 0x000000008c700000| Untracked 
| 118|0x000000008c800000, 0x000000008c800000, 0x000000008c900000|  0%| F|  |TAMS 0x000000008c800000, 0x000000008c800000| Untracked 
| 119|0x000000008c900000, 0x000000008c9b4cc0, 0x000000008ca00000| 70%| S|CS|TAMS 0x000000008c900000, 0x000000008c900000| Complete 
| 120|0x000000008ca00000, 0x000000008cb00000, 0x000000008cb00000|100%| S|CS|TAMS 0x000000008ca00000, 0x000000008ca00000| Complete 
| 121|0x000000008cb00000, 0x000000008cc00000, 0x000000008cc00000|100%| S|CS|TAMS 0x000000008cb00000, 0x000000008cb00000| Complete 
| 122|0x000000008cc00000, 0x000000008cd00000, 0x000000008cd00000|100%| S|CS|TAMS 0x000000008cc00000, 0x000000008cc00000| Complete 
| 123|0x000000008cd00000, 0x000000008ce00000, 0x000000008ce00000|100%| S|CS|TAMS 0x000000008cd00000, 0x000000008cd00000| Complete 
| 124|0x000000008ce00000, 0x000000008ce00000, 0x000000008cf00000|  0%| F|  |TAMS 0x000000008ce00000, 0x000000008ce00000| Untracked 
| 125|0x000000008cf00000, 0x000000008cf00000, 0x000000008d000000|  0%| F|  |TAMS 0x000000008cf00000, 0x000000008cf00000| Untracked 
| 126|0x000000008d000000, 0x000000008d000000, 0x000000008d100000|  0%| F|  |TAMS 0x000000008d000000, 0x000000008d000000| Untracked 
| 127|0x000000008d100000, 0x000000008d100000, 0x000000008d200000|  0%| F|  |TAMS 0x000000008d100000, 0x000000008d100000| Untracked 
| 128|0x000000008d200000, 0x000000008d200000, 0x000000008d300000|  0%| F|  |TAMS 0x000000008d200000, 0x000000008d200000| Untracked 
| 129|0x000000008d300000, 0x000000008d300000, 0x000000008d400000|  0%| F|  |TAMS 0x000000008d300000, 0x000000008d300000| Untracked 
| 130|0x000000008d400000, 0x000000008d400000, 0x000000008d500000|  0%| F|  |TAMS 0x000000008d400000, 0x000000008d400000| Untracked 
| 131|0x000000008d500000, 0x000000008d500000, 0x000000008d600000|  0%| F|  |TAMS 0x000000008d500000, 0x000000008d500000| Untracked 
| 132|0x000000008d600000, 0x000000008d600000, 0x000000008d700000|  0%| F|  |TAMS 0x000000008d600000, 0x000000008d600000| Untracked 
| 133|0x000000008d700000, 0x000000008d700000, 0x000000008d800000|  0%| F|  |TAMS 0x000000008d700000, 0x000000008d700000| Untracked 
| 134|0x000000008d800000, 0x000000008d800000, 0x000000008d900000|  0%| F|  |TAMS 0x000000008d800000, 0x000000008d800000| Untracked 
| 135|0x000000008d900000, 0x000000008d900000, 0x000000008da00000|  0%| F|  |TAMS 0x000000008d900000, 0x000000008d900000| Untracked 
| 136|0x000000008da00000, 0x000000008da00000, 0x000000008db00000|  0%| F|  |TAMS 0x000000008da00000, 0x000000008da00000| Untracked 
| 137|0x000000008db00000, 0x000000008db00000, 0x000000008dc00000|  0%| F|  |TAMS 0x000000008db00000, 0x000000008db00000| Untracked 
| 138|0x000000008dc00000, 0x000000008dc00000, 0x000000008dd00000|  0%| F|  |TAMS 0x000000008dc00000, 0x000000008dc00000| Untracked 
| 139|0x000000008dd00000, 0x000000008dd00000, 0x000000008de00000|  0%| F|  |TAMS 0x000000008dd00000, 0x000000008dd00000| Untracked 
| 140|0x000000008de00000, 0x000000008de00000, 0x000000008df00000|  0%| F|  |TAMS 0x000000008de00000, 0x000000008de00000| Untracked 
| 141|0x000000008df00000, 0x000000008df00000, 0x000000008e000000|  0%| F|  |TAMS 0x000000008df00000, 0x000000008df00000| Untracked 
| 142|0x000000008e000000, 0x000000008e000000, 0x000000008e100000|  0%| F|  |TAMS 0x000000008e000000, 0x000000008e000000| Untracked 
| 143|0x000000008e100000, 0x000000008e100000, 0x000000008e200000|  0%| F|  |TAMS 0x000000008e100000, 0x000000008e100000| Untracked 
| 144|0x000000008e200000, 0x000000008e200000, 0x000000008e300000|  0%| F|  |TAMS 0x000000008e200000, 0x000000008e200000| Untracked 
| 145|0x000000008e300000, 0x000000008e300000, 0x000000008e400000|  0%| F|  |TAMS 0x000000008e300000, 0x000000008e300000| Untracked 
| 146|0x000000008e400000, 0x000000008e400000, 0x000000008e500000|  0%| F|  |TAMS 0x000000008e400000, 0x000000008e400000| Untracked 
| 147|0x000000008e500000, 0x000000008e500000, 0x000000008e600000|  0%| F|  |TAMS 0x000000008e500000, 0x000000008e500000| Untracked 
| 148|0x000000008e600000, 0x000000008e600000, 0x000000008e700000|  0%| F|  |TAMS 0x000000008e600000, 0x000000008e600000| Untracked 
| 149|0x000000008e700000, 0x000000008e700000, 0x000000008e800000|  0%| F|  |TAMS 0x000000008e700000, 0x000000008e700000| Untracked 
| 150|0x000000008e800000, 0x000000008e800000, 0x000000008e900000|  0%| F|  |TAMS 0x000000008e800000, 0x000000008e800000| Untracked 
| 151|0x000000008e900000, 0x000000008e900000, 0x000000008ea00000|  0%| F|  |TAMS 0x000000008e900000, 0x000000008e900000| Untracked 
| 152|0x000000008ea00000, 0x000000008ea00000, 0x000000008eb00000|  0%| F|  |TAMS 0x000000008ea00000, 0x000000008ea00000| Untracked 
| 153|0x000000008eb00000, 0x000000008eb00000, 0x000000008ec00000|  0%| F|  |TAMS 0x000000008eb00000, 0x000000008eb00000| Untracked 
| 154|0x000000008ec00000, 0x000000008ec00000, 0x000000008ed00000|  0%| F|  |TAMS 0x000000008ec00000, 0x000000008ec00000| Untracked 
| 155|0x000000008ed00000, 0x000000008ed00000, 0x000000008ee00000|  0%| F|  |TAMS 0x000000008ed00000, 0x000000008ed00000| Untracked 
| 156|0x000000008ee00000, 0x000000008ee00000, 0x000000008ef00000|  0%| F|  |TAMS 0x000000008ee00000, 0x000000008ee00000| Untracked 
| 157|0x000000008ef00000, 0x000000008ef00000, 0x000000008f000000|  0%| F|  |TAMS 0x000000008ef00000, 0x000000008ef00000| Untracked 
| 158|0x000000008f000000, 0x000000008f000000, 0x000000008f100000|  0%| F|  |TAMS 0x000000008f000000, 0x000000008f000000| Untracked 
| 159|0x000000008f100000, 0x000000008f100000, 0x000000008f200000|  0%| F|  |TAMS 0x000000008f100000, 0x000000008f100000| Untracked 
| 160|0x000000008f200000, 0x000000008f200000, 0x000000008f300000|  0%| F|  |TAMS 0x000000008f200000, 0x000000008f200000| Untracked 
| 161|0x000000008f300000, 0x000000008f300000, 0x000000008f400000|  0%| F|  |TAMS 0x000000008f300000, 0x000000008f300000| Untracked 
| 162|0x000000008f400000, 0x000000008f400000, 0x000000008f500000|  0%| F|  |TAMS 0x000000008f400000, 0x000000008f400000| Untracked 
| 163|0x000000008f500000, 0x000000008f500000, 0x000000008f600000|  0%| F|  |TAMS 0x000000008f500000, 0x000000008f500000| Untracked 
| 164|0x000000008f600000, 0x000000008f600000, 0x000000008f700000|  0%| F|  |TAMS 0x000000008f600000, 0x000000008f600000| Untracked 
| 165|0x000000008f700000, 0x000000008f700000, 0x000000008f800000|  0%| F|  |TAMS 0x000000008f700000, 0x000000008f700000| Untracked 
| 166|0x000000008f800000, 0x000000008f800000, 0x000000008f900000|  0%| F|  |TAMS 0x000000008f800000, 0x000000008f800000| Untracked 
| 167|0x000000008f900000, 0x000000008f900000, 0x000000008fa00000|  0%| F|  |TAMS 0x000000008f900000, 0x000000008f900000| Untracked 
| 168|0x000000008fa00000, 0x000000008fa00000, 0x000000008fb00000|  0%| F|  |TAMS 0x000000008fa00000, 0x000000008fa00000| Untracked 
| 169|0x000000008fb00000, 0x000000008fb00000, 0x000000008fc00000|  0%| F|  |TAMS 0x000000008fb00000, 0x000000008fb00000| Untracked 
| 170|0x000000008fc00000, 0x000000008fc00000, 0x000000008fd00000|  0%| F|  |TAMS 0x000000008fc00000, 0x000000008fc00000| Untracked 
| 171|0x000000008fd00000, 0x000000008fd00000, 0x000000008fe00000|  0%| F|  |TAMS 0x000000008fd00000, 0x000000008fd00000| Untracked 
| 172|0x000000008fe00000, 0x000000008fe00000, 0x000000008ff00000|  0%| F|  |TAMS 0x000000008fe00000, 0x000000008fe00000| Untracked 
| 173|0x000000008ff00000, 0x000000008ff00000, 0x0000000090000000|  0%| F|  |TAMS 0x000000008ff00000, 0x000000008ff00000| Untracked 
| 174|0x0000000090000000, 0x0000000090000000, 0x0000000090100000|  0%| F|  |TAMS 0x0000000090000000, 0x0000000090000000| Untracked 
| 175|0x0000000090100000, 0x0000000090100000, 0x0000000090200000|  0%| F|  |TAMS 0x0000000090100000, 0x0000000090100000| Untracked 
| 176|0x0000000090200000, 0x0000000090200000, 0x0000000090300000|  0%| F|  |TAMS 0x0000000090200000, 0x0000000090200000| Untracked 
| 177|0x0000000090300000, 0x0000000090300000, 0x0000000090400000|  0%| F|  |TAMS 0x0000000090300000, 0x0000000090300000| Untracked 

Card table byte_map: [0x0000026a3c000000,0x0000026a3c3e0000] _byte_map_base: 0x0000026a3bbd7000

Marking Bits (Prev, Next): (CMBitMap*) 0x0000026a244fb3c0, (CMBitMap*) 0x0000026a244fb388
 Prev Bits: [0x0000026a3e680000, 0x0000026a40538000)
 Next Bits: [0x0000026a3c7c0000, 0x0000026a3e678000)

Polling page: 0x0000026a23ca0000

Metaspace:

Usage:
  Non-class:     16.50 MB capacity,    16.29 MB ( 99%) used,   175.88 KB (  1%) free+waste,    34.44 KB ( <1%) overhead. 
      Class:      1.75 MB capacity,     1.63 MB ( 93%) used,   106.26 KB (  6%) free+waste,    13.50 KB ( <1%) overhead. 
       Both:     18.25 MB capacity,    17.92 MB ( 98%) used,   282.13 KB (  2%) free+waste,    47.94 KB ( <1%) overhead. 

Virtual space:
  Non-class space:       18.00 MB reserved,      16.50 MB ( 92%) committed 
      Class space:        1.00 GB reserved,       1.75 MB ( <1%) committed 
             Both:        1.02 GB reserved,      18.25 MB (  2%) committed 

Chunk freelists:
   Non-Class:  1.00 KB
       Class:  3.00 KB
        Both:  4.00 KB

MaxMetaspaceSize: 17179869184.00 GB
CompressedClassSpaceSize: 1.00 GB
Initial GC threshold: 20.80 MB
Current GC threshold: 27.09 MB
CDS: off

CodeHeap 'non-profiled nmethods': size=120064Kb used=1681Kb max_used=1681Kb free=118383Kb
 bounds [0x0000026a346e0000, 0x0000026a34950000, 0x0000026a3bc20000]
CodeHeap 'profiled nmethods': size=120000Kb used=10041Kb max_used=10041Kb free=109958Kb
 bounds [0x0000026a2d1b0000, 0x0000026a2db80000, 0x0000026a346e0000]
CodeHeap 'non-nmethods': size=5696Kb used=1152Kb max_used=1187Kb free=4543Kb
 bounds [0x0000026a2cc20000, 0x0000026a2ce90000, 0x0000026a2d1b0000]
 total_blobs=4492 nmethods=4086 adapters=318
 compilation: enabled
              stopped_count=0, restarted_count=0
 full_count=0

Compilation events (20 events):
Event: 10.993 Thread 0x0000026a42a09000 nmethod 4124 0x0000026a34877b90 code [0x0000026a34878000, 0x0000026a3487a760]
Event: 10.994 Thread 0x0000026a42a09000 4109       4       com.sun.tools.javac.util.List::map (83 bytes)
Event: 10.999 Thread 0x0000026a42a0f800 4242       2       com.sun.tools.javac.comp.Todo::size (8 bytes)
Event: 10.999 Thread 0x0000026a42a0f800 nmethod 4242 0x0000026a2db79f90 code [0x0000026a2db7a140, 0x0000026a2db7a238]
Event: 11.001 Thread 0x0000026a42a0f800 4243   !   2       com.sun.tools.javac.comp.Flow$AssignAnalyzer::analyzeTree (353 bytes)
Event: 11.003 Thread 0x0000026a42a0f800 nmethod 4243 0x0000026a2db7a310 code [0x0000026a2db7a600, 0x0000026a2db7bd68]
Event: 11.007 Thread 0x0000026a42a0f800 4245       2       com.sun.tools.javac.tree.TreeMaker::MethodDef (79 bytes)
Event: 11.008 Thread 0x0000026a42a0f800 nmethod 4245 0x0000026a2db7c610 code [0x0000026a2db7c860, 0x0000026a2db7cd08]
Event: 11.030 Thread 0x0000026a42a0f800 4246       2       com.sun.tools.javac.jvm.ClassReader::sigToTypeParam (214 bytes)
Event: 11.030 Thread 0x0000026a42a09000 nmethod 4109 0x0000026a3487e690 code [0x0000026a3487e8a0, 0x0000026a3487f678]
Event: 11.030 Thread 0x0000026a42a09000 4209       4       java.util.WeakHashMap::get (77 bytes)
Event: 11.031 Thread 0x0000026a42a0f800 nmethod 4246 0x0000026a2db7d010 code [0x0000026a2db7d260, 0x0000026a2db7d8e8]
Event: 11.072 Thread 0x0000026a42a09000 nmethod 4209 0x0000026a3487fd10 code [0x0000026a3487ff20, 0x0000026a34881550]
Event: 11.072 Thread 0x0000026a42a09000 4247       4       com.sun.tools.javac.code.Types::containsTypeEquivalent (68 bytes)
Event: 11.080 Thread 0x0000026a42a09000 nmethod 4247 0x0000026a34881c90 code [0x0000026a34881e60, 0x0000026a348821d8]
Event: 11.080 Thread 0x0000026a42a09000 4041       4       com.sun.tools.javac.code.Types::rank (269 bytes)
Event: 11.107 Thread 0x0000026a42a09000 nmethod 4041 0x0000026a34882610 code [0x0000026a348828e0, 0x0000026a34883660]
Event: 11.107 Thread 0x0000026a42a09000 4162   !   4       com.sun.tools.javac.code.Types$MembersClosureCache::visitClassType (216 bytes)
Event: 11.197 Thread 0x0000026a42a0f800 4251       2       sun.nio.fs.WindowsPath::getParent (74 bytes)
Event: 11.198 Thread 0x0000026a42a0f800 nmethod 4251 0x0000026a2db7dd10 code [0x0000026a2db7df20, 0x0000026a2db7e3b8]

GC Heap History (20 events):
Event: 4.283 GC heap after
{Heap after GC invocations=42 (full 0):
 garbage-first heap   total 55296K, used 31172K [0x0000000085200000, 0x0000000100000000)
  region size 1024K, 2 young (2048K), 2 survivors (2048K)
 Metaspace       used 15017K, capacity 15334K, committed 15488K, reserved 1062912K
  class space    used 1494K, capacity 1604K, committed 1664K, reserved 1048576K
}
Event: 4.675 GC heap before
{Heap before GC invocations=42 (full 0):
 garbage-first heap   total 55296K, used 37316K [0x0000000085200000, 0x0000000100000000)
  region size 1024K, 9 young (9216K), 2 survivors (2048K)
 Metaspace       used 15220K, capacity 15541K, committed 15744K, reserved 1062912K
  class space    used 1506K, capacity 1609K, committed 1664K, reserved 1048576K
}
Event: 4.681 GC heap after
{Heap after GC invocations=43 (full 0):
 garbage-first heap   total 55296K, used 32852K [0x0000000085200000, 0x0000000100000000)
  region size 1024K, 2 young (2048K), 2 survivors (2048K)
 Metaspace       used 15220K, capacity 15541K, committed 15744K, reserved 1062912K
  class space    used 1506K, capacity 1609K, committed 1664K, reserved 1048576K
}
Event: 5.046 GC heap before
{Heap before GC invocations=44 (full 0):
 garbage-first heap   total 55296K, used 37972K [0x0000000085200000, 0x0000000100000000)
  region size 1024K, 8 young (8192K), 2 survivors (2048K)
 Metaspace       used 15449K, capacity 15716K, committed 15744K, reserved 1062912K
  class space    used 1525K, capacity 1646K, committed 1664K, reserved 1048576K
}
Event: 5.053 GC heap after
{Heap after GC invocations=45 (full 0):
 garbage-first heap   total 91136K, used 34514K [0x0000000085200000, 0x0000000100000000)
  region size 1024K, 2 young (2048K), 2 survivors (2048K)
 Metaspace       used 15449K, capacity 15716K, committed 15744K, reserved 1062912K
  class space    used 1525K, capacity 1646K, committed 1664K, reserved 1048576K
}
Event: 5.377 GC heap before
{Heap before GC invocations=46 (full 0):
 garbage-first heap   total 91136K, used 53970K [0x0000000085200000, 0x0000000100000000)
  region size 1024K, 20 young (20480K), 2 survivors (2048K)
 Metaspace       used 15953K, capacity 16259K, committed 16384K, reserved 1064960K
  class space    used 1563K, capacity 1696K, committed 1792K, reserved 1048576K
}
Event: 5.411 GC heap after
{Heap after GC invocations=47 (full 0):
 garbage-first heap   total 91136K, used 45871K [0x0000000085200000, 0x0000000100000000)
  region size 1024K, 3 young (3072K), 3 survivors (3072K)
 Metaspace       used 15953K, capacity 16259K, committed 16384K, reserved 1064960K
  class space    used 1563K, capacity 1696K, committed 1792K, reserved 1048576K
}
Event: 5.479 GC heap before
{Heap before GC invocations=47 (full 0):
 garbage-first heap   total 91136K, used 60207K [0x0000000085200000, 0x0000000100000000)
  region size 1024K, 17 young (17408K), 3 survivors (3072K)
 Metaspace       used 16015K, capacity 16331K, committed 16640K, reserved 1064960K
  class space    used 1565K, capacity 1699K, committed 1792K, reserved 1048576K
}
Event: 5.517 GC heap after
{Heap after GC invocations=48 (full 0):
 garbage-first heap   total 91136K, used 57344K [0x0000000085200000, 0x0000000100000000)
  region size 1024K, 3 young (3072K), 3 survivors (3072K)
 Metaspace       used 16015K, capacity 16331K, committed 16640K, reserved 1064960K
  class space    used 1565K, capacity 1699K, committed 1792K, reserved 1048576K
}
Event: 5.949 GC heap before
{Heap before GC invocations=49 (full 0):
 garbage-first heap   total 91136K, used 66560K [0x0000000085200000, 0x0000000100000000)
  region size 1024K, 12 young (12288K), 3 survivors (3072K)
 Metaspace       used 16218K, capacity 16528K, committed 16640K, reserved 1064960K
  class space    used 1569K, capacity 1699K, committed 1792K, reserved 1048576K
}
Event: 5.969 GC heap after
{Heap after GC invocations=50 (full 0):
 garbage-first heap   total 91136K, used 60416K [0x0000000085200000, 0x0000000100000000)
  region size 1024K, 2 young (2048K), 2 survivors (2048K)
 Metaspace       used 16218K, capacity 16528K, committed 16640K, reserved 1064960K
  class space    used 1569K, capacity 1699K, committed 1792K, reserved 1048576K
}
Event: 6.001 GC heap before
{Heap before GC invocations=50 (full 0):
 garbage-first heap   total 91136K, used 61440K [0x0000000085200000, 0x0000000100000000)
  region size 1024K, 4 young (4096K), 2 survivors (2048K)
 Metaspace       used 16238K, capacity 16532K, committed 16640K, reserved 1064960K
  class space    used 1569K, capacity 1699K, committed 1792K, reserved 1048576K
}
Event: 6.014 GC heap after
{Heap after GC invocations=51 (full 0):
 garbage-first heap   total 182272K, used 61035K [0x0000000085200000, 0x0000000100000000)
  region size 1024K, 1 young (1024K), 1 survivors (1024K)
 Metaspace       used 16238K, capacity 16532K, committed 16640K, reserved 1064960K
  class space    used 1569K, capacity 1699K, committed 1792K, reserved 1048576K
}
Event: 6.569 GC heap before
{Heap before GC invocations=52 (full 0):
 garbage-first heap   total 182272K, used 98923K [0x0000000085200000, 0x0000000100000000)
  region size 1024K, 36 young (36864K), 1 survivors (1024K)
 Metaspace       used 16412K, capacity 16738K, committed 16896K, reserved 1064960K
  class space    used 1574K, capacity 1700K, committed 1792K, reserved 1048576K
}
Event: 6.591 GC heap after
{Heap after GC invocations=53 (full 0):
 garbage-first heap   total 182272K, used 68385K [0x0000000085200000, 0x0000000100000000)
  region size 1024K, 5 young (5120K), 5 survivors (5120K)
 Metaspace       used 16412K, capacity 16738K, committed 16896K, reserved 1064960K
  class space    used 1574K, capacity 1700K, committed 1792K, reserved 1048576K
}
Event: 9.584 GC heap before
{Heap before GC invocations=53 (full 0):
 garbage-first heap   total 182272K, used 110369K [0x0000000085200000, 0x0000000100000000)
  region size 1024K, 46 young (47104K), 5 survivors (5120K)
 Metaspace       used 18104K, capacity 18420K, committed 18432K, reserved 1067008K
  class space    used 1668K, capacity 1789K, committed 1792K, reserved 1048576K
}
Event: 9.605 GC heap after
{Heap after GC invocations=54 (full 0):
 garbage-first heap   total 182272K, used 72075K [0x0000000085200000, 0x0000000100000000)
  region size 1024K, 4 young (4096K), 4 survivors (4096K)
 Metaspace       used 18104K, capacity 18420K, committed 18432K, reserved 1067008K
  class space    used 1668K, capacity 1789K, committed 1792K, reserved 1048576K
}
Event: 10.229 GC heap before
{Heap before GC invocations=54 (full 0):
 garbage-first heap   total 182272K, used 117131K [0x0000000085200000, 0x0000000100000000)
  region size 1024K, 48 young (49152K), 4 survivors (4096K)
 Metaspace       used 18240K, capacity 18550K, committed 18688K, reserved 1067008K
  class space    used 1669K, capacity 1789K, committed 1792K, reserved 1048576K
}
Event: 10.246 GC heap after
{Heap after GC invocations=55 (full 0):
 garbage-first heap   total 182272K, used 74816K [0x0000000085200000, 0x0000000100000000)
  region size 1024K, 3 young (3072K), 3 survivors (3072K)
 Metaspace       used 18240K, capacity 18550K, committed 18688K, reserved 1067008K
  class space    used 1669K, capacity 1789K, committed 1792K, reserved 1048576K
}
Event: 11.201 GC heap before
{Heap before GC invocations=55 (full 0):
 garbage-first heap   total 182272K, used 127040K [0x0000000085200000, 0x0000000100000000)
  region size 1024K, 54 young (55296K), 3 survivors (3072K)
 Metaspace       used 18353K, capacity 18684K, committed 18688K, reserved 1067008K
  class space    used 1669K, capacity 1789K, committed 1792K, reserved 1048576K
}

Deoptimization events (20 events):
Event: 10.053 Thread 0x0000026a244be800 DEOPT PACKING pc=0x0000026a34852ac0 sp=0x0000009b8f0fe580
Event: 10.053 Thread 0x0000026a244be800 DEOPT UNPACKING pc=0x0000026a2cc6a1af sp=0x0000009b8f0fe4b8 mode 2
Event: 10.053 Thread 0x0000026a244be800 Uncommon trap: trap_request=0xffffffc6 fr.pc=0x0000026a34852ac0 relative=0x00000000000001c0
Event: 10.053 Thread 0x0000026a244be800 Uncommon trap: reason=bimorphic_or_optimized_type_check action=maybe_recompile pc=0x0000026a34852ac0 method=com.sun.tools.javac.code.Types$5.visitType(Lcom/sun/tools/javac/code/Type;Lcom/sun/tools/javac/code/Type;)Ljava/lang/Boolean; @ 14 c2
Event: 10.053 Thread 0x0000026a244be800 DEOPT PACKING pc=0x0000026a34852ac0 sp=0x0000009b8f0fe650
Event: 10.053 Thread 0x0000026a244be800 DEOPT UNPACKING pc=0x0000026a2cc6a1af sp=0x0000009b8f0fe588 mode 2
Event: 10.053 Thread 0x0000026a244be800 Uncommon trap: trap_request=0xffffffc6 fr.pc=0x0000026a34852ac0 relative=0x00000000000001c0
Event: 10.053 Thread 0x0000026a244be800 Uncommon trap: reason=bimorphic_or_optimized_type_check action=maybe_recompile pc=0x0000026a34852ac0 method=com.sun.tools.javac.code.Types$5.visitType(Lcom/sun/tools/javac/code/Type;Lcom/sun/tools/javac/code/Type;)Ljava/lang/Boolean; @ 14 c2
Event: 10.053 Thread 0x0000026a244be800 DEOPT PACKING pc=0x0000026a34852ac0 sp=0x0000009b8f0fe580
Event: 10.053 Thread 0x0000026a244be800 DEOPT UNPACKING pc=0x0000026a2cc6a1af sp=0x0000009b8f0fe4b8 mode 2
Event: 10.158 Thread 0x0000026a244be800 DEOPT PACKING pc=0x0000026a2da2608c sp=0x0000009b8f0fec50
Event: 10.158 Thread 0x0000026a244be800 DEOPT UNPACKING pc=0x0000026a2cc6a95e sp=0x0000009b8f0fe168 mode 0
Event: 10.344 Thread 0x0000026a244be800 Uncommon trap: trap_request=0xffffff4d fr.pc=0x0000026a3486810c relative=0x00000000000000cc
Event: 10.344 Thread 0x0000026a244be800 Uncommon trap: reason=unstable_if action=reinterpret pc=0x0000026a3486810c method=com.sun.tools.javac.comp.Lower.boxIfNeeded(Lcom/sun/tools/javac/tree/JCTree$JCExpression;Lcom/sun/tools/javac/code/Type;)Lcom/sun/tools/javac/tree/JCTree$JCExpression; @ 13 
Event: 10.344 Thread 0x0000026a244be800 DEOPT PACKING pc=0x0000026a3486810c sp=0x0000009b8f0fdfc0
Event: 10.344 Thread 0x0000026a244be800 DEOPT UNPACKING pc=0x0000026a2cc6a1af sp=0x0000009b8f0fdf40 mode 2
Event: 10.531 Thread 0x0000026a244be800 Uncommon trap: trap_request=0xffffffc6 fr.pc=0x0000026a34829034 relative=0x0000000000000674
Event: 10.532 Thread 0x0000026a244be800 Uncommon trap: reason=bimorphic_or_optimized_type_check action=maybe_recompile pc=0x0000026a34829034 method=com.sun.tools.javac.code.Type$ClassType.isErroneous()Z @ 1 c2
Event: 10.532 Thread 0x0000026a244be800 DEOPT PACKING pc=0x0000026a34829034 sp=0x0000009b8f0fe650
Event: 10.532 Thread 0x0000026a244be800 DEOPT UNPACKING pc=0x0000026a2cc6a1af sp=0x0000009b8f0fe618 mode 2

Classes redefined (0 events):
No events

Internal exceptions (20 events):
Event: 10.574 Thread 0x0000026a244be800 Exception <a 'sun/nio/fs/WindowsException'{0x000000008e841a48}> (0x000000008e841a48) thrown at [./src/hotspot/share/prims/jni.cpp, line 617]
Event: 10.603 Thread 0x0000026a244be800 Exception <a 'sun/nio/fs/WindowsException'{0x000000008e40dea0}> (0x000000008e40dea0) thrown at [./src/hotspot/share/prims/jni.cpp, line 617]
Event: 10.607 Thread 0x0000026a244be800 Exception <a 'sun/nio/fs/WindowsException'{0x000000008e41a798}> (0x000000008e41a798) thrown at [./src/hotspot/share/prims/jni.cpp, line 617]
Event: 10.622 Thread 0x0000026a244be800 Exception <a 'sun/nio/fs/WindowsException'{0x000000008e3c4b38}> (0x000000008e3c4b38) thrown at [./src/hotspot/share/prims/jni.cpp, line 617]
Event: 10.642 Thread 0x0000026a244be800 Exception <a 'sun/nio/fs/WindowsException'{0x000000008e13ec00}> (0x000000008e13ec00) thrown at [./src/hotspot/share/prims/jni.cpp, line 617]
Event: 10.662 Thread 0x0000026a244be800 Exception <a 'sun/nio/fs/WindowsException'{0x000000008e075060}> (0x000000008e075060) thrown at [./src/hotspot/share/prims/jni.cpp, line 617]
Event: 10.681 Thread 0x0000026a244be800 Exception <a 'sun/nio/fs/WindowsException'{0x000000008dfeee40}> (0x000000008dfeee40) thrown at [./src/hotspot/share/prims/jni.cpp, line 617]
Event: 10.696 Thread 0x0000026a244be800 Exception <a 'sun/nio/fs/WindowsException'{0x000000008dd98190}> (0x000000008dd98190) thrown at [./src/hotspot/share/prims/jni.cpp, line 617]
Event: 10.711 Thread 0x0000026a244be800 Exception <a 'sun/nio/fs/WindowsException'{0x000000008db862c0}> (0x000000008db862c0) thrown at [./src/hotspot/share/prims/jni.cpp, line 617]
Event: 10.757 Thread 0x0000026a244be800 Exception <a 'sun/nio/fs/WindowsException'{0x000000008daf04c0}> (0x000000008daf04c0) thrown at [./src/hotspot/share/prims/jni.cpp, line 617]
Event: 10.773 Thread 0x0000026a244be800 Exception <a 'sun/nio/fs/WindowsException'{0x000000008d86b110}> (0x000000008d86b110) thrown at [./src/hotspot/share/prims/jni.cpp, line 617]
Event: 10.828 Thread 0x0000026a244be800 Exception <a 'sun/nio/fs/WindowsException'{0x000000008d5c5460}> (0x000000008d5c5460) thrown at [./src/hotspot/share/prims/jni.cpp, line 617]
Event: 10.878 Thread 0x0000026a244be800 Exception <a 'sun/nio/fs/WindowsException'{0x000000008d5f6090}> (0x000000008d5f6090) thrown at [./src/hotspot/share/prims/jni.cpp, line 617]
Event: 10.901 Thread 0x0000026a244be800 Exception <a 'sun/nio/fs/WindowsException'{0x000000008d432bc8}> (0x000000008d432bc8) thrown at [./src/hotspot/share/prims/jni.cpp, line 617]
Event: 10.956 Thread 0x0000026a244be800 Exception <a 'sun/nio/fs/WindowsException'{0x000000008d462de0}> (0x000000008d462de0) thrown at [./src/hotspot/share/prims/jni.cpp, line 617]
Event: 11.008 Thread 0x0000026a244be800 Exception <a 'sun/nio/fs/WindowsException'{0x000000008d4b2e80}> (0x000000008d4b2e80) thrown at [./src/hotspot/share/prims/jni.cpp, line 617]
Event: 11.065 Thread 0x0000026a244be800 Exception <a 'sun/nio/fs/WindowsException'{0x000000008d07a340}> (0x000000008d07a340) thrown at [./src/hotspot/share/prims/jni.cpp, line 617]
Event: 11.108 Thread 0x0000026a244be800 Exception <a 'sun/nio/fs/WindowsException'{0x000000008cf5f4c0}> (0x000000008cf5f4c0) thrown at [./src/hotspot/share/prims/jni.cpp, line 617]
Event: 11.143 Thread 0x0000026a244be800 Exception <a 'sun/nio/fs/WindowsException'{0x000000008ce05330}> (0x000000008ce05330) thrown at [./src/hotspot/share/prims/jni.cpp, line 617]
Event: 11.197 Thread 0x0000026a244be800 Exception <a 'sun/nio/fs/WindowsException'{0x000000008ceef530}> (0x000000008ceef530) thrown at [./src/hotspot/share/prims/jni.cpp, line 617]

Events (20 events):
Event: 7.678 Executing VM operation: ICBufferFull
Event: 7.678 Executing VM operation: ICBufferFull done
Event: 8.178 Executing VM operation: ICBufferFull
Event: 8.178 Executing VM operation: ICBufferFull done
Event: 8.760 Executing VM operation: ICBufferFull
Event: 8.761 Executing VM operation: ICBufferFull done
Event: 9.133 Loaded shared library C:\Program Files\Microsoft\jdk-11.0.15.10-hotspot\bin\nio.dll
Event: 9.351 Executing VM operation: ICBufferFull
Event: 9.351 Executing VM operation: ICBufferFull done
Event: 9.459 Executing VM operation: ICBufferFull
Event: 9.459 Executing VM operation: ICBufferFull done
Event: 9.584 Executing VM operation: G1CollectForAllocation
Event: 9.605 Executing VM operation: G1CollectForAllocation done
Event: 9.995 Executing VM operation: ICBufferFull
Event: 9.996 Executing VM operation: ICBufferFull done
Event: 10.229 Executing VM operation: G1CollectForAllocation
Event: 10.246 Executing VM operation: G1CollectForAllocation done
Event: 10.397 Executing VM operation: ICBufferFull
Event: 10.397 Executing VM operation: ICBufferFull done
Event: 11.200 Executing VM operation: G1CollectForAllocation


Dynamic libraries:
0x00007ff6a3150000 - 0x00007ff6a3157000 	C:\Program Files\Microsoft\jdk-11.0.15.10-hotspot\bin\javac.exe
0x00007ffad87f0000 - 0x00007ffad89e7000 	C:\WINDOWS\SYSTEM32\ntdll.dll
0x00007ffad7d90000 - 0x00007ffad7e4d000 	C:\WINDOWS\System32\KERNEL32.DLL
0x00007ffad64c0000 - 0x00007ffad678d000 	C:\WINDOWS\System32\KERNELBASE.dll
0x00007ffad6200000 - 0x00007ffad6300000 	C:\WINDOWS\System32\ucrtbase.dll
0x00007ffaa4c10000 - 0x00007ffaa4c27000 	C:\Program Files\Microsoft\jdk-11.0.15.10-hotspot\bin\jli.dll
0x00007ffa8c270000 - 0x00007ffa8c285000 	C:\Program Files\Microsoft\jdk-11.0.15.10-hotspot\bin\VCRUNTIME140.dll
0x00007ffad7bf0000 - 0x00007ffad7d90000 	C:\WINDOWS\System32\USER32.dll
0x00007ffad6820000 - 0x00007ffad6842000 	C:\WINDOWS\System32\win32u.dll
0x00007ffac3900000 - 0x00007ffac3b9a000 	C:\WINDOWS\WinSxS\amd64_microsoft.windows.common-controls_6595b64144ccf1df_6.0.19041.1110_none_60b5254171f9507e\COMCTL32.dll
0x00007ffad6cb0000 - 0x00007ffad6cda000 	C:\WINDOWS\System32\GDI32.dll
0x00007ffad7380000 - 0x00007ffad741e000 	C:\WINDOWS\System32\msvcrt.dll
0x00007ffad63b0000 - 0x00007ffad64bb000 	C:\WINDOWS\System32\gdi32full.dll
0x00007ffad5f10000 - 0x00007ffad5fad000 	C:\WINDOWS\System32\msvcp_win.dll
0x00007ffad6a30000 - 0x00007ffad6a60000 	C:\WINDOWS\System32\IMM32.DLL
0x00007ffa72ee0000 - 0x00007ffa72f7b000 	C:\Program Files\Microsoft\jdk-11.0.15.10-hotspot\bin\msvcp140.dll
0x00007ffa62aa0000 - 0x00007ffa63629000 	C:\Program Files\Microsoft\jdk-11.0.15.10-hotspot\bin\server\jvm.dll
0x00007ffad7b40000 - 0x00007ffad7bee000 	C:\WINDOWS\System32\ADVAPI32.dll
0x00007ffad6c10000 - 0x00007ffad6cac000 	C:\WINDOWS\System32\sechost.dll
0x00007ffad6850000 - 0x00007ffad6975000 	C:\WINDOWS\System32\RPCRT4.dll
0x00007ffad6d90000 - 0x00007ffad6d98000 	C:\WINDOWS\System32\PSAPI.DLL
0x00007ffac3050000 - 0x00007ffac3059000 	C:\WINDOWS\SYSTEM32\WSOCK32.dll
0x00007ffad7420000 - 0x00007ffad748b000 	C:\WINDOWS\System32\WS2_32.dll
0x00007ffac5b30000 - 0x00007ffac5b57000 	C:\WINDOWS\SYSTEM32\WINMM.dll
0x00007ffac7c50000 - 0x00007ffac7c5a000 	C:\WINDOWS\SYSTEM32\VERSION.dll
0x00007ffad4760000 - 0x00007ffad4772000 	C:\WINDOWS\SYSTEM32\kernel.appcore.dll
0x00007ffaab310000 - 0x00007ffaab320000 	C:\Program Files\Microsoft\jdk-11.0.15.10-hotspot\bin\verify.dll
0x00007ffac7d80000 - 0x00007ffac7f64000 	C:\WINDOWS\SYSTEM32\DBGHELP.DLL
0x00007ffac0e70000 - 0x00007ffac0e9c000 	C:\WINDOWS\SYSTEM32\dbgcore.DLL
0x00007ffad6790000 - 0x00007ffad6812000 	C:\WINDOWS\System32\bcryptPrimitives.dll
0x00007ffa7f720000 - 0x00007ffa7f748000 	C:\Program Files\Microsoft\jdk-11.0.15.10-hotspot\bin\java.dll
0x00007ffaab290000 - 0x00007ffaab29a000 	C:\Program Files\Microsoft\jdk-11.0.15.10-hotspot\bin\jimage.dll
0x00007ffa88f60000 - 0x00007ffa88f78000 	C:\Program Files\Microsoft\jdk-11.0.15.10-hotspot\bin\zip.dll
0x00007ffad7e50000 - 0x00007ffad8594000 	C:\WINDOWS\System32\SHELL32.dll
0x00007ffad3ee0000 - 0x00007ffad4674000 	C:\WINDOWS\SYSTEM32\windows.storage.dll
0x00007ffad7020000 - 0x00007ffad7374000 	C:\WINDOWS\System32\combase.dll
0x00007ffad57c0000 - 0x00007ffad57ec000 	C:\WINDOWS\SYSTEM32\Wldp.dll
0x00007ffad6980000 - 0x00007ffad6a2d000 	C:\WINDOWS\System32\SHCORE.dll
0x00007ffad85a0000 - 0x00007ffad85f5000 	C:\WINDOWS\System32\shlwapi.dll
0x00007ffad5e50000 - 0x00007ffad5e6f000 	C:\WINDOWS\SYSTEM32\profapi.dll
0x00007ffa853a0000 - 0x00007ffa853b9000 	C:\Program Files\Microsoft\jdk-11.0.15.10-hotspot\bin\net.dll
0x00007ffacc610000 - 0x00007ffacc71a000 	C:\WINDOWS\SYSTEM32\WINHTTP.dll
0x00007ffad55a0000 - 0x00007ffad560a000 	C:\WINDOWS\system32\mswsock.dll
0x00007ffa836e0000 - 0x00007ffa836f3000 	C:\Program Files\Microsoft\jdk-11.0.15.10-hotspot\bin\nio.dll

dbghelp: loaded successfully - version: 4.0.5 - missing functions: none
symbol engine: initialized successfully - sym options: 0x614 - pdb path: .;C:\Program Files\Microsoft\jdk-11.0.15.10-hotspot\bin;C:\WINDOWS\SYSTEM32;C:\WINDOWS\WinSxS\amd64_microsoft.windows.common-controls_6595b64144ccf1df_6.0.19041.1110_none_60b5254171f9507e;C:\Program Files\Microsoft\jdk-11.0.15.10-hotspot\bin\server

VM Arguments:
jvm_args: -Dapplication.home=C:\Program Files\Microsoft\jdk-11.0.15.10-hotspot --add-modules=ALL-DEFAULT -Xms8m -Dfile.encoding=UTF8 -Djdk.module.main=jdk.compiler 
java_command: jdk.compiler/com.sun.tools.javac.Main @C:\Users\admin\AppData\Local\Temp\tmpC2D2.tmp -target 1.8 -source 1.8
java_class_path (initial): <not set>
Launcher Type: SUN_STANDARD

[Global flags]
     intx CICompilerCount                          = 3                                         {product} {ergonomic}
     uint ConcGCThreads                            = 1                                         {product} {ergonomic}
     uint G1ConcRefinementThreads                  = 4                                         {product} {ergonomic}
   size_t G1HeapRegionSize                         = 1048576                                   {product} {ergonomic}
    uintx GCDrainStackTargetSize                   = 64                                        {product} {ergonomic}
   size_t InitialHeapSize                          = 8388608                                   {product} {command line}
   size_t MarkStackSize                            = 4194304                                   {product} {ergonomic}
   size_t MaxHeapSize                              = 2061500416                                {product} {ergonomic}
   size_t MaxNewSize                               = 1236271104                                {product} {ergonomic}
   size_t MinHeapDeltaBytes                        = 1048576                                   {product} {ergonomic}
    uintx NonNMethodCodeHeapSize                   = 5830732                                {pd product} {ergonomic}
    uintx NonProfiledCodeHeapSize                  = 122913754                              {pd product} {ergonomic}
    uintx ProfiledCodeHeapSize                     = 122913754                              {pd product} {ergonomic}
    uintx ReservedCodeCacheSize                    = 251658240                              {pd product} {ergonomic}
     bool SegmentedCodeCache                       = true                                      {product} {ergonomic}
     bool UseCompressedClassPointers               = true                                 {lp64_product} {ergonomic}
     bool UseCompressedOops                        = true                                 {lp64_product} {ergonomic}
     bool UseG1GC                                  = true                                      {product} {ergonomic}
     bool UseLargePagesIndividualAllocation        = false                                  {pd product} {ergonomic}

Logging:
Log output configuration:
 #0: stdout all=warning uptime,level,tags
 #1: stderr all=off uptime,level,tags

Environment Variables:
JAVA_HOME=C:\Program Files\Microsoft\jdk-11.0.15.10-hotspot
PATH=C:\Program Files\Microsoft\jdk-11.0.15.10-hotspot\bin;C:\Program Files\Microsoft\jdk-17.0.3.7-hotspot\bin;C:\Program Files\Eclipse Foundation\jdk-8.0.302.8-hotspot\bin;C:\Program Files\Common Files\Oracle\Java\javapath;C:\Program Files (x86)\NVIDIA Corporation\PhysX\Common;C:\ProgramData\Oracle\Java\javapath;C:\WINDOWS\system32;C:\WINDOWS;C:\WINDOWS\System32\Wbem;C:\WINDOWS\System32\WindowsPowerShell\v1.0\;C:\Program Files (x86)\Skype\Phone\;C:\Program Files\WIDCOMM\Bluetooth Software\;C:\Program Files\WIDCOMM\Bluetooth Software\syswow64;C:\WINDOWS\System32\OpenSSH\;C:\Program Files\Git\cmd;C:\Program Files\Notepad++;C:\Program Files\Microsoft VS Code\bin;C:\Program Files (x86)\nodejs\;C:\Program Files\apache-maven-3.8.5-bin\apache-maven-3.8.5\bin;C:\Program Files\apache-maven-3.8.5-bin\apache-maven-3.8.5\bin;C:\Program Files\Java\jdk-18.0.1\bin;C:\Program Files\dotnet\;C:\Program Files\MySQL\MySQL Shell 8.0\bin\;C:\Users\admin\AppData\Local\Microsoft\WindowsApps;C:\Program Files\Intel\WiFi\bin\;C:\Program Files\Common Files\Intel\WirelessCommon\;C:\Users\admin\AppData\Roaming\npm;C:\Program Files\heroku\bin;C:\ProgramData\admin\GitHubDesktop\bin;C:\Users\admin\AppData\Local\GitHubDesktop\bin;C:\Program Files\apache-maven-3.8.5-bin\apache-maven-3.8.5\bin;;C:\Program Files\JetBrains\IntelliJ IDEA 2022.1\bin;;C:\Users\admin\.dotnet\tools
USERNAME=admin
OS=Windows_NT
PROCESSOR_IDENTIFIER=Intel64 Family 6 Model 78 Stepping 3, GenuineIntel



---------------  S Y S T E M  ---------------

OS: Windows 10 , 64 bit Build 19041 (10.0.19041.1741)
OS uptime: 2 days 17:32 hours
Hyper-V role detected

CPU:total 4 (initial active 4) (2 cores per cpu, 2 threads per core) family 6 model 78 stepping 3 microcode 0xec, cmov, cx8, fxsr, mmx, sse, sse2, sse3, ssse3, sse4.1, sse4.2, popcnt, avx, avx2, aes, clmul, erms, rtm, 3dnowpref, lzcnt, ht, tsc, tscinvbit, bmi1, bmi2, adx, fma

Memory: 4k page, system-wide physical 7862M (305M free)
TotalPageFile size 11862M (AvailPageFile size 16M)
current process WorkingSet (physical memory assigned to process): 241M, peak: 241M
current process commit charge ("private bytes"): 302M, peak: 365M

vm_info: OpenJDK 64-Bit Server VM (11.0.15+10-LTS) for windows-amd64 JRE (11.0.15+10-LTS), built on Apr 20 2022 04:12:07 by "" with unknown MS VC++:1916

END.
